[ 2016-06-17T23:42:03+08:00 ] 192.168.1.104 /abc/hongyi/Fun/
INFO: [ app_init ] --START--
INFO: Run Behavior\BuildLiteBehavior [ RunTime:0.000027s ]
INFO: [ app_init ] --END-- [ RunTime:0.007528s ]
INFO: [ app_begin ] --START--
INFO: Run Behavior\ReadHtmlCacheBehavior [ RunTime:0.013098s ]
INFO: [ app_begin ] --END-- [ RunTime:0.013234s ]
NOTIC: [8192] mysql_connect(): The mysql extension is deprecated and will be removed in the future: use mysqli or PDO instead D:\wamp\www\abc\hongyi\Fun\ThinkPHP\Library\Think\Db\Driver\Mysql.class.php 第 52 行.
SQL: SHOW COLUMNS FROM `game_category` [ RunTime:0.028226s ]
SQL: SELECT * FROM `game_category` WHERE `status` = 1  [ RunTime:0.000264s ]
SQL: SHOW COLUMNS FROM `game_talk` [ RunTime:0.024941s ]
SQL: SELECT `name`,`content`,`upload_time` FROM `game_talk` INNER JOIN game_user ON game_talk.pid = game_user.user_id  WHERE `data_status` = 1 ORDER BY upload_time DESC LIMIT 4   [ RunTime:0.058419s ]
NOTIC: [8] Undefined index: id D:\wamp\www\abc\hongyi\Fun\Application\Home\Controller\BaseController.class.php 第 11 行.
INFO: [ view_parse ] --START--
INFO: [ template_filter ] --START--
INFO: Run Behavior\ContentReplaceBehavior [ RunTime:0.000113s ]
INFO: [ template_filter ] --END-- [ RunTime:0.000324s ]
INFO: Run Behavior\ParseTemplateBehavior [ RunTime:0.079286s ]
INFO: [ view_parse ] --END-- [ RunTime:0.079433s ]
INFO: [ view_filter ] --START--
INFO: Run Behavior\WriteHtmlCacheBehavior [ RunTime:0.002521s ]
INFO: [ view_filter ] --END-- [ RunTime:0.002631s ]
INFO: [ app_end ] --START--
INFO: Run Behavior\ShowPageTraceBehavior [ RunTime:0.001694s ]
INFO: [ app_end ] --END-- [ RunTime:0.001805s ]

[ 2016-06-17T23:42:28+08:00 ] 192.168.1.104 /abc/hongyi/Fun/index.php/Home/Index/game1.html
INFO: [ app_init ] --START--
INFO: Run Behavior\BuildLiteBehavior [ RunTime:0.000025s ]
INFO: [ app_init ] --END-- [ RunTime:0.000710s ]
INFO: [ app_begin ] --START--
INFO: Run Behavior\ReadHtmlCacheBehavior [ RunTime:0.001003s ]
INFO: [ app_begin ] --END-- [ RunTime:0.001112s ]
NOTIC: [8192] mysql_connect(): The mysql extension is deprecated and will be removed in the future: use mysqli or PDO instead D:\wamp\www\abc\hongyi\Fun\ThinkPHP\Library\Think\Db\Driver\Mysql.class.php 第 52 行.
SQL: SHOW COLUMNS FROM `game_category` [ RunTime:0.005453s ]
SQL: SELECT * FROM `game_category` WHERE `status` = 1  [ RunTime:0.000244s ]
SQL: SHOW COLUMNS FROM `game_talk` [ RunTime:0.006084s ]
SQL: SELECT `name`,`content`,`upload_time` FROM `game_talk` INNER JOIN game_user ON game_talk.pid = game_user.user_id  WHERE `data_status` = 1 ORDER BY upload_time DESC LIMIT 4   [ RunTime:0.004959s ]
NOTIC: [8] Undefined index: id D:\wamp\www\abc\hongyi\Fun\Application\Home\Controller\BaseController.class.php 第 11 行.
SQL: SHOW COLUMNS FROM `game_num` [ RunTime:0.030017s ]
SQL: SELECT * FROM `game_num`  [ RunTime:0.000468s ]

[ 2016-06-17T23:42:28+08:00 ] 192.168.1.104 /abc/hongyi/Fun/index.php/Home/Index/userLogin.html
INFO: [ app_init ] --START--
INFO: Run Behavior\BuildLiteBehavior [ RunTime:0.000024s ]
INFO: [ app_init ] --END-- [ RunTime:0.000747s ]
INFO: [ app_begin ] --START--
INFO: Run Behavior\ReadHtmlCacheBehavior [ RunTime:0.000995s ]
INFO: [ app_begin ] --END-- [ RunTime:0.001109s ]
NOTIC: [8192] mysql_connect(): The mysql extension is deprecated and will be removed in the future: use mysqli or PDO instead D:\wamp\www\abc\hongyi\Fun\ThinkPHP\Library\Think\Db\Driver\Mysql.class.php 第 52 行.
SQL: SHOW COLUMNS FROM `game_category` [ RunTime:0.006322s ]
SQL: SELECT * FROM `game_category` WHERE `status` = 1  [ RunTime:0.000245s ]
SQL: SHOW COLUMNS FROM `game_talk` [ RunTime:0.008618s ]
SQL: SELECT `name`,`content`,`upload_time` FROM `game_talk` INNER JOIN game_user ON game_talk.pid = game_user.user_id  WHERE `data_status` = 1 ORDER BY upload_time DESC LIMIT 4   [ RunTime:0.011208s ]
NOTIC: [8] Undefined index: id D:\wamp\www\abc\hongyi\Fun\Application\Home\Controller\BaseController.class.php 第 11 行.
SQL: SHOW COLUMNS FROM `game_user` [ RunTime:0.008868s ]
NOTIC: [8] Undefined index: id D:\wamp\www\abc\hongyi\Fun\Application\Home\Model\UserModel.class.php 第 6 行.
SQL: SELECT `name` FROM `game_user` WHERE `id` = null LIMIT 1   [ RunTime:0.000216s ]
NOTIC: [8] Undefined index: id D:\wamp\www\abc\hongyi\Fun\Application\Home\Controller\IndexController.class.php 第 10 行.
INFO: [ view_parse ] --START--
INFO: [ template_filter ] --START--
INFO: Run Behavior\ContentReplaceBehavior [ RunTime:0.000069s ]
INFO: [ template_filter ] --END-- [ RunTime:0.000181s ]
INFO: Run Behavior\ParseTemplateBehavior [ RunTime:0.024792s ]
INFO: [ view_parse ] --END-- [ RunTime:0.024940s ]
INFO: [ view_filter ] --START--
INFO: Run Behavior\WriteHtmlCacheBehavior [ RunTime:0.000839s ]
INFO: [ view_filter ] --END-- [ RunTime:0.000972s ]
INFO: [ app_end ] --START--
INFO: Run Behavior\ShowPageTraceBehavior [ RunTime:0.000982s ]
INFO: [ app_end ] --END-- [ RunTime:0.001081s ]

[ 2016-06-17T23:42:41+08:00 ] 192.168.1.104 /abc/hongyi/Fun/index.php/Home/Index/login.html
INFO: [ app_init ] --START--
INFO: Run Behavior\BuildLiteBehavior [ RunTime:0.000025s ]
INFO: [ app_init ] --END-- [ RunTime:0.000826s ]
INFO: [ app_begin ] --START--
INFO: Run Behavior\ReadHtmlCacheBehavior [ RunTime:0.000995s ]
INFO: [ app_begin ] --END-- [ RunTime:0.001115s ]
NOTIC: [8192] mysql_connect(): The mysql extension is deprecated and will be removed in the future: use mysqli or PDO instead D:\wamp\www\abc\hongyi\Fun\ThinkPHP\Library\Think\Db\Driver\Mysql.class.php 第 52 行.
SQL: SHOW COLUMNS FROM `game_category` [ RunTime:0.008944s ]
SQL: SELECT * FROM `game_category` WHERE `status` = 1  [ RunTime:0.000247s ]
SQL: SHOW COLUMNS FROM `game_talk` [ RunTime:0.006817s ]
SQL: SELECT `name`,`content`,`upload_time` FROM `game_talk` INNER JOIN game_user ON game_talk.pid = game_user.user_id  WHERE `data_status` = 1 ORDER BY upload_time DESC LIMIT 4   [ RunTime:0.004935s ]
NOTIC: [8] Undefined index: id D:\wamp\www\abc\hongyi\Fun\Application\Home\Controller\BaseController.class.php 第 11 行.
SQL: SHOW COLUMNS FROM `game_user` [ RunTime:0.005708s ]
SQL: SELECT `id`,`status`,`user_id` FROM `game_user` WHERE `user_id` = 123 AND `psw` = '123123' AND `status` <> 0 LIMIT 1   [ RunTime:0.000275s ]
INFO: [ view_parse ] --START--
INFO: [ template_filter ] --START--
INFO: Run Behavior\ContentReplaceBehavior [ RunTime:0.000066s ]
INFO: [ template_filter ] --END-- [ RunTime:0.000188s ]
INFO: Run Behavior\ParseTemplateBehavior [ RunTime:0.100010s ]
INFO: [ view_parse ] --END-- [ RunTime:0.100148s ]
INFO: [ view_filter ] --START--
INFO: Run Behavior\WriteHtmlCacheBehavior [ RunTime:0.001608s ]
INFO: [ view_filter ] --END-- [ RunTime:0.001713s ]

[ 2016-06-17T23:42:50+08:00 ] 192.168.1.104 /abc/hongyi/Fun/index.php/Home/Index/login.html
INFO: [ app_init ] --START--
INFO: Run Behavior\BuildLiteBehavior [ RunTime:0.000024s ]
INFO: [ app_init ] --END-- [ RunTime:0.000862s ]
INFO: [ app_begin ] --START--
INFO: Run Behavior\ReadHtmlCacheBehavior [ RunTime:0.001612s ]
INFO: [ app_begin ] --END-- [ RunTime:0.001763s ]
NOTIC: [8192] mysql_connect(): The mysql extension is deprecated and will be removed in the future: use mysqli or PDO instead D:\wamp\www\abc\hongyi\Fun\ThinkPHP\Library\Think\Db\Driver\Mysql.class.php 第 52 行.
SQL: SHOW COLUMNS FROM `game_category` [ RunTime:0.006701s ]
SQL: SELECT * FROM `game_category` WHERE `status` = 1  [ RunTime:0.000247s ]
SQL: SHOW COLUMNS FROM `game_talk` [ RunTime:0.006405s ]
SQL: SELECT `name`,`content`,`upload_time` FROM `game_talk` INNER JOIN game_user ON game_talk.pid = game_user.user_id  WHERE `data_status` = 1 ORDER BY upload_time DESC LIMIT 4   [ RunTime:0.005632s ]
NOTIC: [8] Undefined index: id D:\wamp\www\abc\hongyi\Fun\Application\Home\Controller\BaseController.class.php 第 11 行.
SQL: SHOW COLUMNS FROM `game_user` [ RunTime:0.005320s ]
SQL: SELECT `id`,`status`,`user_id` FROM `game_user` WHERE `user_id` = 123 AND `psw` = '12' AND `status` <> 0 LIMIT 1   [ RunTime:0.000251s ]
INFO: [ view_parse ] --START--
INFO: [ template_filter ] --START--
INFO: Run Behavior\ContentReplaceBehavior [ RunTime:0.000058s ]
INFO: [ template_filter ] --END-- [ RunTime:0.000169s ]
INFO: Run Behavior\ParseTemplateBehavior [ RunTime:0.011052s ]
INFO: [ view_parse ] --END-- [ RunTime:0.011225s ]
INFO: [ view_filter ] --START--
INFO: Run Behavior\WriteHtmlCacheBehavior [ RunTime:0.001369s ]
INFO: [ view_filter ] --END-- [ RunTime:0.001517s ]
INFO: [ app_end ] --START--
INFO: Run Behavior\ShowPageTraceBehavior [ RunTime:0.001275s ]
INFO: [ app_end ] --END-- [ RunTime:0.001417s ]

[ 2016-06-17T23:42:51+08:00 ] 192.168.1.104 /abc/hongyi/Fun/index.php/Home/Index/Index/index
INFO: [ app_init ] --START--
INFO: Run Behavior\BuildLiteBehavior [ RunTime:0.000024s ]
INFO: [ app_init ] --END-- [ RunTime:0.000748s ]
INFO: [ app_begin ] --START--
INFO: Run Behavior\ReadHtmlCacheBehavior [ RunTime:0.001204s ]
INFO: [ app_begin ] --END-- [ RunTime:0.001316s ]
NOTIC: [8192] mysql_connect(): The mysql extension is deprecated and will be removed in the future: use mysqli or PDO instead D:\wamp\www\abc\hongyi\Fun\ThinkPHP\Library\Think\Db\Driver\Mysql.class.php 第 52 行.
SQL: SHOW COLUMNS FROM `game_category` [ RunTime:0.009617s ]
SQL: SELECT * FROM `game_category` WHERE `status` = 1  [ RunTime:0.000248s ]
SQL: SHOW COLUMNS FROM `game_talk` [ RunTime:0.005949s ]
SQL: SELECT `name`,`content`,`upload_time` FROM `game_talk` INNER JOIN game_user ON game_talk.pid = game_user.user_id  WHERE `data_status` = 1 ORDER BY upload_time DESC LIMIT 4   [ RunTime:0.005682s ]
INFO: [ view_parse ] --START--
INFO: [ template_filter ] --START--
INFO: Run Behavior\ContentReplaceBehavior [ RunTime:0.000069s ]
INFO: [ template_filter ] --END-- [ RunTime:0.000178s ]
INFO: Run Behavior\ParseTemplateBehavior [ RunTime:0.071768s ]
INFO: [ view_parse ] --END-- [ RunTime:0.071895s ]
INFO: [ view_filter ] --START--
INFO: Run Behavior\WriteHtmlCacheBehavior [ RunTime:0.001079s ]
INFO: [ view_filter ] --END-- [ RunTime:0.001176s ]
INFO: [ app_end ] --START--
INFO: Run Behavior\ShowPageTraceBehavior [ RunTime:0.001099s ]
INFO: [ app_end ] --END-- [ RunTime:0.001195s ]

[ 2016-06-17T23:42:53+08:00 ] 192.168.1.104 /abc/hongyi/Fun/index.php/Home/Index/game1.html
INFO: [ app_init ] --START--
INFO: Run Behavior\BuildLiteBehavior [ RunTime:0.000025s ]
INFO: [ app_init ] --END-- [ RunTime:0.000992s ]
INFO: [ app_begin ] --START--
INFO: Run Behavior\ReadHtmlCacheBehavior [ RunTime:0.001161s ]
INFO: [ app_begin ] --END-- [ RunTime:0.001269s ]
NOTIC: [8192] mysql_connect(): The mysql extension is deprecated and will be removed in the future: use mysqli or PDO instead D:\wamp\www\abc\hongyi\Fun\ThinkPHP\Library\Think\Db\Driver\Mysql.class.php 第 52 行.
SQL: SHOW COLUMNS FROM `game_category` [ RunTime:0.005487s ]
SQL: SELECT * FROM `game_category` WHERE `status` = 1  [ RunTime:0.000725s ]
SQL: SHOW COLUMNS FROM `game_talk` [ RunTime:0.006099s ]
SQL: SELECT `name`,`content`,`upload_time` FROM `game_talk` INNER JOIN game_user ON game_talk.pid = game_user.user_id  WHERE `data_status` = 1 ORDER BY upload_time DESC LIMIT 4   [ RunTime:0.005154s ]
SQL: SHOW COLUMNS FROM `game_num` [ RunTime:0.005151s ]
SQL: SELECT * FROM `game_num`  [ RunTime:0.000330s ]
INFO: [ view_parse ] --START--
INFO: [ template_filter ] --START--
INFO: Run Behavior\ContentReplaceBehavior [ RunTime:0.000088s ]
INFO: [ template_filter ] --END-- [ RunTime:0.000239s ]
INFO: Run Behavior\ParseTemplateBehavior [ RunTime:0.037826s ]
INFO: [ view_parse ] --END-- [ RunTime:0.037949s ]
INFO: [ view_filter ] --START--
INFO: Run Behavior\WriteHtmlCacheBehavior [ RunTime:0.002273s ]
INFO: [ view_filter ] --END-- [ RunTime:0.002386s ]
INFO: [ app_end ] --START--
INFO: Run Behavior\ShowPageTraceBehavior [ RunTime:0.001192s ]
INFO: [ app_end ] --END-- [ RunTime:0.001297s ]

[ 2016-06-17T23:42:56+08:00 ] 192.168.1.104 /abc/hongyi/Fun/index.php/Home/Index/game1.html
INFO: [ app_init ] --START--
INFO: Run Behavior\BuildLiteBehavior [ RunTime:0.000024s ]
INFO: [ app_init ] --END-- [ RunTime:0.000791s ]
INFO: [ app_begin ] --START--
INFO: Run Behavior\ReadHtmlCacheBehavior [ RunTime:0.001164s ]
INFO: [ app_begin ] --END-- [ RunTime:0.001274s ]
NOTIC: [8192] mysql_connect(): The mysql extension is deprecated and will be removed in the future: use mysqli or PDO instead D:\wamp\www\abc\hongyi\Fun\ThinkPHP\Library\Think\Db\Driver\Mysql.class.php 第 52 行.
SQL: SHOW COLUMNS FROM `game_category` [ RunTime:0.013057s ]
SQL: SELECT * FROM `game_category` WHERE `status` = 1  [ RunTime:0.000263s ]
SQL: SHOW COLUMNS FROM `game_talk` [ RunTime:0.006528s ]
SQL: SELECT `name`,`content`,`upload_time` FROM `game_talk` INNER JOIN game_user ON game_talk.pid = game_user.user_id  WHERE `data_status` = 1 ORDER BY upload_time DESC LIMIT 4   [ RunTime:0.004947s ]
SQL: SHOW COLUMNS FROM `game_num` [ RunTime:0.005391s ]
SQL: SELECT * FROM `game_num`  [ RunTime:0.000219s ]
SQL: SHOW COLUMNS FROM `game_data` [ RunTime:0.027749s ]
SQL: INSERT INTO `game_data` (`result`,`updata_time`,`game_name`,`pid`) VALUES (6,1466178176,'心灵感应',123) [ RunTime:0.247677s ]
INFO: [ view_parse ] --START--
INFO: [ template_filter ] --START--
INFO: Run Behavior\ContentReplaceBehavior [ RunTime:0.000071s ]
INFO: [ template_filter ] --END-- [ RunTime:0.000181s ]
INFO: Run Behavior\ParseTemplateBehavior [ RunTime:0.020114s ]
INFO: [ view_parse ] --END-- [ RunTime:0.020228s ]
INFO: [ view_filter ] --START--
INFO: Run Behavior\WriteHtmlCacheBehavior [ RunTime:0.001053s ]
INFO: [ view_filter ] --END-- [ RunTime:0.001147s ]
INFO: [ app_end ] --START--
INFO: Run Behavior\ShowPageTraceBehavior [ RunTime:0.001218s ]
INFO: [ app_end ] --END-- [ RunTime:0.001353s ]

[ 2016-06-17T23:43:01+08:00 ] 192.168.1.104 /abc/hongyi/Fun/index.php/Home/Index/category/id/3.html
INFO: [ app_init ] --START--
INFO: Run Behavior\BuildLiteBehavior [ RunTime:0.000116s ]
INFO: [ app_init ] --END-- [ RunTime:0.001587s ]
INFO: [ app_begin ] --START--
INFO: Run Behavior\ReadHtmlCacheBehavior [ RunTime:0.001169s ]
INFO: [ app_begin ] --END-- [ RunTime:0.001274s ]
NOTIC: [8192] mysql_connect(): The mysql extension is deprecated and will be removed in the future: use mysqli or PDO instead D:\wamp\www\abc\hongyi\Fun\ThinkPHP\Library\Think\Db\Driver\Mysql.class.php 第 52 行.
SQL: SHOW COLUMNS FROM `game_category` [ RunTime:0.009441s ]
SQL: SELECT * FROM `game_category` WHERE `status` = 1  [ RunTime:0.000260s ]
SQL: SHOW COLUMNS FROM `game_talk` [ RunTime:0.011401s ]
SQL: SELECT `name`,`content`,`upload_time` FROM `game_talk` INNER JOIN game_user ON game_talk.pid = game_user.user_id  WHERE `data_status` = 1 ORDER BY upload_time DESC LIMIT 4   [ RunTime:0.049607s ]

[ 2016-06-17T23:43:01+08:00 ] 192.168.1.104 /abc/hongyi/Fun/index.php/Home/Index/record.html
INFO: [ app_init ] --START--
INFO: Run Behavior\BuildLiteBehavior [ RunTime:0.000025s ]
INFO: [ app_init ] --END-- [ RunTime:0.000865s ]
INFO: [ app_begin ] --START--
INFO: Run Behavior\ReadHtmlCacheBehavior [ RunTime:0.001263s ]
INFO: [ app_begin ] --END-- [ RunTime:0.001377s ]
NOTIC: [8192] mysql_connect(): The mysql extension is deprecated and will be removed in the future: use mysqli or PDO instead D:\wamp\www\abc\hongyi\Fun\ThinkPHP\Library\Think\Db\Driver\Mysql.class.php 第 52 行.
SQL: SHOW COLUMNS FROM `game_category` [ RunTime:0.006841s ]
SQL: SELECT * FROM `game_category` WHERE `status` = 1  [ RunTime:0.000252s ]
SQL: SHOW COLUMNS FROM `game_talk` [ RunTime:0.006131s ]
SQL: SELECT `name`,`content`,`upload_time` FROM `game_talk` INNER JOIN game_user ON game_talk.pid = game_user.user_id  WHERE `data_status` = 1 ORDER BY upload_time DESC LIMIT 4   [ RunTime:0.005951s ]
SQL: SHOW COLUMNS FROM `game_data` [ RunTime:0.007782s ]
NOTIC: [8] Undefined index: p D:\wamp\www\abc\hongyi\Fun\Application\Home\Model\DataModel.class.php 第 31 行.
SQL: SELECT `game_name`,`updata_time`,`times`,`result` FROM `game_data` WHERE `pid` = '123' AND `status` = 1 AND `game_name` = '猜数字' ORDER BY updata_time DESC LIMIT 0,9   [ RunTime:0.000637s ]
NOTIC: [8] Undefined index: p D:\wamp\www\abc\hongyi\Fun\Application\Home\Model\DataModel.class.php 第 31 行.
SQL: SELECT `game_name`,`updata_time`,`times`,`result` FROM `game_data` WHERE `pid` = '123' AND `status` = 1 AND `game_name` = '心灵感应' ORDER BY updata_time DESC LIMIT 0,9   [ RunTime:0.000313s ]
SQL: SELECT COUNT(*) AS tp_count FROM `game_data` WHERE `pid` = '123' AND `status` = 1 AND `game_name` = '猜数字' LIMIT 1   [ RunTime:0.000357s ]
SQL: SELECT COUNT(*) AS tp_count FROM `game_data` WHERE `pid` = '123' AND `status` = 1 AND `game_name` = '心灵感应' LIMIT 1   [ RunTime:0.000745s ]
INFO: [ view_parse ] --START--
INFO: [ template_filter ] --START--
INFO: Run Behavior\ContentReplaceBehavior [ RunTime:0.000147s ]
INFO: [ template_filter ] --END-- [ RunTime:0.000513s ]
INFO: Run Behavior\ParseTemplateBehavior [ RunTime:0.034849s ]
INFO: [ view_parse ] --END-- [ RunTime:0.034987s ]
INFO: [ view_filter ] --START--
INFO: Run Behavior\WriteHtmlCacheBehavior [ RunTime:0.001348s ]
INFO: [ view_filter ] --END-- [ RunTime:0.001449s ]
INFO: [ app_end ] --START--
INFO: Run Behavior\ShowPageTraceBehavior [ RunTime:0.001144s ]
INFO: [ app_end ] --END-- [ RunTime:0.001239s ]

[ 2016-06-17T23:43:07+08:00 ] 192.168.1.104 /abc/hongyi/Fun/index.php/Home/Index/category/id/4.html
INFO: [ app_init ] --START--
INFO: Run Behavior\BuildLiteBehavior [ RunTime:0.000025s ]
INFO: [ app_init ] --END-- [ RunTime:0.000789s ]
INFO: [ app_begin ] --START--
INFO: Run Behavior\ReadHtmlCacheBehavior [ RunTime:0.001947s ]
INFO: [ app_begin ] --END-- [ RunTime:0.002137s ]
NOTIC: [8192] mysql_connect(): The mysql extension is deprecated and will be removed in the future: use mysqli or PDO instead D:\wamp\www\abc\hongyi\Fun\ThinkPHP\Library\Think\Db\Driver\Mysql.class.php 第 52 行.
SQL: SHOW COLUMNS FROM `game_category` [ RunTime:0.005940s ]
SQL: SELECT * FROM `game_category` WHERE `status` = 1  [ RunTime:0.000241s ]
SQL: SHOW COLUMNS FROM `game_talk` [ RunTime:0.006737s ]
SQL: SELECT `name`,`content`,`upload_time` FROM `game_talk` INNER JOIN game_user ON game_talk.pid = game_user.user_id  WHERE `data_status` = 1 ORDER BY upload_time DESC LIMIT 4   [ RunTime:0.005232s ]

[ 2016-06-17T23:43:07+08:00 ] 192.168.1.104 /abc/hongyi/Fun/index.php/Home/Index/game.html
INFO: [ app_init ] --START--
INFO: Run Behavior\BuildLiteBehavior [ RunTime:0.000062s ]
INFO: [ app_init ] --END-- [ RunTime:0.000941s ]
INFO: [ app_begin ] --START--
INFO: Run Behavior\ReadHtmlCacheBehavior [ RunTime:0.001247s ]
INFO: [ app_begin ] --END-- [ RunTime:0.001364s ]
NOTIC: [8192] mysql_connect(): The mysql extension is deprecated and will be removed in the future: use mysqli or PDO instead D:\wamp\www\abc\hongyi\Fun\ThinkPHP\Library\Think\Db\Driver\Mysql.class.php 第 52 行.
SQL: SHOW COLUMNS FROM `game_category` [ RunTime:0.005919s ]
SQL: SELECT * FROM `game_category` WHERE `status` = 1  [ RunTime:0.000242s ]
SQL: SHOW COLUMNS FROM `game_talk` [ RunTime:0.006658s ]
SQL: SELECT `name`,`content`,`upload_time` FROM `game_talk` INNER JOIN game_user ON game_talk.pid = game_user.user_id  WHERE `data_status` = 1 ORDER BY upload_time DESC LIMIT 4   [ RunTime:0.004871s ]
NOTIC: [8] Use of undefined constant sub - assumed 'sub' D:\wamp\www\abc\hongyi\Fun\Application\Home\Controller\IndexController.class.php 第 122 行.
NOTIC: [8] Undefined index: input D:\wamp\www\abc\hongyi\Fun\Application\Home\Controller\IndexController.class.php 第 156 行.
INFO: [ view_parse ] --START--
INFO: [ template_filter ] --START--
INFO: Run Behavior\ContentReplaceBehavior [ RunTime:0.000066s ]
INFO: [ template_filter ] --END-- [ RunTime:0.000177s ]
INFO: Run Behavior\ParseTemplateBehavior [ RunTime:0.040176s ]
INFO: [ view_parse ] --END-- [ RunTime:0.040299s ]
INFO: [ view_filter ] --START--
INFO: Run Behavior\WriteHtmlCacheBehavior [ RunTime:0.001218s ]
INFO: [ view_filter ] --END-- [ RunTime:0.001314s ]
INFO: [ app_end ] --START--
INFO: Run Behavior\ShowPageTraceBehavior [ RunTime:0.001203s ]
INFO: [ app_end ] --END-- [ RunTime:0.001302s ]

[ 2016-06-17T23:43:12+08:00 ] 192.168.1.104 /abc/hongyi/Fun/index.php/Home/Index/game.html
INFO: [ app_init ] --START--
INFO: Run Behavior\BuildLiteBehavior [ RunTime:0.000024s ]
INFO: [ app_init ] --END-- [ RunTime:0.000749s ]
INFO: [ app_begin ] --START--
INFO: Run Behavior\ReadHtmlCacheBehavior [ RunTime:0.001183s ]
INFO: [ app_begin ] --END-- [ RunTime:0.001299s ]
NOTIC: [8192] mysql_connect(): The mysql extension is deprecated and will be removed in the future: use mysqli or PDO instead D:\wamp\www\abc\hongyi\Fun\ThinkPHP\Library\Think\Db\Driver\Mysql.class.php 第 52 行.
SQL: SHOW COLUMNS FROM `game_category` [ RunTime:0.010574s ]
SQL: SELECT * FROM `game_category` WHERE `status` = 1  [ RunTime:0.000242s ]
SQL: SHOW COLUMNS FROM `game_talk` [ RunTime:0.060987s ]
SQL: SELECT `name`,`content`,`upload_time` FROM `game_talk` INNER JOIN game_user ON game_talk.pid = game_user.user_id  WHERE `data_status` = 1 ORDER BY upload_time DESC LIMIT 4   [ RunTime:0.005152s ]
NOTIC: [8] Use of undefined constant sub - assumed 'sub' D:\wamp\www\abc\hongyi\Fun\Application\Home\Controller\IndexController.class.php 第 122 行.
INFO: [ view_parse ] --START--
INFO: [ template_filter ] --START--
INFO: Run Behavior\ContentReplaceBehavior [ RunTime:0.000067s ]
INFO: [ template_filter ] --END-- [ RunTime:0.000180s ]
INFO: Run Behavior\ParseTemplateBehavior [ RunTime:0.018122s ]
INFO: [ view_parse ] --END-- [ RunTime:0.018241s ]
INFO: [ view_filter ] --START--
INFO: Run Behavior\WriteHtmlCacheBehavior [ RunTime:0.001111s ]
INFO: [ view_filter ] --END-- [ RunTime:0.001210s ]
INFO: [ app_end ] --START--
INFO: Run Behavior\ShowPageTraceBehavior [ RunTime:0.001132s ]
INFO: [ app_end ] --END-- [ RunTime:0.001234s ]

[ 2016-06-17T23:43:16+08:00 ] 192.168.1.104 /abc/hongyi/Fun/index.php/Home/Index/game.html
INFO: [ app_init ] --START--
INFO: Run Behavior\BuildLiteBehavior [ RunTime:0.000040s ]
INFO: [ app_init ] --END-- [ RunTime:0.000895s ]
INFO: [ app_begin ] --START--
INFO: Run Behavior\ReadHtmlCacheBehavior [ RunTime:0.001193s ]
INFO: [ app_begin ] --END-- [ RunTime:0.001308s ]
NOTIC: [8192] mysql_connect(): The mysql extension is deprecated and will be removed in the future: use mysqli or PDO instead D:\wamp\www\abc\hongyi\Fun\ThinkPHP\Library\Think\Db\Driver\Mysql.class.php 第 52 行.
SQL: SHOW COLUMNS FROM `game_category` [ RunTime:0.009004s ]
SQL: SELECT * FROM `game_category` WHERE `status` = 1  [ RunTime:0.000241s ]
SQL: SHOW COLUMNS FROM `game_talk` [ RunTime:0.005718s ]
SQL: SELECT `name`,`content`,`upload_time` FROM `game_talk` INNER JOIN game_user ON game_talk.pid = game_user.user_id  WHERE `data_status` = 1 ORDER BY upload_time DESC LIMIT 4   [ RunTime:0.006073s ]
NOTIC: [8] Use of undefined constant sub - assumed 'sub' D:\wamp\www\abc\hongyi\Fun\Application\Home\Controller\IndexController.class.php 第 122 行.
INFO: [ view_parse ] --START--
INFO: [ template_filter ] --START--
INFO: Run Behavior\ContentReplaceBehavior [ RunTime:0.000067s ]
INFO: [ template_filter ] --END-- [ RunTime:0.000178s ]
INFO: Run Behavior\ParseTemplateBehavior [ RunTime:0.016524s ]
INFO: [ view_parse ] --END-- [ RunTime:0.016647s ]
INFO: [ view_filter ] --START--
INFO: Run Behavior\WriteHtmlCacheBehavior [ RunTime:0.002470s ]
INFO: [ view_filter ] --END-- [ RunTime:0.002588s ]
INFO: [ app_end ] --START--
INFO: Run Behavior\ShowPageTraceBehavior [ RunTime:0.001165s ]
INFO: [ app_end ] --END-- [ RunTime:0.001265s ]

[ 2016-06-17T23:43:17+08:00 ] 192.168.1.104 /abc/hongyi/Fun/index.php/Home/Index/game.html
INFO: [ app_init ] --START--
INFO: Run Behavior\BuildLiteBehavior [ RunTime:0.000024s ]
INFO: [ app_init ] --END-- [ RunTime:0.000756s ]
INFO: [ app_begin ] --START--
INFO: Run Behavior\ReadHtmlCacheBehavior [ RunTime:0.001240s ]
INFO: [ app_begin ] --END-- [ RunTime:0.001389s ]
NOTIC: [8192] mysql_connect(): The mysql extension is deprecated and will be removed in the future: use mysqli or PDO instead D:\wamp\www\abc\hongyi\Fun\ThinkPHP\Library\Think\Db\Driver\Mysql.class.php 第 52 行.
SQL: SHOW COLUMNS FROM `game_category` [ RunTime:0.009158s ]
SQL: SELECT * FROM `game_category` WHERE `status` = 1  [ RunTime:0.000242s ]
SQL: SHOW COLUMNS FROM `game_talk` [ RunTime:0.005510s ]
SQL: SELECT `name`,`content`,`upload_time` FROM `game_talk` INNER JOIN game_user ON game_talk.pid = game_user.user_id  WHERE `data_status` = 1 ORDER BY upload_time DESC LIMIT 4   [ RunTime:0.006312s ]
NOTIC: [8] Use of undefined constant sub - assumed 'sub' D:\wamp\www\abc\hongyi\Fun\Application\Home\Controller\IndexController.class.php 第 122 行.
INFO: [ view_parse ] --START--
INFO: [ template_filter ] --START--
INFO: Run Behavior\ContentReplaceBehavior [ RunTime:0.000071s ]
INFO: [ template_filter ] --END-- [ RunTime:0.000186s ]
INFO: Run Behavior\ParseTemplateBehavior [ RunTime:0.016304s ]
INFO: [ view_parse ] --END-- [ RunTime:0.016423s ]
INFO: [ view_filter ] --START--
INFO: Run Behavior\WriteHtmlCacheBehavior [ RunTime:0.001181s ]
INFO: [ view_filter ] --END-- [ RunTime:0.001279s ]
INFO: [ app_end ] --START--
INFO: Run Behavior\ShowPageTraceBehavior [ RunTime:0.001182s ]
INFO: [ app_end ] --END-- [ RunTime:0.001325s ]

[ 2016-06-17T23:43:18+08:00 ] 192.168.1.104 /abc/hongyi/Fun/index.php/Home/Index/game.html
INFO: [ app_init ] --START--
INFO: Run Behavior\BuildLiteBehavior [ RunTime:0.000024s ]
INFO: [ app_init ] --END-- [ RunTime:0.000758s ]
INFO: [ app_begin ] --START--
INFO: Run Behavior\ReadHtmlCacheBehavior [ RunTime:0.001229s ]
INFO: [ app_begin ] --END-- [ RunTime:0.001347s ]
NOTIC: [8192] mysql_connect(): The mysql extension is deprecated and will be removed in the future: use mysqli or PDO instead D:\wamp\www\abc\hongyi\Fun\ThinkPHP\Library\Think\Db\Driver\Mysql.class.php 第 52 行.
SQL: SHOW COLUMNS FROM `game_category` [ RunTime:0.006426s ]
SQL: SELECT * FROM `game_category` WHERE `status` = 1  [ RunTime:0.000251s ]
SQL: SHOW COLUMNS FROM `game_talk` [ RunTime:0.005540s ]
SQL: SELECT `name`,`content`,`upload_time` FROM `game_talk` INNER JOIN game_user ON game_talk.pid = game_user.user_id  WHERE `data_status` = 1 ORDER BY upload_time DESC LIMIT 4   [ RunTime:0.005947s ]
NOTIC: [8] Use of undefined constant sub - assumed 'sub' D:\wamp\www\abc\hongyi\Fun\Application\Home\Controller\IndexController.class.php 第 122 行.
INFO: [ view_parse ] --START--
INFO: [ template_filter ] --START--
INFO: Run Behavior\ContentReplaceBehavior [ RunTime:0.000075s ]
INFO: [ template_filter ] --END-- [ RunTime:0.000425s ]
INFO: Run Behavior\ParseTemplateBehavior [ RunTime:0.016573s ]
INFO: [ view_parse ] --END-- [ RunTime:0.016687s ]
INFO: [ view_filter ] --START--
INFO: Run Behavior\WriteHtmlCacheBehavior [ RunTime:0.001097s ]
INFO: [ view_filter ] --END-- [ RunTime:0.001191s ]
INFO: [ app_end ] --START--
INFO: Run Behavior\ShowPageTraceBehavior [ RunTime:0.001106s ]
INFO: [ app_end ] --END-- [ RunTime:0.001202s ]

[ 2016-06-17T23:43:19+08:00 ] 192.168.1.104 /abc/hongyi/Fun/index.php/Home/Index/game.html
INFO: [ app_init ] --START--
INFO: Run Behavior\BuildLiteBehavior [ RunTime:0.000025s ]
INFO: [ app_init ] --END-- [ RunTime:0.000843s ]
INFO: [ app_begin ] --START--
INFO: Run Behavior\ReadHtmlCacheBehavior [ RunTime:0.001132s ]
INFO: [ app_begin ] --END-- [ RunTime:0.001240s ]
NOTIC: [8192] mysql_connect(): The mysql extension is deprecated and will be removed in the future: use mysqli or PDO instead D:\wamp\www\abc\hongyi\Fun\ThinkPHP\Library\Think\Db\Driver\Mysql.class.php 第 52 行.
SQL: SHOW COLUMNS FROM `game_category` [ RunTime:0.007778s ]
SQL: SELECT * FROM `game_category` WHERE `status` = 1  [ RunTime:0.000236s ]
SQL: SHOW COLUMNS FROM `game_talk` [ RunTime:0.006106s ]
SQL: SELECT `name`,`content`,`upload_time` FROM `game_talk` INNER JOIN game_user ON game_talk.pid = game_user.user_id  WHERE `data_status` = 1 ORDER BY upload_time DESC LIMIT 4   [ RunTime:0.006840s ]
NOTIC: [8] Use of undefined constant sub - assumed 'sub' D:\wamp\www\abc\hongyi\Fun\Application\Home\Controller\IndexController.class.php 第 122 行.
SQL: SHOW COLUMNS FROM `game_data` [ RunTime:0.005553s ]
SQL: INSERT INTO `game_data` (`result`,`updata_time`,`game_name`,`pid`,`times`) VALUES ('输',1466178199,'猜数字',123,5) [ RunTime:0.232184s ]
NOTIC: [8] Undefined index: input D:\wamp\www\abc\hongyi\Fun\Application\Home\Controller\IndexController.class.php 第 156 行.
INFO: [ view_parse ] --START--
INFO: [ template_filter ] --START--
INFO: Run Behavior\ContentReplaceBehavior [ RunTime:0.000067s ]
INFO: [ template_filter ] --END-- [ RunTime:0.000180s ]
INFO: Run Behavior\ParseTemplateBehavior [ RunTime:0.017598s ]
INFO: [ view_parse ] --END-- [ RunTime:0.017752s ]
INFO: [ view_filter ] --START--
INFO: Run Behavior\WriteHtmlCacheBehavior [ RunTime:0.001129s ]
INFO: [ view_filter ] --END-- [ RunTime:0.001227s ]
INFO: [ app_end ] --START--
INFO: Run Behavior\ShowPageTraceBehavior [ RunTime:0.001233s ]
INFO: [ app_end ] --END-- [ RunTime:0.001334s ]

