[ 2016-06-19T11:45:31+08:00 ] 192.168.1.104 /abc/hongyi/Fun/
INFO: [ app_init ] --START--
INFO: Run Behavior\BuildLiteBehavior [ RunTime:0.000027s ]
INFO: [ app_init ] --END-- [ RunTime:0.008072s ]
INFO: [ app_begin ] --START--
INFO: Run Behavior\ReadHtmlCacheBehavior [ RunTime:0.005532s ]
INFO: [ app_begin ] --END-- [ RunTime:0.005660s ]
NOTIC: [8192] mysql_connect(): The mysql extension is deprecated and will be removed in the future: use mysqli or PDO instead D:\wamp\www\abc\hongyi\Fun\ThinkPHP\Library\Think\Db\Driver\Mysql.class.php 第 52 行.
SQL: SHOW COLUMNS FROM `game_category` [ RunTime:0.074651s ]
SQL: SELECT * FROM `game_category` WHERE `status` = 1  [ RunTime:0.000371s ]
SQL: SHOW COLUMNS FROM `game_talk` [ RunTime:0.057003s ]
SQL: SELECT `name`,`content`,`upload_time` FROM `game_talk` INNER JOIN game_user ON game_talk.pid = game_user.user_id  WHERE `data_status` = 1 ORDER BY upload_time DESC LIMIT 4   [ RunTime:0.047873s ]
NOTIC: [8] Undefined index: id D:\wamp\www\abc\hongyi\Fun\Application\Home\Controller\BaseController.class.php 第 11 行.
INFO: [ view_parse ] --START--
INFO: [ template_filter ] --START--
INFO: Run Behavior\ContentReplaceBehavior [ RunTime:0.000068s ]
INFO: [ template_filter ] --END-- [ RunTime:0.000174s ]
INFO: Run Behavior\ParseTemplateBehavior [ RunTime:0.322113s ]
INFO: [ view_parse ] --END-- [ RunTime:0.322233s ]
INFO: [ view_filter ] --START--
INFO: Run Behavior\WriteHtmlCacheBehavior [ RunTime:0.010012s ]
INFO: [ view_filter ] --END-- [ RunTime:0.010113s ]
INFO: [ app_end ] --START--
INFO: Run Behavior\ShowPageTraceBehavior [ RunTime:0.001373s ]
INFO: [ app_end ] --END-- [ RunTime:0.001481s ]

[ 2016-06-19T11:45:39+08:00 ] 192.168.1.104 /abc/hongyi/Fun/index.php/Home/Index/game.html
INFO: [ app_init ] --START--
INFO: Run Behavior\BuildLiteBehavior [ RunTime:0.000023s ]
INFO: [ app_init ] --END-- [ RunTime:0.000524s ]
INFO: [ app_begin ] --START--
INFO: Run Behavior\ReadHtmlCacheBehavior [ RunTime:0.000987s ]
INFO: [ app_begin ] --END-- [ RunTime:0.001134s ]
NOTIC: [8192] mysql_connect(): The mysql extension is deprecated and will be removed in the future: use mysqli or PDO instead D:\wamp\www\abc\hongyi\Fun\ThinkPHP\Library\Think\Db\Driver\Mysql.class.php 第 52 行.
SQL: SHOW COLUMNS FROM `game_category` [ RunTime:0.084728s ]
SQL: SELECT * FROM `game_category` WHERE `status` = 1  [ RunTime:0.000272s ]
SQL: SHOW COLUMNS FROM `game_talk` [ RunTime:0.015912s ]
SQL: SELECT `name`,`content`,`upload_time` FROM `game_talk` INNER JOIN game_user ON game_talk.pid = game_user.user_id  WHERE `data_status` = 1 ORDER BY upload_time DESC LIMIT 4   [ RunTime:0.037942s ]
NOTIC: [8] Undefined index: id D:\wamp\www\abc\hongyi\Fun\Application\Home\Controller\BaseController.class.php 第 11 行.
NOTIC: [8] Use of undefined constant sub - assumed 'sub' D:\wamp\www\abc\hongyi\Fun\Application\Home\Controller\IndexController.class.php 第 122 行.
NOTIC: [8] Undefined index: input D:\wamp\www\abc\hongyi\Fun\Application\Home\Controller\IndexController.class.php 第 156 行.

[ 2016-06-19T11:45:40+08:00 ] 192.168.1.104 /abc/hongyi/Fun/index.php/Home/Index/userLogin.html
INFO: [ app_init ] --START--
INFO: Run Behavior\BuildLiteBehavior [ RunTime:0.000023s ]
INFO: [ app_init ] --END-- [ RunTime:0.000420s ]
INFO: [ app_begin ] --START--
INFO: Run Behavior\ReadHtmlCacheBehavior [ RunTime:0.000877s ]
INFO: [ app_begin ] --END-- [ RunTime:0.000980s ]
NOTIC: [8192] mysql_connect(): The mysql extension is deprecated and will be removed in the future: use mysqli or PDO instead D:\wamp\www\abc\hongyi\Fun\ThinkPHP\Library\Think\Db\Driver\Mysql.class.php 第 52 行.
SQL: SHOW COLUMNS FROM `game_category` [ RunTime:0.007699s ]
SQL: SELECT * FROM `game_category` WHERE `status` = 1  [ RunTime:0.000303s ]
SQL: SHOW COLUMNS FROM `game_talk` [ RunTime:0.023901s ]
SQL: SELECT `name`,`content`,`upload_time` FROM `game_talk` INNER JOIN game_user ON game_talk.pid = game_user.user_id  WHERE `data_status` = 1 ORDER BY upload_time DESC LIMIT 4   [ RunTime:0.004863s ]
NOTIC: [8] Undefined index: id D:\wamp\www\abc\hongyi\Fun\Application\Home\Controller\BaseController.class.php 第 11 行.
SQL: SHOW COLUMNS FROM `game_user` [ RunTime:0.009332s ]
NOTIC: [8] Undefined index: id D:\wamp\www\abc\hongyi\Fun\Application\Home\Model\UserModel.class.php 第 6 行.
SQL: SELECT `name` FROM `game_user` WHERE `id` = null LIMIT 1   [ RunTime:0.007833s ]
NOTIC: [8] Undefined index: id D:\wamp\www\abc\hongyi\Fun\Application\Home\Controller\IndexController.class.php 第 10 行.
INFO: [ view_parse ] --START--
INFO: [ template_filter ] --START--
INFO: Run Behavior\ContentReplaceBehavior [ RunTime:0.000123s ]
INFO: [ template_filter ] --END-- [ RunTime:0.000320s ]
INFO: Run Behavior\ParseTemplateBehavior [ RunTime:0.052702s ]
INFO: [ view_parse ] --END-- [ RunTime:0.052913s ]
INFO: [ view_filter ] --START--
INFO: Run Behavior\WriteHtmlCacheBehavior [ RunTime:0.001312s ]
INFO: [ view_filter ] --END-- [ RunTime:0.001482s ]
INFO: [ app_end ] --START--
INFO: Run Behavior\ShowPageTraceBehavior [ RunTime:0.001209s ]
INFO: [ app_end ] --END-- [ RunTime:0.001424s ]

[ 2016-06-19T11:45:53+08:00 ] 192.168.1.104 /abc/hongyi/Fun/index.php/Home/Index/addUser.html
INFO: [ app_init ] --START--
INFO: Run Behavior\BuildLiteBehavior [ RunTime:0.000024s ]
INFO: [ app_init ] --END-- [ RunTime:0.000882s ]
INFO: [ app_begin ] --START--
INFO: Run Behavior\ReadHtmlCacheBehavior [ RunTime:0.002489s ]
INFO: [ app_begin ] --END-- [ RunTime:0.002607s ]
NOTIC: [8192] mysql_connect(): The mysql extension is deprecated and will be removed in the future: use mysqli or PDO instead D:\wamp\www\abc\hongyi\Fun\ThinkPHP\Library\Think\Db\Driver\Mysql.class.php 第 52 行.
SQL: SHOW COLUMNS FROM `game_category` [ RunTime:0.125143s ]
SQL: SELECT * FROM `game_category` WHERE `status` = 1  [ RunTime:0.000264s ]
SQL: SHOW COLUMNS FROM `game_talk` [ RunTime:0.062515s ]
SQL: SELECT `name`,`content`,`upload_time` FROM `game_talk` INNER JOIN game_user ON game_talk.pid = game_user.user_id  WHERE `data_status` = 1 ORDER BY upload_time DESC LIMIT 4   [ RunTime:0.032304s ]
NOTIC: [8] Undefined index: id D:\wamp\www\abc\hongyi\Fun\Application\Home\Controller\BaseController.class.php 第 11 行.
INFO: [ view_parse ] --START--
INFO: [ template_filter ] --START--
INFO: Run Behavior\ContentReplaceBehavior [ RunTime:0.000068s ]
INFO: [ template_filter ] --END-- [ RunTime:0.000178s ]
INFO: Run Behavior\ParseTemplateBehavior [ RunTime:0.808522s ]
INFO: [ view_parse ] --END-- [ RunTime:0.808645s ]
INFO: [ view_filter ] --START--
INFO: Run Behavior\WriteHtmlCacheBehavior [ RunTime:0.001748s ]
INFO: [ view_filter ] --END-- [ RunTime:0.001844s ]
INFO: [ app_end ] --START--
INFO: Run Behavior\ShowPageTraceBehavior [ RunTime:0.001470s ]
INFO: [ app_end ] --END-- [ RunTime:0.001565s ]

[ 2016-06-19T11:46:22+08:00 ] 192.168.1.104 /abc/hongyi/Fun/index.php/Home/Index/category/id/3.html
INFO: [ app_init ] --START--
INFO: Run Behavior\BuildLiteBehavior [ RunTime:0.000023s ]
INFO: [ app_init ] --END-- [ RunTime:0.000581s ]
INFO: [ app_begin ] --START--
INFO: Run Behavior\ReadHtmlCacheBehavior [ RunTime:0.001385s ]
INFO: [ app_begin ] --END-- [ RunTime:0.001496s ]
NOTIC: [8192] mysql_connect(): The mysql extension is deprecated and will be removed in the future: use mysqli or PDO instead D:\wamp\www\abc\hongyi\Fun\ThinkPHP\Library\Think\Db\Driver\Mysql.class.php 第 52 行.
SQL: SHOW COLUMNS FROM `game_category` [ RunTime:0.133603s ]
SQL: SELECT * FROM `game_category` WHERE `status` = 1  [ RunTime:0.000321s ]
SQL: SHOW COLUMNS FROM `game_talk` [ RunTime:0.007397s ]
SQL: SELECT `name`,`content`,`upload_time` FROM `game_talk` INNER JOIN game_user ON game_talk.pid = game_user.user_id  WHERE `data_status` = 1 ORDER BY upload_time DESC LIMIT 4   [ RunTime:0.009173s ]
NOTIC: [8] Undefined index: id D:\wamp\www\abc\hongyi\Fun\Application\Home\Controller\BaseController.class.php 第 11 行.

[ 2016-06-19T11:46:22+08:00 ] 192.168.1.104 /abc/hongyi/Fun/index.php/Home/Index/record.html
INFO: [ app_init ] --START--
INFO: Run Behavior\BuildLiteBehavior [ RunTime:0.000034s ]
INFO: [ app_init ] --END-- [ RunTime:0.000679s ]
INFO: [ app_begin ] --START--
INFO: Run Behavior\ReadHtmlCacheBehavior [ RunTime:0.001100s ]
INFO: [ app_begin ] --END-- [ RunTime:0.001210s ]
NOTIC: [8192] mysql_connect(): The mysql extension is deprecated and will be removed in the future: use mysqli or PDO instead D:\wamp\www\abc\hongyi\Fun\ThinkPHP\Library\Think\Db\Driver\Mysql.class.php 第 52 行.
SQL: SHOW COLUMNS FROM `game_category` [ RunTime:0.005627s ]
SQL: SELECT * FROM `game_category` WHERE `status` = 1  [ RunTime:0.000236s ]
SQL: SHOW COLUMNS FROM `game_talk` [ RunTime:0.006759s ]
SQL: SELECT `name`,`content`,`upload_time` FROM `game_talk` INNER JOIN game_user ON game_talk.pid = game_user.user_id  WHERE `data_status` = 1 ORDER BY upload_time DESC LIMIT 4   [ RunTime:0.005247s ]
NOTIC: [8] Undefined index: id D:\wamp\www\abc\hongyi\Fun\Application\Home\Controller\BaseController.class.php 第 11 行.
SQL: SHOW COLUMNS FROM `game_data` [ RunTime:0.087062s ]
NOTIC: [8] Undefined index: user_id D:\wamp\www\abc\hongyi\Fun\Application\Home\Model\DataModel.class.php 第 29 行.
NOTIC: [8] Undefined index: p D:\wamp\www\abc\hongyi\Fun\Application\Home\Model\DataModel.class.php 第 31 行.
SQL: SELECT `game_name`,`updata_time`,`times`,`result` FROM `game_data` WHERE `pid` = null AND `status` = 1 AND `game_name` = '猜数字' ORDER BY updata_time DESC LIMIT 0,9   [ RunTime:0.043340s ]
NOTIC: [8] Undefined index: user_id D:\wamp\www\abc\hongyi\Fun\Application\Home\Model\DataModel.class.php 第 29 行.
NOTIC: [8] Undefined index: p D:\wamp\www\abc\hongyi\Fun\Application\Home\Model\DataModel.class.php 第 31 行.
SQL: SELECT `game_name`,`updata_time`,`times`,`result` FROM `game_data` WHERE `pid` = null AND `status` = 1 AND `game_name` = '心灵感应' ORDER BY updata_time DESC LIMIT 0,9   [ RunTime:0.000261s ]
NOTIC: [8] Undefined index: user_id D:\wamp\www\abc\hongyi\Fun\Application\Home\Model\DataModel.class.php 第 37 行.
SQL: SELECT COUNT(*) AS tp_count FROM `game_data` WHERE `pid` = null AND `status` = 1 AND `game_name` = '猜数字' LIMIT 1   [ RunTime:0.000191s ]
NOTIC: [8] Undefined index: user_id D:\wamp\www\abc\hongyi\Fun\Application\Home\Model\DataModel.class.php 第 37 行.
SQL: SELECT COUNT(*) AS tp_count FROM `game_data` WHERE `pid` = null AND `status` = 1 AND `game_name` = '心灵感应' LIMIT 1   [ RunTime:0.000361s ]

[ 2016-06-19T11:46:23+08:00 ] 192.168.1.104 /abc/hongyi/Fun/index.php/Home/Index/userLogin.html
INFO: [ app_init ] --START--
INFO: Run Behavior\BuildLiteBehavior [ RunTime:0.000038s ]
INFO: [ app_init ] --END-- [ RunTime:0.000712s ]
INFO: [ app_begin ] --START--
INFO: Run Behavior\ReadHtmlCacheBehavior [ RunTime:0.001094s ]
INFO: [ app_begin ] --END-- [ RunTime:0.001249s ]
NOTIC: [8192] mysql_connect(): The mysql extension is deprecated and will be removed in the future: use mysqli or PDO instead D:\wamp\www\abc\hongyi\Fun\ThinkPHP\Library\Think\Db\Driver\Mysql.class.php 第 52 行.
SQL: SHOW COLUMNS FROM `game_category` [ RunTime:0.006153s ]
SQL: SELECT * FROM `game_category` WHERE `status` = 1  [ RunTime:0.000256s ]
SQL: SHOW COLUMNS FROM `game_talk` [ RunTime:0.006956s ]
SQL: SELECT `name`,`content`,`upload_time` FROM `game_talk` INNER JOIN game_user ON game_talk.pid = game_user.user_id  WHERE `data_status` = 1 ORDER BY upload_time DESC LIMIT 4   [ RunTime:0.005052s ]
NOTIC: [8] Undefined index: id D:\wamp\www\abc\hongyi\Fun\Application\Home\Controller\BaseController.class.php 第 11 行.
SQL: SHOW COLUMNS FROM `game_user` [ RunTime:0.006959s ]
NOTIC: [8] Undefined index: id D:\wamp\www\abc\hongyi\Fun\Application\Home\Model\UserModel.class.php 第 6 行.
SQL: SELECT `name` FROM `game_user` WHERE `id` = null LIMIT 1   [ RunTime:0.000202s ]
NOTIC: [8] Undefined index: id D:\wamp\www\abc\hongyi\Fun\Application\Home\Controller\IndexController.class.php 第 10 行.
INFO: [ view_parse ] --START--
INFO: [ template_filter ] --START--
INFO: Run Behavior\ContentReplaceBehavior [ RunTime:0.000115s ]
INFO: [ template_filter ] --END-- [ RunTime:0.000297s ]
INFO: Run Behavior\ParseTemplateBehavior [ RunTime:0.018026s ]
INFO: [ view_parse ] --END-- [ RunTime:0.018138s ]
INFO: [ view_filter ] --START--
INFO: Run Behavior\WriteHtmlCacheBehavior [ RunTime:0.000994s ]
INFO: [ view_filter ] --END-- [ RunTime:0.001085s ]
INFO: [ app_end ] --START--
INFO: Run Behavior\ShowPageTraceBehavior [ RunTime:0.001149s ]
INFO: [ app_end ] --END-- [ RunTime:0.001410s ]

[ 2016-06-19T11:46:31+08:00 ] 192.168.1.104 /abc/hongyi/Fun/index.php/Home/Index/login.html
INFO: [ app_init ] --START--
INFO: Run Behavior\BuildLiteBehavior [ RunTime:0.000024s ]
INFO: [ app_init ] --END-- [ RunTime:0.000430s ]
INFO: [ app_begin ] --START--
INFO: Run Behavior\ReadHtmlCacheBehavior [ RunTime:0.000770s ]
INFO: [ app_begin ] --END-- [ RunTime:0.000883s ]
NOTIC: [8192] mysql_connect(): The mysql extension is deprecated and will be removed in the future: use mysqli or PDO instead D:\wamp\www\abc\hongyi\Fun\ThinkPHP\Library\Think\Db\Driver\Mysql.class.php 第 52 行.
SQL: SHOW COLUMNS FROM `game_category` [ RunTime:0.079440s ]
SQL: SELECT * FROM `game_category` WHERE `status` = 1  [ RunTime:0.000270s ]
SQL: SHOW COLUMNS FROM `game_talk` [ RunTime:0.006726s ]
SQL: SELECT `name`,`content`,`upload_time` FROM `game_talk` INNER JOIN game_user ON game_talk.pid = game_user.user_id  WHERE `data_status` = 1 ORDER BY upload_time DESC LIMIT 4   [ RunTime:0.005381s ]
NOTIC: [8] Undefined index: id D:\wamp\www\abc\hongyi\Fun\Application\Home\Controller\BaseController.class.php 第 11 行.
SQL: SHOW COLUMNS FROM `game_user` [ RunTime:0.007025s ]
SQL: SELECT `id`,`status`,`user_id` FROM `game_user` WHERE `user_id` = 12345 AND `psw` = '123' AND `status` <> 0 LIMIT 1   [ RunTime:0.000249s ]
INFO: [ view_parse ] --START--
INFO: [ template_filter ] --START--
INFO: Run Behavior\ContentReplaceBehavior [ RunTime:0.000065s ]
INFO: [ template_filter ] --END-- [ RunTime:0.000181s ]
INFO: Run Behavior\ParseTemplateBehavior [ RunTime:0.046294s ]
INFO: [ view_parse ] --END-- [ RunTime:0.046419s ]
INFO: [ view_filter ] --START--
INFO: Run Behavior\WriteHtmlCacheBehavior [ RunTime:0.000736s ]
INFO: [ view_filter ] --END-- [ RunTime:0.000836s ]

[ 2016-06-19T11:46:43+08:00 ] 192.168.1.104 /abc/hongyi/Fun/index.php/Home/Index/login.html
INFO: [ app_init ] --START--
INFO: Run Behavior\BuildLiteBehavior [ RunTime:0.000023s ]
INFO: [ app_init ] --END-- [ RunTime:0.000874s ]
INFO: [ app_begin ] --START--
INFO: Run Behavior\ReadHtmlCacheBehavior [ RunTime:0.002323s ]
INFO: [ app_begin ] --END-- [ RunTime:0.002437s ]
NOTIC: [8192] mysql_connect(): The mysql extension is deprecated and will be removed in the future: use mysqli or PDO instead D:\wamp\www\abc\hongyi\Fun\ThinkPHP\Library\Think\Db\Driver\Mysql.class.php 第 52 行.
SQL: SHOW COLUMNS FROM `game_category` [ RunTime:0.087093s ]
SQL: SELECT * FROM `game_category` WHERE `status` = 1  [ RunTime:0.000349s ]
SQL: SHOW COLUMNS FROM `game_talk` [ RunTime:0.005745s ]
SQL: SELECT `name`,`content`,`upload_time` FROM `game_talk` INNER JOIN game_user ON game_talk.pid = game_user.user_id  WHERE `data_status` = 1 ORDER BY upload_time DESC LIMIT 4   [ RunTime:0.005814s ]
NOTIC: [8] Undefined index: id D:\wamp\www\abc\hongyi\Fun\Application\Home\Controller\BaseController.class.php 第 11 行.
SQL: SHOW COLUMNS FROM `game_user` [ RunTime:0.006993s ]
SQL: SELECT `id`,`status`,`user_id` FROM `game_user` WHERE `user_id` = 123 AND `psw` = '123' AND `status` <> 0 LIMIT 1   [ RunTime:0.000278s ]
INFO: [ view_parse ] --START--
INFO: [ template_filter ] --START--
INFO: Run Behavior\ContentReplaceBehavior [ RunTime:0.000056s ]
INFO: [ template_filter ] --END-- [ RunTime:0.000163s ]
INFO: Run Behavior\ParseTemplateBehavior [ RunTime:0.010408s ]
INFO: [ view_parse ] --END-- [ RunTime:0.010522s ]
INFO: [ view_filter ] --START--
INFO: Run Behavior\WriteHtmlCacheBehavior [ RunTime:0.001384s ]
INFO: [ view_filter ] --END-- [ RunTime:0.001514s ]

[ 2016-06-19T11:46:50+08:00 ] 192.168.1.104 /abc/hongyi/Fun/index.php/Home/Index/login.html
INFO: [ app_init ] --START--
INFO: Run Behavior\BuildLiteBehavior [ RunTime:0.000027s ]
INFO: [ app_init ] --END-- [ RunTime:0.000631s ]
INFO: [ app_begin ] --START--
INFO: Run Behavior\ReadHtmlCacheBehavior [ RunTime:0.001134s ]
INFO: [ app_begin ] --END-- [ RunTime:0.001303s ]
NOTIC: [8192] mysql_connect(): The mysql extension is deprecated and will be removed in the future: use mysqli or PDO instead D:\wamp\www\abc\hongyi\Fun\ThinkPHP\Library\Think\Db\Driver\Mysql.class.php 第 52 行.
SQL: SHOW COLUMNS FROM `game_category` [ RunTime:0.006475s ]
SQL: SELECT * FROM `game_category` WHERE `status` = 1  [ RunTime:0.000233s ]
SQL: SHOW COLUMNS FROM `game_talk` [ RunTime:0.005323s ]
SQL: SELECT `name`,`content`,`upload_time` FROM `game_talk` INNER JOIN game_user ON game_talk.pid = game_user.user_id  WHERE `data_status` = 1 ORDER BY upload_time DESC LIMIT 4   [ RunTime:0.004747s ]
NOTIC: [8] Undefined index: id D:\wamp\www\abc\hongyi\Fun\Application\Home\Controller\BaseController.class.php 第 11 行.
SQL: SHOW COLUMNS FROM `game_user` [ RunTime:0.005999s ]
SQL: SELECT `id`,`status`,`user_id` FROM `game_user` WHERE `user_id` = 123 AND `psw` = '12' AND `status` <> 0 LIMIT 1   [ RunTime:0.000240s ]
INFO: [ view_parse ] --START--
INFO: [ template_filter ] --START--
INFO: Run Behavior\ContentReplaceBehavior [ RunTime:0.000056s ]
INFO: [ template_filter ] --END-- [ RunTime:0.000162s ]
INFO: Run Behavior\ParseTemplateBehavior [ RunTime:0.008158s ]
INFO: [ view_parse ] --END-- [ RunTime:0.008280s ]
INFO: [ view_filter ] --START--
INFO: Run Behavior\WriteHtmlCacheBehavior [ RunTime:0.000615s ]
INFO: [ view_filter ] --END-- [ RunTime:0.000721s ]
INFO: [ app_end ] --START--
INFO: Run Behavior\ShowPageTraceBehavior [ RunTime:0.000799s ]
INFO: [ app_end ] --END-- [ RunTime:0.000927s ]

[ 2016-06-19T11:46:52+08:00 ] 192.168.1.104 /abc/hongyi/Fun/index.php/Home/Index/Index/index
INFO: [ app_init ] --START--
INFO: Run Behavior\BuildLiteBehavior [ RunTime:0.000024s ]
INFO: [ app_init ] --END-- [ RunTime:0.000440s ]
INFO: [ app_begin ] --START--
INFO: Run Behavior\ReadHtmlCacheBehavior [ RunTime:0.000764s ]
INFO: [ app_begin ] --END-- [ RunTime:0.000870s ]
NOTIC: [8192] mysql_connect(): The mysql extension is deprecated and will be removed in the future: use mysqli or PDO instead D:\wamp\www\abc\hongyi\Fun\ThinkPHP\Library\Think\Db\Driver\Mysql.class.php 第 52 行.
SQL: SHOW COLUMNS FROM `game_category` [ RunTime:0.020161s ]
SQL: SELECT * FROM `game_category` WHERE `status` = 1  [ RunTime:0.000239s ]
SQL: SHOW COLUMNS FROM `game_talk` [ RunTime:0.005673s ]
SQL: SELECT `name`,`content`,`upload_time` FROM `game_talk` INNER JOIN game_user ON game_talk.pid = game_user.user_id  WHERE `data_status` = 1 ORDER BY upload_time DESC LIMIT 4   [ RunTime:0.005012s ]
INFO: [ view_parse ] --START--
INFO: [ template_filter ] --START--
INFO: Run Behavior\ContentReplaceBehavior [ RunTime:0.000069s ]
INFO: [ template_filter ] --END-- [ RunTime:0.000176s ]
INFO: Run Behavior\ParseTemplateBehavior [ RunTime:0.045700s ]
INFO: [ view_parse ] --END-- [ RunTime:0.045817s ]
INFO: [ view_filter ] --START--
INFO: Run Behavior\WriteHtmlCacheBehavior [ RunTime:0.000697s ]
INFO: [ view_filter ] --END-- [ RunTime:0.000790s ]
INFO: [ app_end ] --START--
INFO: Run Behavior\ShowPageTraceBehavior [ RunTime:0.000785s ]
INFO: [ app_end ] --END-- [ RunTime:0.000880s ]

[ 2016-06-19T11:46:55+08:00 ] 192.168.1.104 /abc/hongyi/Fun/index.php/Home/Index/game1.html
INFO: [ app_init ] --START--
INFO: Run Behavior\BuildLiteBehavior [ RunTime:0.000038s ]
INFO: [ app_init ] --END-- [ RunTime:0.000665s ]
INFO: [ app_begin ] --START--
INFO: Run Behavior\ReadHtmlCacheBehavior [ RunTime:0.001200s ]
INFO: [ app_begin ] --END-- [ RunTime:0.001394s ]
NOTIC: [8192] mysql_connect(): The mysql extension is deprecated and will be removed in the future: use mysqli or PDO instead D:\wamp\www\abc\hongyi\Fun\ThinkPHP\Library\Think\Db\Driver\Mysql.class.php 第 52 行.
SQL: SHOW COLUMNS FROM `game_category` [ RunTime:0.021846s ]
SQL: SELECT * FROM `game_category` WHERE `status` = 1  [ RunTime:0.000336s ]
SQL: SHOW COLUMNS FROM `game_talk` [ RunTime:0.007961s ]
SQL: SELECT `name`,`content`,`upload_time` FROM `game_talk` INNER JOIN game_user ON game_talk.pid = game_user.user_id  WHERE `data_status` = 1 ORDER BY upload_time DESC LIMIT 4   [ RunTime:0.007302s ]
SQL: SHOW COLUMNS FROM `game_num` [ RunTime:0.105827s ]
SQL: SELECT * FROM `game_num`  [ RunTime:0.000296s ]
INFO: [ view_parse ] --START--
INFO: [ template_filter ] --START--
INFO: Run Behavior\ContentReplaceBehavior [ RunTime:0.000116s ]
INFO: [ template_filter ] --END-- [ RunTime:0.000297s ]
INFO: Run Behavior\ParseTemplateBehavior [ RunTime:0.031939s ]
INFO: [ view_parse ] --END-- [ RunTime:0.032136s ]
INFO: [ view_filter ] --START--
INFO: Run Behavior\WriteHtmlCacheBehavior [ RunTime:0.001032s ]
INFO: [ view_filter ] --END-- [ RunTime:0.001200s ]
INFO: [ app_end ] --START--
INFO: Run Behavior\ShowPageTraceBehavior [ RunTime:0.001197s ]
INFO: [ app_end ] --END-- [ RunTime:0.001359s ]

[ 2016-06-19T11:47:08+08:00 ] 192.168.1.104 /abc/hongyi/Fun/index.php/Home/Index/category/id/4.html
INFO: [ app_init ] --START--
INFO: Run Behavior\BuildLiteBehavior [ RunTime:0.000040s ]
INFO: [ app_init ] --END-- [ RunTime:0.000652s ]
INFO: [ app_begin ] --START--
INFO: Run Behavior\ReadHtmlCacheBehavior [ RunTime:0.000779s ]
INFO: [ app_begin ] --END-- [ RunTime:0.000885s ]
NOTIC: [8192] mysql_connect(): The mysql extension is deprecated and will be removed in the future: use mysqli or PDO instead D:\wamp\www\abc\hongyi\Fun\ThinkPHP\Library\Think\Db\Driver\Mysql.class.php 第 52 行.
SQL: SHOW COLUMNS FROM `game_category` [ RunTime:0.007482s ]
SQL: SELECT * FROM `game_category` WHERE `status` = 1  [ RunTime:0.000277s ]
SQL: SHOW COLUMNS FROM `game_talk` [ RunTime:0.005666s ]
SQL: SELECT `name`,`content`,`upload_time` FROM `game_talk` INNER JOIN game_user ON game_talk.pid = game_user.user_id  WHERE `data_status` = 1 ORDER BY upload_time DESC LIMIT 4   [ RunTime:0.005000s ]

[ 2016-06-19T11:47:08+08:00 ] 192.168.1.104 /abc/hongyi/Fun/index.php/Home/Index/game.html
INFO: [ app_init ] --START--
INFO: Run Behavior\BuildLiteBehavior [ RunTime:0.000038s ]
INFO: [ app_init ] --END-- [ RunTime:0.000649s ]
INFO: [ app_begin ] --START--
INFO: Run Behavior\ReadHtmlCacheBehavior [ RunTime:0.001231s ]
INFO: [ app_begin ] --END-- [ RunTime:0.001455s ]
NOTIC: [8192] mysql_connect(): The mysql extension is deprecated and will be removed in the future: use mysqli or PDO instead D:\wamp\www\abc\hongyi\Fun\ThinkPHP\Library\Think\Db\Driver\Mysql.class.php 第 52 行.
SQL: SHOW COLUMNS FROM `game_category` [ RunTime:0.007362s ]
SQL: SELECT * FROM `game_category` WHERE `status` = 1  [ RunTime:0.000338s ]
SQL: SHOW COLUMNS FROM `game_talk` [ RunTime:0.007636s ]
SQL: SELECT `name`,`content`,`upload_time` FROM `game_talk` INNER JOIN game_user ON game_talk.pid = game_user.user_id  WHERE `data_status` = 1 ORDER BY upload_time DESC LIMIT 4   [ RunTime:0.006680s ]
NOTIC: [8] Use of undefined constant sub - assumed 'sub' D:\wamp\www\abc\hongyi\Fun\Application\Home\Controller\IndexController.class.php 第 122 行.
NOTIC: [8] Undefined index: input D:\wamp\www\abc\hongyi\Fun\Application\Home\Controller\IndexController.class.php 第 156 行.
INFO: [ view_parse ] --START--
INFO: [ template_filter ] --START--
INFO: Run Behavior\ContentReplaceBehavior [ RunTime:0.000111s ]
INFO: [ template_filter ] --END-- [ RunTime:0.000305s ]
INFO: Run Behavior\ParseTemplateBehavior [ RunTime:0.051320s ]
INFO: [ view_parse ] --END-- [ RunTime:0.051506s ]
INFO: [ view_filter ] --START--
INFO: Run Behavior\WriteHtmlCacheBehavior [ RunTime:0.001044s ]
INFO: [ view_filter ] --END-- [ RunTime:0.001200s ]
INFO: [ app_end ] --START--
INFO: Run Behavior\ShowPageTraceBehavior [ RunTime:0.001122s ]
INFO: [ app_end ] --END-- [ RunTime:0.001294s ]

[ 2016-06-19T11:47:13+08:00 ] 192.168.1.104 /abc/hongyi/Fun/index.php/Home/Index/game.html
INFO: [ app_init ] --START--
INFO: Run Behavior\BuildLiteBehavior [ RunTime:0.000039s ]
INFO: [ app_init ] --END-- [ RunTime:0.000672s ]
INFO: [ app_begin ] --START--
INFO: Run Behavior\ReadHtmlCacheBehavior [ RunTime:0.001204s ]
INFO: [ app_begin ] --END-- [ RunTime:0.001390s ]
NOTIC: [8192] mysql_connect(): The mysql extension is deprecated and will be removed in the future: use mysqli or PDO instead D:\wamp\www\abc\hongyi\Fun\ThinkPHP\Library\Think\Db\Driver\Mysql.class.php 第 52 行.
SQL: SHOW COLUMNS FROM `game_category` [ RunTime:0.007134s ]
SQL: SELECT * FROM `game_category` WHERE `status` = 1  [ RunTime:0.000306s ]
SQL: SHOW COLUMNS FROM `game_talk` [ RunTime:0.007176s ]
SQL: SELECT `name`,`content`,`upload_time` FROM `game_talk` INNER JOIN game_user ON game_talk.pid = game_user.user_id  WHERE `data_status` = 1 ORDER BY upload_time DESC LIMIT 4   [ RunTime:0.006411s ]
NOTIC: [8] Use of undefined constant sub - assumed 'sub' D:\wamp\www\abc\hongyi\Fun\Application\Home\Controller\IndexController.class.php 第 122 行.
INFO: [ view_parse ] --START--
INFO: [ template_filter ] --START--
INFO: Run Behavior\ContentReplaceBehavior [ RunTime:0.000110s ]
INFO: [ template_filter ] --END-- [ RunTime:0.000300s ]
INFO: Run Behavior\ParseTemplateBehavior [ RunTime:0.023726s ]
INFO: [ view_parse ] --END-- [ RunTime:0.023926s ]
INFO: [ view_filter ] --START--
INFO: Run Behavior\WriteHtmlCacheBehavior [ RunTime:0.001089s ]
INFO: [ view_filter ] --END-- [ RunTime:0.001262s ]
INFO: [ app_end ] --START--
INFO: Run Behavior\ShowPageTraceBehavior [ RunTime:0.001217s ]
INFO: [ app_end ] --END-- [ RunTime:0.001392s ]

[ 2016-06-19T11:47:14+08:00 ] 192.168.1.104 /abc/hongyi/Fun/index.php/Home/Index/category/id/3.html
INFO: [ app_init ] --START--
INFO: Run Behavior\BuildLiteBehavior [ RunTime:0.000023s ]
INFO: [ app_init ] --END-- [ RunTime:0.000430s ]
INFO: [ app_begin ] --START--
INFO: Run Behavior\ReadHtmlCacheBehavior [ RunTime:0.000975s ]
INFO: [ app_begin ] --END-- [ RunTime:0.001081s ]
NOTIC: [8192] mysql_connect(): The mysql extension is deprecated and will be removed in the future: use mysqli or PDO instead D:\wamp\www\abc\hongyi\Fun\ThinkPHP\Library\Think\Db\Driver\Mysql.class.php 第 52 行.
SQL: SHOW COLUMNS FROM `game_category` [ RunTime:0.005615s ]
SQL: SELECT * FROM `game_category` WHERE `status` = 1  [ RunTime:0.000233s ]
SQL: SHOW COLUMNS FROM `game_talk` [ RunTime:0.005781s ]
SQL: SELECT `name`,`content`,`upload_time` FROM `game_talk` INNER JOIN game_user ON game_talk.pid = game_user.user_id  WHERE `data_status` = 1 ORDER BY upload_time DESC LIMIT 4   [ RunTime:0.005121s ]

[ 2016-06-19T11:47:15+08:00 ] 192.168.1.104 /abc/hongyi/Fun/index.php/Home/Index/record.html
INFO: [ app_init ] --START--
INFO: Run Behavior\BuildLiteBehavior [ RunTime:0.000023s ]
INFO: [ app_init ] --END-- [ RunTime:0.000415s ]
INFO: [ app_begin ] --START--
INFO: Run Behavior\ReadHtmlCacheBehavior [ RunTime:0.000772s ]
INFO: [ app_begin ] --END-- [ RunTime:0.000876s ]
NOTIC: [8192] mysql_connect(): The mysql extension is deprecated and will be removed in the future: use mysqli or PDO instead D:\wamp\www\abc\hongyi\Fun\ThinkPHP\Library\Think\Db\Driver\Mysql.class.php 第 52 行.
SQL: SHOW COLUMNS FROM `game_category` [ RunTime:0.005930s ]
SQL: SELECT * FROM `game_category` WHERE `status` = 1  [ RunTime:0.000246s ]
SQL: SHOW COLUMNS FROM `game_talk` [ RunTime:0.005636s ]
SQL: SELECT `name`,`content`,`upload_time` FROM `game_talk` INNER JOIN game_user ON game_talk.pid = game_user.user_id  WHERE `data_status` = 1 ORDER BY upload_time DESC LIMIT 4   [ RunTime:0.004941s ]
SQL: SHOW COLUMNS FROM `game_data` [ RunTime:0.005963s ]
NOTIC: [8] Undefined index: p D:\wamp\www\abc\hongyi\Fun\Application\Home\Model\DataModel.class.php 第 31 行.
SQL: SELECT `game_name`,`updata_time`,`times`,`result` FROM `game_data` WHERE `pid` = '123' AND `status` = 1 AND `game_name` = '猜数字' ORDER BY updata_time DESC LIMIT 0,9   [ RunTime:0.021035s ]
NOTIC: [8] Undefined index: p D:\wamp\www\abc\hongyi\Fun\Application\Home\Model\DataModel.class.php 第 31 行.
SQL: SELECT `game_name`,`updata_time`,`times`,`result` FROM `game_data` WHERE `pid` = '123' AND `status` = 1 AND `game_name` = '心灵感应' ORDER BY updata_time DESC LIMIT 0,9   [ RunTime:0.000306s ]
SQL: SELECT COUNT(*) AS tp_count FROM `game_data` WHERE `pid` = '123' AND `status` = 1 AND `game_name` = '猜数字' LIMIT 1   [ RunTime:0.000216s ]
SQL: SELECT COUNT(*) AS tp_count FROM `game_data` WHERE `pid` = '123' AND `status` = 1 AND `game_name` = '心灵感应' LIMIT 1   [ RunTime:0.000327s ]
INFO: [ view_parse ] --START--
INFO: [ template_filter ] --START--
INFO: Run Behavior\ContentReplaceBehavior [ RunTime:0.000073s ]
INFO: [ template_filter ] --END-- [ RunTime:0.000186s ]
INFO: Run Behavior\ParseTemplateBehavior [ RunTime:0.038268s ]
INFO: [ view_parse ] --END-- [ RunTime:0.038393s ]
INFO: [ view_filter ] --START--
INFO: Run Behavior\WriteHtmlCacheBehavior [ RunTime:0.000641s ]
INFO: [ view_filter ] --END-- [ RunTime:0.000732s ]
INFO: [ app_end ] --START--
INFO: Run Behavior\ShowPageTraceBehavior [ RunTime:0.000772s ]
INFO: [ app_end ] --END-- [ RunTime:0.000866s ]

[ 2016-06-19T11:47:25+08:00 ] 192.168.1.104 /abc/hongyi/Fun/index.php/Home/Index/record/p/2.html
INFO: [ app_init ] --START--
INFO: Run Behavior\BuildLiteBehavior [ RunTime:0.000040s ]
INFO: [ app_init ] --END-- [ RunTime:0.000924s ]
INFO: [ app_begin ] --START--
INFO: Run Behavior\ReadHtmlCacheBehavior [ RunTime:0.001441s ]
INFO: [ app_begin ] --END-- [ RunTime:0.001606s ]
NOTIC: [8192] mysql_connect(): The mysql extension is deprecated and will be removed in the future: use mysqli or PDO instead D:\wamp\www\abc\hongyi\Fun\ThinkPHP\Library\Think\Db\Driver\Mysql.class.php 第 52 行.
SQL: SHOW COLUMNS FROM `game_category` [ RunTime:0.005840s ]
SQL: SELECT * FROM `game_category` WHERE `status` = 1  [ RunTime:0.000240s ]
SQL: SHOW COLUMNS FROM `game_talk` [ RunTime:0.005705s ]
SQL: SELECT `name`,`content`,`upload_time` FROM `game_talk` INNER JOIN game_user ON game_talk.pid = game_user.user_id  WHERE `data_status` = 1 ORDER BY upload_time DESC LIMIT 4   [ RunTime:0.004965s ]
SQL: SHOW COLUMNS FROM `game_data` [ RunTime:0.005923s ]
SQL: SELECT `game_name`,`updata_time`,`times`,`result` FROM `game_data` WHERE `pid` = '123' AND `status` = 1 AND `game_name` = '猜数字' ORDER BY updata_time DESC LIMIT 9,9   [ RunTime:0.000334s ]
SQL: SELECT `game_name`,`updata_time`,`times`,`result` FROM `game_data` WHERE `pid` = '123' AND `status` = 1 AND `game_name` = '心灵感应' ORDER BY updata_time DESC LIMIT 9,9   [ RunTime:0.000238s ]
SQL: SELECT COUNT(*) AS tp_count FROM `game_data` WHERE `pid` = '123' AND `status` = 1 AND `game_name` = '猜数字' LIMIT 1   [ RunTime:0.000196s ]
SQL: SELECT COUNT(*) AS tp_count FROM `game_data` WHERE `pid` = '123' AND `status` = 1 AND `game_name` = '心灵感应' LIMIT 1   [ RunTime:0.000323s ]
INFO: [ view_parse ] --START--
INFO: [ template_filter ] --START--
INFO: Run Behavior\ContentReplaceBehavior [ RunTime:0.000074s ]
INFO: [ template_filter ] --END-- [ RunTime:0.000183s ]
INFO: Run Behavior\ParseTemplateBehavior [ RunTime:0.018702s ]
INFO: [ view_parse ] --END-- [ RunTime:0.018834s ]
INFO: [ view_filter ] --START--
INFO: Run Behavior\WriteHtmlCacheBehavior [ RunTime:0.000930s ]
INFO: [ view_filter ] --END-- [ RunTime:0.001023s ]
INFO: [ app_end ] --START--
INFO: Run Behavior\ShowPageTraceBehavior [ RunTime:0.001066s ]
INFO: [ app_end ] --END-- [ RunTime:0.001159s ]

[ 2016-06-19T11:47:27+08:00 ] 192.168.1.104 /abc/hongyi/Fun/index.php/Home/Index/record/p/3.html
INFO: [ app_init ] --START--
INFO: Run Behavior\BuildLiteBehavior [ RunTime:0.000041s ]
INFO: [ app_init ] --END-- [ RunTime:0.000929s ]
INFO: [ app_begin ] --START--
INFO: Run Behavior\ReadHtmlCacheBehavior [ RunTime:0.002022s ]
INFO: [ app_begin ] --END-- [ RunTime:0.002227s ]
NOTIC: [8192] mysql_connect(): The mysql extension is deprecated and will be removed in the future: use mysqli or PDO instead D:\wamp\www\abc\hongyi\Fun\ThinkPHP\Library\Think\Db\Driver\Mysql.class.php 第 52 行.
SQL: SHOW COLUMNS FROM `game_category` [ RunTime:0.154882s ]
SQL: SELECT * FROM `game_category` WHERE `status` = 1  [ RunTime:0.000302s ]
SQL: SHOW COLUMNS FROM `game_talk` [ RunTime:0.007768s ]
SQL: SELECT `name`,`content`,`upload_time` FROM `game_talk` INNER JOIN game_user ON game_talk.pid = game_user.user_id  WHERE `data_status` = 1 ORDER BY upload_time DESC LIMIT 4   [ RunTime:0.006465s ]
SQL: SHOW COLUMNS FROM `game_data` [ RunTime:0.007649s ]
SQL: SELECT `game_name`,`updata_time`,`times`,`result` FROM `game_data` WHERE `pid` = '123' AND `status` = 1 AND `game_name` = '猜数字' ORDER BY updata_time DESC LIMIT 18,9   [ RunTime:0.000470s ]
SQL: SELECT `game_name`,`updata_time`,`times`,`result` FROM `game_data` WHERE `pid` = '123' AND `status` = 1 AND `game_name` = '心灵感应' ORDER BY updata_time DESC LIMIT 18,9   [ RunTime:0.000339s ]
SQL: SELECT COUNT(*) AS tp_count FROM `game_data` WHERE `pid` = '123' AND `status` = 1 AND `game_name` = '猜数字' LIMIT 1   [ RunTime:0.000286s ]
SQL: SELECT COUNT(*) AS tp_count FROM `game_data` WHERE `pid` = '123' AND `status` = 1 AND `game_name` = '心灵感应' LIMIT 1   [ RunTime:0.000364s ]
INFO: [ view_parse ] --START--
INFO: [ template_filter ] --START--
INFO: Run Behavior\ContentReplaceBehavior [ RunTime:0.000123s ]
INFO: [ template_filter ] --END-- [ RunTime:0.000330s ]
INFO: Run Behavior\ParseTemplateBehavior [ RunTime:0.029813s ]
INFO: [ view_parse ] --END-- [ RunTime:0.030010s ]
INFO: [ view_filter ] --START--
INFO: Run Behavior\WriteHtmlCacheBehavior [ RunTime:0.001473s ]
INFO: [ view_filter ] --END-- [ RunTime:0.001649s ]
INFO: [ app_end ] --START--
INFO: Run Behavior\ShowPageTraceBehavior [ RunTime:0.001664s ]
INFO: [ app_end ] --END-- [ RunTime:0.001837s ]

[ 2016-06-19T11:47:30+08:00 ] 192.168.1.104 /abc/hongyi/Fun/index.php/Home/Index/record/p/2.html
INFO: [ app_init ] --START--
INFO: Run Behavior\BuildLiteBehavior [ RunTime:0.000038s ]
INFO: [ app_init ] --END-- [ RunTime:0.000868s ]
INFO: [ app_begin ] --START--
INFO: Run Behavior\ReadHtmlCacheBehavior [ RunTime:0.001710s ]
INFO: [ app_begin ] --END-- [ RunTime:0.001892s ]
NOTIC: [8192] mysql_connect(): The mysql extension is deprecated and will be removed in the future: use mysqli or PDO instead D:\wamp\www\abc\hongyi\Fun\ThinkPHP\Library\Think\Db\Driver\Mysql.class.php 第 52 行.
SQL: SHOW COLUMNS FROM `game_category` [ RunTime:0.007324s ]
SQL: SELECT * FROM `game_category` WHERE `status` = 1  [ RunTime:0.000236s ]
SQL: SHOW COLUMNS FROM `game_talk` [ RunTime:0.005590s ]
SQL: SELECT `name`,`content`,`upload_time` FROM `game_talk` INNER JOIN game_user ON game_talk.pid = game_user.user_id  WHERE `data_status` = 1 ORDER BY upload_time DESC LIMIT 4   [ RunTime:0.005072s ]
SQL: SHOW COLUMNS FROM `game_data` [ RunTime:0.005470s ]
SQL: SELECT `game_name`,`updata_time`,`times`,`result` FROM `game_data` WHERE `pid` = '123' AND `status` = 1 AND `game_name` = '猜数字' ORDER BY updata_time DESC LIMIT 9,9   [ RunTime:0.000330s ]
SQL: SELECT `game_name`,`updata_time`,`times`,`result` FROM `game_data` WHERE `pid` = '123' AND `status` = 1 AND `game_name` = '心灵感应' ORDER BY updata_time DESC LIMIT 9,9   [ RunTime:0.000245s ]
SQL: SELECT COUNT(*) AS tp_count FROM `game_data` WHERE `pid` = '123' AND `status` = 1 AND `game_name` = '猜数字' LIMIT 1   [ RunTime:0.000234s ]
SQL: SELECT COUNT(*) AS tp_count FROM `game_data` WHERE `pid` = '123' AND `status` = 1 AND `game_name` = '心灵感应' LIMIT 1   [ RunTime:0.000304s ]
INFO: [ view_parse ] --START--
INFO: [ template_filter ] --START--
INFO: Run Behavior\ContentReplaceBehavior [ RunTime:0.000117s ]
INFO: [ template_filter ] --END-- [ RunTime:0.000299s ]
INFO: Run Behavior\ParseTemplateBehavior [ RunTime:0.055669s ]
INFO: [ view_parse ] --END-- [ RunTime:0.055782s ]
INFO: [ view_filter ] --START--
INFO: Run Behavior\WriteHtmlCacheBehavior [ RunTime:0.001023s ]
INFO: [ view_filter ] --END-- [ RunTime:0.001149s ]
INFO: [ app_end ] --START--
INFO: Run Behavior\ShowPageTraceBehavior [ RunTime:0.001087s ]
INFO: [ app_end ] --END-- [ RunTime:0.001181s ]

[ 2016-06-19T11:47:33+08:00 ] 192.168.1.104 /abc/hongyi/Fun/index.php/Home/Index/category/id/5.html
INFO: [ app_init ] --START--
INFO: Run Behavior\BuildLiteBehavior [ RunTime:0.000036s ]
INFO: [ app_init ] --END-- [ RunTime:0.000848s ]
INFO: [ app_begin ] --START--
INFO: Run Behavior\ReadHtmlCacheBehavior [ RunTime:0.001679s ]
INFO: [ app_begin ] --END-- [ RunTime:0.001858s ]
NOTIC: [8192] mysql_connect(): The mysql extension is deprecated and will be removed in the future: use mysqli or PDO instead D:\wamp\www\abc\hongyi\Fun\ThinkPHP\Library\Think\Db\Driver\Mysql.class.php 第 52 行.
SQL: SHOW COLUMNS FROM `game_category` [ RunTime:0.009221s ]
SQL: SELECT * FROM `game_category` WHERE `status` = 1  [ RunTime:0.000326s ]
SQL: SHOW COLUMNS FROM `game_talk` [ RunTime:0.020601s ]
SQL: SELECT `name`,`content`,`upload_time` FROM `game_talk` INNER JOIN game_user ON game_talk.pid = game_user.user_id  WHERE `data_status` = 1 ORDER BY upload_time DESC LIMIT 4   [ RunTime:0.008527s ]

[ 2016-06-19T11:47:34+08:00 ] 192.168.1.104 /abc/hongyi/Fun/index.php/Home/Index/game1.html
INFO: [ app_init ] --START--
INFO: Run Behavior\BuildLiteBehavior [ RunTime:0.000037s ]
INFO: [ app_init ] --END-- [ RunTime:0.000858s ]
INFO: [ app_begin ] --START--
INFO: Run Behavior\ReadHtmlCacheBehavior [ RunTime:0.001561s ]
INFO: [ app_begin ] --END-- [ RunTime:0.001756s ]
NOTIC: [8192] mysql_connect(): The mysql extension is deprecated and will be removed in the future: use mysqli or PDO instead D:\wamp\www\abc\hongyi\Fun\ThinkPHP\Library\Think\Db\Driver\Mysql.class.php 第 52 行.
SQL: SHOW COLUMNS FROM `game_category` [ RunTime:0.103151s ]
SQL: SELECT * FROM `game_category` WHERE `status` = 1  [ RunTime:0.000297s ]
SQL: SHOW COLUMNS FROM `game_talk` [ RunTime:0.013857s ]
SQL: SELECT `name`,`content`,`upload_time` FROM `game_talk` INNER JOIN game_user ON game_talk.pid = game_user.user_id  WHERE `data_status` = 1 ORDER BY upload_time DESC LIMIT 4   [ RunTime:0.006296s ]
SQL: SHOW COLUMNS FROM `game_num` [ RunTime:0.006235s ]
SQL: SELECT * FROM `game_num`  [ RunTime:0.000306s ]
INFO: [ view_parse ] --START--
INFO: [ template_filter ] --START--
INFO: Run Behavior\ContentReplaceBehavior [ RunTime:0.000117s ]
INFO: [ template_filter ] --END-- [ RunTime:0.000296s ]
INFO: Run Behavior\ParseTemplateBehavior [ RunTime:0.027638s ]
INFO: [ view_parse ] --END-- [ RunTime:0.027823s ]
INFO: [ view_filter ] --START--
INFO: Run Behavior\WriteHtmlCacheBehavior [ RunTime:0.001423s ]
INFO: [ view_filter ] --END-- [ RunTime:0.001589s ]
INFO: [ app_end ] --START--
INFO: Run Behavior\ShowPageTraceBehavior [ RunTime:0.001508s ]
INFO: [ app_end ] --END-- [ RunTime:0.001670s ]

[ 2016-06-19T11:47:37+08:00 ] 192.168.1.104 /abc/hongyi/Fun/index.php/Home/Index/game1.html
INFO: [ app_init ] --START--
INFO: Run Behavior\BuildLiteBehavior [ RunTime:0.000034s ]
INFO: [ app_init ] --END-- [ RunTime:0.000641s ]
INFO: [ app_begin ] --START--
INFO: Run Behavior\ReadHtmlCacheBehavior [ RunTime:0.001053s ]
INFO: [ app_begin ] --END-- [ RunTime:0.001160s ]
NOTIC: [8192] mysql_connect(): The mysql extension is deprecated and will be removed in the future: use mysqli or PDO instead D:\wamp\www\abc\hongyi\Fun\ThinkPHP\Library\Think\Db\Driver\Mysql.class.php 第 52 行.
SQL: SHOW COLUMNS FROM `game_category` [ RunTime:0.036087s ]
SQL: SELECT * FROM `game_category` WHERE `status` = 1  [ RunTime:0.000381s ]
SQL: SHOW COLUMNS FROM `game_talk` [ RunTime:0.005356s ]
SQL: SELECT `name`,`content`,`upload_time` FROM `game_talk` INNER JOIN game_user ON game_talk.pid = game_user.user_id  WHERE `data_status` = 1 ORDER BY upload_time DESC LIMIT 4   [ RunTime:0.004926s ]
SQL: SHOW COLUMNS FROM `game_num` [ RunTime:0.005167s ]
SQL: SELECT * FROM `game_num`  [ RunTime:0.000205s ]
SQL: SHOW COLUMNS FROM `game_data` [ RunTime:0.020968s ]
SQL: INSERT INTO `game_data` (`result`,`updata_time`,`game_name`,`pid`) VALUES (6,1466308057,'心灵感应',123) [ RunTime:0.175275s ]
INFO: [ view_parse ] --START--
INFO: [ template_filter ] --START--
INFO: Run Behavior\ContentReplaceBehavior [ RunTime:0.000070s ]
INFO: [ template_filter ] --END-- [ RunTime:0.000179s ]
INFO: Run Behavior\ParseTemplateBehavior [ RunTime:0.021183s ]
INFO: [ view_parse ] --END-- [ RunTime:0.021361s ]
INFO: [ view_filter ] --START--
INFO: Run Behavior\WriteHtmlCacheBehavior [ RunTime:0.001469s ]
INFO: [ view_filter ] --END-- [ RunTime:0.001614s ]
INFO: [ app_end ] --START--
INFO: Run Behavior\ShowPageTraceBehavior [ RunTime:0.001215s ]
INFO: [ app_end ] --END-- [ RunTime:0.001310s ]

[ 2016-06-19T11:47:50+08:00 ] 192.168.1.104 /abc/hongyi/Fun/index.php/Home/Index/game1.html
INFO: [ app_init ] --START--
INFO: Run Behavior\BuildLiteBehavior [ RunTime:0.000038s ]
INFO: [ app_init ] --END-- [ RunTime:0.000773s ]
INFO: [ app_begin ] --START--
INFO: Run Behavior\ReadHtmlCacheBehavior [ RunTime:0.001227s ]
INFO: [ app_begin ] --END-- [ RunTime:0.001405s ]
NOTIC: [8192] mysql_connect(): The mysql extension is deprecated and will be removed in the future: use mysqli or PDO instead D:\wamp\www\abc\hongyi\Fun\ThinkPHP\Library\Think\Db\Driver\Mysql.class.php 第 52 行.
SQL: SHOW COLUMNS FROM `game_category` [ RunTime:0.022870s ]
SQL: SELECT * FROM `game_category` WHERE `status` = 1  [ RunTime:0.000248s ]
SQL: SHOW COLUMNS FROM `game_talk` [ RunTime:0.005271s ]
SQL: SELECT `name`,`content`,`upload_time` FROM `game_talk` INNER JOIN game_user ON game_talk.pid = game_user.user_id  WHERE `data_status` = 1 ORDER BY upload_time DESC LIMIT 4   [ RunTime:0.005297s ]
SQL: SHOW COLUMNS FROM `game_num` [ RunTime:0.005068s ]
SQL: SELECT * FROM `game_num`  [ RunTime:0.000213s ]
SQL: SHOW COLUMNS FROM `game_data` [ RunTime:0.005322s ]
SQL: INSERT INTO `game_data` (`result`,`updata_time`,`game_name`,`pid`) VALUES (7,1466308070,'心灵感应',123) [ RunTime:0.182518s ]
INFO: [ view_parse ] --START--
INFO: [ template_filter ] --START--
INFO: Run Behavior\ContentReplaceBehavior [ RunTime:0.000119s ]
INFO: [ template_filter ] --END-- [ RunTime:0.000310s ]
INFO: Run Behavior\ParseTemplateBehavior [ RunTime:0.027962s ]
INFO: [ view_parse ] --END-- [ RunTime:0.028152s ]
INFO: [ view_filter ] --START--
INFO: Run Behavior\WriteHtmlCacheBehavior [ RunTime:0.001060s ]
INFO: [ view_filter ] --END-- [ RunTime:0.001222s ]
INFO: [ app_end ] --START--
INFO: Run Behavior\ShowPageTraceBehavior [ RunTime:0.001167s ]
INFO: [ app_end ] --END-- [ RunTime:0.001342s ]

[ 2016-06-19T11:48:00+08:00 ] 192.168.1.104 /abc/hongyi/Fun/index.php/Home/Index/category/id/1.html
INFO: [ app_init ] --START--
INFO: Run Behavior\BuildLiteBehavior [ RunTime:0.000022s ]
INFO: [ app_init ] --END-- [ RunTime:0.000591s ]
INFO: [ app_begin ] --START--
INFO: Run Behavior\ReadHtmlCacheBehavior [ RunTime:0.001078s ]
INFO: [ app_begin ] --END-- [ RunTime:0.001186s ]
NOTIC: [8192] mysql_connect(): The mysql extension is deprecated and will be removed in the future: use mysqli or PDO instead D:\wamp\www\abc\hongyi\Fun\ThinkPHP\Library\Think\Db\Driver\Mysql.class.php 第 52 行.
SQL: SHOW COLUMNS FROM `game_category` [ RunTime:0.013767s ]
SQL: SELECT * FROM `game_category` WHERE `status` = 1  [ RunTime:0.000336s ]
SQL: SHOW COLUMNS FROM `game_talk` [ RunTime:0.007205s ]
SQL: SELECT `name`,`content`,`upload_time` FROM `game_talk` INNER JOIN game_user ON game_talk.pid = game_user.user_id  WHERE `data_status` = 1 ORDER BY upload_time DESC LIMIT 4   [ RunTime:0.007073s ]

[ 2016-06-19T11:48:01+08:00 ] 192.168.1.104 /abc/hongyi/Fun/index.php/Home/Index/index.html
INFO: [ app_init ] --START--
INFO: Run Behavior\BuildLiteBehavior [ RunTime:0.000023s ]
INFO: [ app_init ] --END-- [ RunTime:0.000571s ]
INFO: [ app_begin ] --START--
INFO: Run Behavior\ReadHtmlCacheBehavior [ RunTime:0.001289s ]
INFO: [ app_begin ] --END-- [ RunTime:0.001397s ]
NOTIC: [8192] mysql_connect(): The mysql extension is deprecated and will be removed in the future: use mysqli or PDO instead D:\wamp\www\abc\hongyi\Fun\ThinkPHP\Library\Think\Db\Driver\Mysql.class.php 第 52 行.
SQL: SHOW COLUMNS FROM `game_category` [ RunTime:0.007276s ]
SQL: SELECT * FROM `game_category` WHERE `status` = 1  [ RunTime:0.000251s ]
SQL: SHOW COLUMNS FROM `game_talk` [ RunTime:0.006060s ]
SQL: SELECT `name`,`content`,`upload_time` FROM `game_talk` INNER JOIN game_user ON game_talk.pid = game_user.user_id  WHERE `data_status` = 1 ORDER BY upload_time DESC LIMIT 4   [ RunTime:0.004833s ]
INFO: [ view_parse ] --START--
INFO: [ template_filter ] --START--
INFO: Run Behavior\ContentReplaceBehavior [ RunTime:0.000067s ]
INFO: [ template_filter ] --END-- [ RunTime:0.000172s ]
INFO: Run Behavior\ParseTemplateBehavior [ RunTime:0.015526s ]
INFO: [ view_parse ] --END-- [ RunTime:0.015638s ]
INFO: [ view_filter ] --START--
INFO: Run Behavior\WriteHtmlCacheBehavior [ RunTime:0.001214s ]
INFO: [ view_filter ] --END-- [ RunTime:0.001353s ]
INFO: [ app_end ] --START--
INFO: Run Behavior\ShowPageTraceBehavior [ RunTime:0.001720s ]
INFO: [ app_end ] --END-- [ RunTime:0.001898s ]

[ 2016-06-19T11:48:03+08:00 ] 192.168.1.104 /abc/hongyi/Fun/index.php/Home/Index/game1.html
INFO: [ app_init ] --START--
INFO: Run Behavior\BuildLiteBehavior [ RunTime:0.000039s ]
INFO: [ app_init ] --END-- [ RunTime:0.000929s ]
INFO: [ app_begin ] --START--
INFO: Run Behavior\ReadHtmlCacheBehavior [ RunTime:0.001712s ]
INFO: [ app_begin ] --END-- [ RunTime:0.001909s ]
NOTIC: [8192] mysql_connect(): The mysql extension is deprecated and will be removed in the future: use mysqli or PDO instead D:\wamp\www\abc\hongyi\Fun\ThinkPHP\Library\Think\Db\Driver\Mysql.class.php 第 52 行.
SQL: SHOW COLUMNS FROM `game_category` [ RunTime:0.007358s ]
SQL: SELECT * FROM `game_category` WHERE `status` = 1  [ RunTime:0.000300s ]
SQL: SHOW COLUMNS FROM `game_talk` [ RunTime:0.005937s ]
SQL: SELECT `name`,`content`,`upload_time` FROM `game_talk` INNER JOIN game_user ON game_talk.pid = game_user.user_id  WHERE `data_status` = 1 ORDER BY upload_time DESC LIMIT 4   [ RunTime:0.004987s ]
SQL: SHOW COLUMNS FROM `game_num` [ RunTime:0.006930s ]
SQL: SELECT * FROM `game_num`  [ RunTime:0.000327s ]
INFO: [ view_parse ] --START--
INFO: [ template_filter ] --START--
INFO: Run Behavior\ContentReplaceBehavior [ RunTime:0.000126s ]
INFO: [ template_filter ] --END-- [ RunTime:0.000324s ]
INFO: Run Behavior\ParseTemplateBehavior [ RunTime:0.024132s ]
INFO: [ view_parse ] --END-- [ RunTime:0.024291s ]
INFO: [ view_filter ] --START--
INFO: Run Behavior\WriteHtmlCacheBehavior [ RunTime:0.001529s ]
INFO: [ view_filter ] --END-- [ RunTime:0.001700s ]
INFO: [ app_end ] --START--
INFO: Run Behavior\ShowPageTraceBehavior [ RunTime:0.001686s ]
INFO: [ app_end ] --END-- [ RunTime:0.001861s ]

[ 2016-06-19T11:48:07+08:00 ] 192.168.1.104 /abc/hongyi/Fun/index.php/Home/Index/logout.html
INFO: [ app_init ] --START--
INFO: Run Behavior\BuildLiteBehavior [ RunTime:0.000023s ]
INFO: [ app_init ] --END-- [ RunTime:0.000571s ]
INFO: [ app_begin ] --START--
INFO: Run Behavior\ReadHtmlCacheBehavior [ RunTime:0.001051s ]
INFO: [ app_begin ] --END-- [ RunTime:0.001155s ]
NOTIC: [8192] mysql_connect(): The mysql extension is deprecated and will be removed in the future: use mysqli or PDO instead D:\wamp\www\abc\hongyi\Fun\ThinkPHP\Library\Think\Db\Driver\Mysql.class.php 第 52 行.
SQL: SHOW COLUMNS FROM `game_category` [ RunTime:0.005537s ]
SQL: SELECT * FROM `game_category` WHERE `status` = 1  [ RunTime:0.000238s ]
SQL: SHOW COLUMNS FROM `game_talk` [ RunTime:0.006472s ]
SQL: SELECT `name`,`content`,`upload_time` FROM `game_talk` INNER JOIN game_user ON game_talk.pid = game_user.user_id  WHERE `data_status` = 1 ORDER BY upload_time DESC LIMIT 4   [ RunTime:0.005437s ]
INFO: [ view_parse ] --START--
INFO: [ template_filter ] --START--
INFO: Run Behavior\ContentReplaceBehavior [ RunTime:0.000058s ]
INFO: [ template_filter ] --END-- [ RunTime:0.000163s ]
INFO: Run Behavior\ParseTemplateBehavior [ RunTime:0.008743s ]
INFO: [ view_parse ] --END-- [ RunTime:0.008873s ]
INFO: [ view_filter ] --START--
INFO: Run Behavior\WriteHtmlCacheBehavior [ RunTime:0.000920s ]
INFO: [ view_filter ] --END-- [ RunTime:0.001012s ]
INFO: [ app_end ] --START--
INFO: Run Behavior\ShowPageTraceBehavior [ RunTime:0.001060s ]
INFO: [ app_end ] --END-- [ RunTime:0.001153s ]

[ 2016-06-19T11:48:09+08:00 ] 192.168.1.104 /abc/hongyi/Fun/index.php/Home/Index/Index/index
INFO: [ app_init ] --START--
INFO: Run Behavior\BuildLiteBehavior [ RunTime:0.000022s ]
INFO: [ app_init ] --END-- [ RunTime:0.000586s ]
INFO: [ app_begin ] --START--
INFO: Run Behavior\ReadHtmlCacheBehavior [ RunTime:0.001041s ]
INFO: [ app_begin ] --END-- [ RunTime:0.001144s ]
NOTIC: [8192] mysql_connect(): The mysql extension is deprecated and will be removed in the future: use mysqli or PDO instead D:\wamp\www\abc\hongyi\Fun\ThinkPHP\Library\Think\Db\Driver\Mysql.class.php 第 52 行.
SQL: SHOW COLUMNS FROM `game_category` [ RunTime:0.005628s ]
SQL: SELECT * FROM `game_category` WHERE `status` = 1  [ RunTime:0.000238s ]
SQL: SHOW COLUMNS FROM `game_talk` [ RunTime:0.005575s ]
SQL: SELECT `name`,`content`,`upload_time` FROM `game_talk` INNER JOIN game_user ON game_talk.pid = game_user.user_id  WHERE `data_status` = 1 ORDER BY upload_time DESC LIMIT 4   [ RunTime:0.005027s ]
NOTIC: [8] Undefined index: id D:\wamp\www\abc\hongyi\Fun\Application\Home\Controller\BaseController.class.php 第 11 行.
INFO: [ view_parse ] --START--
INFO: [ template_filter ] --START--
INFO: Run Behavior\ContentReplaceBehavior [ RunTime:0.000066s ]
INFO: [ template_filter ] --END-- [ RunTime:0.000182s ]
INFO: Run Behavior\ParseTemplateBehavior [ RunTime:0.015763s ]
INFO: [ view_parse ] --END-- [ RunTime:0.015879s ]
INFO: [ view_filter ] --START--
INFO: Run Behavior\WriteHtmlCacheBehavior [ RunTime:0.001116s ]
INFO: [ view_filter ] --END-- [ RunTime:0.001212s ]
INFO: [ app_end ] --START--
INFO: Run Behavior\ShowPageTraceBehavior [ RunTime:0.001172s ]
INFO: [ app_end ] --END-- [ RunTime:0.001268s ]

[ 2016-06-19T11:48:11+08:00 ] 192.168.1.104 /abc/hongyi/Fun/index.php/Home/Index/game.html
INFO: [ app_init ] --START--
INFO: Run Behavior\BuildLiteBehavior [ RunTime:0.000022s ]
INFO: [ app_init ] --END-- [ RunTime:0.000574s ]
INFO: [ app_begin ] --START--
INFO: Run Behavior\ReadHtmlCacheBehavior [ RunTime:0.001065s ]
INFO: [ app_begin ] --END-- [ RunTime:0.001175s ]
NOTIC: [8192] mysql_connect(): The mysql extension is deprecated and will be removed in the future: use mysqli or PDO instead D:\wamp\www\abc\hongyi\Fun\ThinkPHP\Library\Think\Db\Driver\Mysql.class.php 第 52 行.
SQL: SHOW COLUMNS FROM `game_category` [ RunTime:0.006499s ]
SQL: SELECT * FROM `game_category` WHERE `status` = 1  [ RunTime:0.000269s ]
SQL: SHOW COLUMNS FROM `game_talk` [ RunTime:0.005276s ]
SQL: SELECT `name`,`content`,`upload_time` FROM `game_talk` INNER JOIN game_user ON game_talk.pid = game_user.user_id  WHERE `data_status` = 1 ORDER BY upload_time DESC LIMIT 4   [ RunTime:0.005278s ]
NOTIC: [8] Undefined index: id D:\wamp\www\abc\hongyi\Fun\Application\Home\Controller\BaseController.class.php 第 11 行.
NOTIC: [8] Use of undefined constant sub - assumed 'sub' D:\wamp\www\abc\hongyi\Fun\Application\Home\Controller\IndexController.class.php 第 122 行.
NOTIC: [8] Undefined index: input D:\wamp\www\abc\hongyi\Fun\Application\Home\Controller\IndexController.class.php 第 156 行.

[ 2016-06-19T11:48:11+08:00 ] 192.168.1.104 /abc/hongyi/Fun/index.php/Home/Index/userLogin.html
INFO: [ app_init ] --START--
INFO: Run Behavior\BuildLiteBehavior [ RunTime:0.000027s ]
INFO: [ app_init ] --END-- [ RunTime:0.000716s ]
INFO: [ app_begin ] --START--
INFO: Run Behavior\ReadHtmlCacheBehavior [ RunTime:0.001223s ]
INFO: [ app_begin ] --END-- [ RunTime:0.001395s ]
NOTIC: [8192] mysql_connect(): The mysql extension is deprecated and will be removed in the future: use mysqli or PDO instead D:\wamp\www\abc\hongyi\Fun\ThinkPHP\Library\Think\Db\Driver\Mysql.class.php 第 52 行.
SQL: SHOW COLUMNS FROM `game_category` [ RunTime:0.006432s ]
SQL: SELECT * FROM `game_category` WHERE `status` = 1  [ RunTime:0.000240s ]
SQL: SHOW COLUMNS FROM `game_talk` [ RunTime:0.005751s ]
SQL: SELECT `name`,`content`,`upload_time` FROM `game_talk` INNER JOIN game_user ON game_talk.pid = game_user.user_id  WHERE `data_status` = 1 ORDER BY upload_time DESC LIMIT 4   [ RunTime:0.005074s ]
NOTIC: [8] Undefined index: id D:\wamp\www\abc\hongyi\Fun\Application\Home\Controller\BaseController.class.php 第 11 行.
SQL: SHOW COLUMNS FROM `game_user` [ RunTime:0.005613s ]
NOTIC: [8] Undefined index: id D:\wamp\www\abc\hongyi\Fun\Application\Home\Model\UserModel.class.php 第 6 行.
SQL: SELECT `name` FROM `game_user` WHERE `id` = null LIMIT 1   [ RunTime:0.000258s ]
NOTIC: [8] Undefined index: id D:\wamp\www\abc\hongyi\Fun\Application\Home\Controller\IndexController.class.php 第 10 行.
INFO: [ view_parse ] --START--
INFO: [ template_filter ] --START--
INFO: Run Behavior\ContentReplaceBehavior [ RunTime:0.000067s ]
INFO: [ template_filter ] --END-- [ RunTime:0.000174s ]
INFO: Run Behavior\ParseTemplateBehavior [ RunTime:0.016021s ]
INFO: [ view_parse ] --END-- [ RunTime:0.016160s ]
INFO: [ view_filter ] --START--
INFO: Run Behavior\WriteHtmlCacheBehavior [ RunTime:0.000951s ]
INFO: [ view_filter ] --END-- [ RunTime:0.001045s ]
INFO: [ app_end ] --START--
INFO: Run Behavior\ShowPageTraceBehavior [ RunTime:0.001096s ]
INFO: [ app_end ] --END-- [ RunTime:0.001190s ]

