[ 2017-02-09T12:08:23+08:00 ] ::1 /abc/Homyit/sendMessage/index.php/Home/Index/send.html
INFO: [ app_init ] --START--
INFO: Run Behavior\BuildLiteBehavior [ RunTime:0.000108s ]
INFO: [ app_init ] --END-- [ RunTime:0.037713s ]
INFO: [ app_begin ] --START--
INFO: Run Behavior\ReadHtmlCacheBehavior [ RunTime:0.021677s ]
INFO: [ app_begin ] --END-- [ RunTime:0.022042s ]

[ 2017-02-09T12:09:18+08:00 ] ::1 /abc/Homyit/sendMessage/index.php/Home/Index/send.html
INFO: [ app_init ] --START--
INFO: Run Behavior\BuildLiteBehavior [ RunTime:0.000043s ]
INFO: [ app_init ] --END-- [ RunTime:0.000771s ]
INFO: [ app_begin ] --START--
INFO: Run Behavior\ReadHtmlCacheBehavior [ RunTime:0.000822s ]
INFO: [ app_begin ] --END-- [ RunTime:0.001035s ]

[ 2017-02-09T12:09:21+08:00 ] ::1 /abc/Homyit/sendMessage/index.php/Home/Index/send.html
INFO: [ app_init ] --START--
INFO: Run Behavior\BuildLiteBehavior [ RunTime:0.000023s ]
INFO: [ app_init ] --END-- [ RunTime:0.000442s ]
INFO: [ app_begin ] --START--
INFO: Run Behavior\ReadHtmlCacheBehavior [ RunTime:0.000476s ]
INFO: [ app_begin ] --END-- [ RunTime:0.000595s ]

[ 2017-02-09T12:11:57+08:00 ] ::1 /abc/Homyit/sendMessage/index.php/Home/Index/send.html
INFO: [ app_init ] --START--
INFO: Run Behavior\BuildLiteBehavior [ RunTime:0.000036s ]
INFO: [ app_init ] --END-- [ RunTime:0.000500s ]
INFO: [ app_begin ] --START--
INFO: Run Behavior\ReadHtmlCacheBehavior [ RunTime:0.000532s ]
INFO: [ app_begin ] --END-- [ RunTime:0.000649s ]

[ 2017-02-09T12:15:39+08:00 ] ::1 /abc/Homyit/sendMessage/index.php/Home/Index/send.html
INFO: [ app_init ] --START--
INFO: Run Behavior\BuildLiteBehavior [ RunTime:0.000023s ]
INFO: [ app_init ] --END-- [ RunTime:0.000473s ]
INFO: [ app_begin ] --START--
INFO: Run Behavior\ReadHtmlCacheBehavior [ RunTime:0.000545s ]
INFO: [ app_begin ] --END-- [ RunTime:0.000661s ]

[ 2017-02-09T12:15:50+08:00 ] ::1 /abc/Homyit/sendMessage/index.php/Home/Index/send.html
INFO: [ app_init ] --START--
INFO: Run Behavior\BuildLiteBehavior [ RunTime:0.000031s ]
INFO: [ app_init ] --END-- [ RunTime:0.000844s ]
INFO: [ app_begin ] --START--
INFO: Run Behavior\ReadHtmlCacheBehavior [ RunTime:0.000744s ]
INFO: [ app_begin ] --END-- [ RunTime:0.000915s ]

[ 2017-02-09T12:18:49+08:00 ] ::1 /abc/Homyit/sendMessage/index.php/Home/Index/send.html
INFO: [ app_init ] --START--
INFO: Run Behavior\BuildLiteBehavior [ RunTime:0.000024s ]
INFO: [ app_init ] --END-- [ RunTime:0.000470s ]
INFO: [ app_begin ] --START--
INFO: Run Behavior\ReadHtmlCacheBehavior [ RunTime:0.000536s ]
INFO: [ app_begin ] --END-- [ RunTime:0.000653s ]

[ 2017-02-09T12:19:05+08:00 ] ::1 /abc/Homyit/sendMessage/index.php/Home/Index/send.html
INFO: [ app_init ] --START--
INFO: Run Behavior\BuildLiteBehavior [ RunTime:0.000052s ]
INFO: [ app_init ] --END-- [ RunTime:0.001530s ]
INFO: [ app_begin ] --START--
INFO: Run Behavior\ReadHtmlCacheBehavior [ RunTime:0.000638s ]
INFO: [ app_begin ] --END-- [ RunTime:0.000780s ]

[ 2017-02-09T12:33:57+08:00 ] ::1 /abc/Homyit/sendMessage/index.php/Home/Index/send.html
INFO: [ app_init ] --START--
INFO: Run Behavior\BuildLiteBehavior [ RunTime:0.000028s ]
INFO: [ app_init ] --END-- [ RunTime:0.021744s ]
INFO: [ app_begin ] --START--
INFO: Run Behavior\ReadHtmlCacheBehavior [ RunTime:0.020798s ]
INFO: [ app_begin ] --END-- [ RunTime:0.020932s ]

[ 2017-02-09T12:34:01+08:00 ] ::1 /abc/Homyit/sendMessage/index.php/Home/Index/send.html
INFO: [ app_init ] --START--
INFO: Run Behavior\BuildLiteBehavior [ RunTime:0.000029s ]
INFO: [ app_init ] --END-- [ RunTime:0.000602s ]
INFO: [ app_begin ] --START--
INFO: Run Behavior\ReadHtmlCacheBehavior [ RunTime:0.000635s ]
INFO: [ app_begin ] --END-- [ RunTime:0.000773s ]

[ 2017-02-09T12:34:02+08:00 ] ::1 /abc/Homyit/sendMessage/index.php/Home/Index/send.html
INFO: [ app_init ] --START--
INFO: Run Behavior\BuildLiteBehavior [ RunTime:0.000032s ]
INFO: [ app_init ] --END-- [ RunTime:0.001081s ]
INFO: [ app_begin ] --START--
INFO: Run Behavior\ReadHtmlCacheBehavior [ RunTime:0.000830s ]
INFO: [ app_begin ] --END-- [ RunTime:0.001073s ]

[ 2017-02-09T12:38:37+08:00 ] ::1 /abc/Homyit/sendMessage/index.php/Home/Index/send.html
INFO: [ app_init ] --START--
INFO: Run Behavior\BuildLiteBehavior [ RunTime:0.000029s ]
INFO: [ app_init ] --END-- [ RunTime:0.000658s ]
INFO: [ app_begin ] --START--
INFO: Run Behavior\ReadHtmlCacheBehavior [ RunTime:0.000604s ]
INFO: [ app_begin ] --END-- [ RunTime:0.000722s ]

[ 2017-02-09T12:39:56+08:00 ] ::1 /abc/Homyit/sendMessage/index.php/Home/Index/send.html
INFO: [ app_init ] --START--
INFO: Run Behavior\BuildLiteBehavior [ RunTime:0.000040s ]
INFO: [ app_init ] --END-- [ RunTime:0.000630s ]
INFO: [ app_begin ] --START--
INFO: Run Behavior\ReadHtmlCacheBehavior [ RunTime:0.000759s ]
INFO: [ app_begin ] --END-- [ RunTime:0.000968s ]

[ 2017-02-09T12:40:17+08:00 ] ::1 /abc/Homyit/sendMessage/index.php/Home/Index/send.html
INFO: [ app_init ] --START--
INFO: Run Behavior\BuildLiteBehavior [ RunTime:0.000030s ]
INFO: [ app_init ] --END-- [ RunTime:0.000576s ]
INFO: [ app_begin ] --START--
INFO: Run Behavior\ReadHtmlCacheBehavior [ RunTime:0.000649s ]
INFO: [ app_begin ] --END-- [ RunTime:0.000840s ]

[ 2017-02-09T12:40:30+08:00 ] ::1 /abc/Homyit/sendMessage/index.php/Home/Index/send.html
INFO: [ app_init ] --START--
INFO: Run Behavior\BuildLiteBehavior [ RunTime:0.000030s ]
INFO: [ app_init ] --END-- [ RunTime:0.000638s ]
INFO: [ app_begin ] --START--
INFO: Run Behavior\ReadHtmlCacheBehavior [ RunTime:0.000641s ]
INFO: [ app_begin ] --END-- [ RunTime:0.000794s ]

[ 2017-02-09T12:44:08+08:00 ] ::1 /abc/Homyit/sendMessage/index.php/Home/Index/send.html
INFO: [ app_init ] --START--
INFO: Run Behavior\BuildLiteBehavior [ RunTime:0.000044s ]
INFO: [ app_init ] --END-- [ RunTime:0.000822s ]
INFO: [ app_begin ] --START--
INFO: Run Behavior\ReadHtmlCacheBehavior [ RunTime:0.000607s ]
INFO: [ app_begin ] --END-- [ RunTime:0.000744s ]

[ 2017-02-09T12:46:24+08:00 ] ::1 /abc/Homyit/sendMessage/index.php/Home/Index/send.html
INFO: [ app_init ] --START--
INFO: Run Behavior\BuildLiteBehavior [ RunTime:0.000075s ]
INFO: [ app_init ] --END-- [ RunTime:0.001670s ]
INFO: [ app_begin ] --START--
INFO: Run Behavior\ReadHtmlCacheBehavior [ RunTime:0.000766s ]
INFO: [ app_begin ] --END-- [ RunTime:0.000904s ]

[ 2017-02-09T12:47:56+08:00 ] ::1 /abc/Homyit/sendMessage/index.php/Home/Index/send.html
INFO: [ app_init ] --START--
INFO: Run Behavior\BuildLiteBehavior [ RunTime:0.000053s ]
INFO: [ app_init ] --END-- [ RunTime:0.000833s ]
INFO: [ app_begin ] --START--
INFO: Run Behavior\ReadHtmlCacheBehavior [ RunTime:0.000659s ]
INFO: [ app_begin ] --END-- [ RunTime:0.000801s ]

[ 2017-02-09T12:47:57+08:00 ] ::1 /abc/Homyit/sendMessage/index.php/Home/Index/send.html
INFO: [ app_init ] --START--
INFO: Run Behavior\BuildLiteBehavior [ RunTime:0.000031s ]
INFO: [ app_init ] --END-- [ RunTime:0.000715s ]
INFO: [ app_begin ] --START--
INFO: Run Behavior\ReadHtmlCacheBehavior [ RunTime:0.000595s ]
INFO: [ app_begin ] --END-- [ RunTime:0.000757s ]

[ 2017-02-09T12:48:27+08:00 ] ::1 /abc/Homyit/sendMessage/index.php/Home/Index/send.html
INFO: [ app_init ] --START--
INFO: Run Behavior\BuildLiteBehavior [ RunTime:0.000031s ]
INFO: [ app_init ] --END-- [ RunTime:0.000570s ]
INFO: [ app_begin ] --START--
INFO: Run Behavior\ReadHtmlCacheBehavior [ RunTime:0.000698s ]
INFO: [ app_begin ] --END-- [ RunTime:0.000903s ]

[ 2017-02-09T12:48:43+08:00 ] ::1 /abc/Homyit/sendMessage/index.php/Home/Index/send.html
INFO: [ app_init ] --START--
INFO: Run Behavior\BuildLiteBehavior [ RunTime:0.000039s ]
INFO: [ app_init ] --END-- [ RunTime:0.000855s ]
INFO: [ app_begin ] --START--
INFO: Run Behavior\ReadHtmlCacheBehavior [ RunTime:0.000725s ]
INFO: [ app_begin ] --END-- [ RunTime:0.000883s ]

[ 2017-02-09T12:50:40+08:00 ] ::1 /abc/Homyit/sendMessage/index.php/Home/Index/send.html
INFO: [ app_init ] --START--
INFO: Run Behavior\BuildLiteBehavior [ RunTime:0.000030s ]
INFO: [ app_init ] --END-- [ RunTime:0.000623s ]
INFO: [ app_begin ] --START--
INFO: Run Behavior\ReadHtmlCacheBehavior [ RunTime:0.000802s ]
INFO: [ app_begin ] --END-- [ RunTime:0.000981s ]

[ 2017-02-09T12:52:26+08:00 ] ::1 /abc/Homyit/sendMessage/index.php/Home/Index/send.html
INFO: [ app_init ] --START--
INFO: Run Behavior\BuildLiteBehavior [ RunTime:0.000117s ]
INFO: [ app_init ] --END-- [ RunTime:0.001287s ]
INFO: [ app_begin ] --START--
INFO: Run Behavior\ReadHtmlCacheBehavior [ RunTime:0.001349s ]
INFO: [ app_begin ] --END-- [ RunTime:0.001570s ]

[ 2017-02-09T12:52:28+08:00 ] ::1 /abc/Homyit/sendMessage/index.php/Home/Index/send.html
INFO: [ app_init ] --START--
INFO: Run Behavior\BuildLiteBehavior [ RunTime:0.000028s ]
INFO: [ app_init ] --END-- [ RunTime:0.000596s ]
INFO: [ app_begin ] --START--
INFO: Run Behavior\ReadHtmlCacheBehavior [ RunTime:0.000628s ]
INFO: [ app_begin ] --END-- [ RunTime:0.000771s ]

[ 2017-02-09T12:52:28+08:00 ] ::1 /abc/Homyit/sendMessage/index.php/Home/Index/send.html
INFO: [ app_init ] --START--
INFO: Run Behavior\BuildLiteBehavior [ RunTime:0.000032s ]
INFO: [ app_init ] --END-- [ RunTime:0.000551s ]
INFO: [ app_begin ] --START--
INFO: Run Behavior\ReadHtmlCacheBehavior [ RunTime:0.000896s ]
INFO: [ app_begin ] --END-- [ RunTime:0.001130s ]

[ 2017-02-09T12:52:29+08:00 ] ::1 /abc/Homyit/sendMessage/index.php/Home/Index/send.html
INFO: [ app_init ] --START--
INFO: Run Behavior\BuildLiteBehavior [ RunTime:0.000047s ]
INFO: [ app_init ] --END-- [ RunTime:0.000779s ]
INFO: [ app_begin ] --START--
INFO: Run Behavior\ReadHtmlCacheBehavior [ RunTime:0.000702s ]
INFO: [ app_begin ] --END-- [ RunTime:0.000851s ]

[ 2017-02-09T12:52:29+08:00 ] ::1 /abc/Homyit/sendMessage/index.php/Home/Index/send.html
INFO: [ app_init ] --START--
INFO: Run Behavior\BuildLiteBehavior [ RunTime:0.000025s ]
INFO: [ app_init ] --END-- [ RunTime:0.000471s ]
INFO: [ app_begin ] --START--
INFO: Run Behavior\ReadHtmlCacheBehavior [ RunTime:0.000461s ]
INFO: [ app_begin ] --END-- [ RunTime:0.000576s ]

[ 2017-02-09T13:02:03+08:00 ] ::1 /abc/Homyit/sendMessage/index.php/Home/Index/send.html
INFO: [ app_init ] --START--
INFO: Run Behavior\BuildLiteBehavior [ RunTime:0.000022s ]
INFO: [ app_init ] --END-- [ RunTime:0.000552s ]
INFO: [ app_begin ] --START--
INFO: Run Behavior\ReadHtmlCacheBehavior [ RunTime:0.000691s ]
INFO: [ app_begin ] --END-- [ RunTime:0.000813s ]

[ 2017-02-09T13:03:26+08:00 ] ::1 /abc/Homyit/sendMessage/index.php/Home/Index/send.html
INFO: [ app_init ] --START--
INFO: Run Behavior\BuildLiteBehavior [ RunTime:0.000025s ]
INFO: [ app_init ] --END-- [ RunTime:0.000468s ]
INFO: [ app_begin ] --START--
INFO: Run Behavior\ReadHtmlCacheBehavior [ RunTime:0.000514s ]
INFO: [ app_begin ] --END-- [ RunTime:0.000646s ]

[ 2017-02-09T13:04:28+08:00 ] ::1 /abc/Homyit/sendMessage/index.php/Home/Index/send.html
INFO: [ app_init ] --START--
INFO: Run Behavior\BuildLiteBehavior [ RunTime:0.000030s ]
INFO: [ app_init ] --END-- [ RunTime:0.001222s ]
INFO: [ app_begin ] --START--
INFO: Run Behavior\ReadHtmlCacheBehavior [ RunTime:0.000804s ]
INFO: [ app_begin ] --END-- [ RunTime:0.000984s ]

[ 2017-02-09T13:06:14+08:00 ] ::1 /abc/Homyit/sendMessage/index.php/Home/Index/send.html
INFO: [ app_init ] --START--
INFO: Run Behavior\BuildLiteBehavior [ RunTime:0.000029s ]
INFO: [ app_init ] --END-- [ RunTime:0.000630s ]
INFO: [ app_begin ] --START--
INFO: Run Behavior\ReadHtmlCacheBehavior [ RunTime:0.000633s ]
INFO: [ app_begin ] --END-- [ RunTime:0.000777s ]

[ 2017-02-09T13:06:37+08:00 ] ::1 /abc/Homyit/sendMessage/index.php/Home/Index/send.html
INFO: [ app_init ] --START--
INFO: Run Behavior\BuildLiteBehavior [ RunTime:0.000054s ]
INFO: [ app_init ] --END-- [ RunTime:0.000941s ]
INFO: [ app_begin ] --START--
INFO: Run Behavior\ReadHtmlCacheBehavior [ RunTime:0.000761s ]
INFO: [ app_begin ] --END-- [ RunTime:0.000911s ]

[ 2017-02-09T13:06:41+08:00 ] ::1 /abc/Homyit/sendMessage/index.php/Home/Index/send.html
INFO: [ app_init ] --START--
INFO: Run Behavior\BuildLiteBehavior [ RunTime:0.000028s ]
INFO: [ app_init ] --END-- [ RunTime:0.000610s ]
INFO: [ app_begin ] --START--
INFO: Run Behavior\ReadHtmlCacheBehavior [ RunTime:0.001122s ]
INFO: [ app_begin ] --END-- [ RunTime:0.001315s ]

[ 2017-02-09T13:06:42+08:00 ] ::1 /abc/Homyit/sendMessage/index.php/Home/Index/send.html
INFO: [ app_init ] --START--
INFO: Run Behavior\BuildLiteBehavior [ RunTime:0.000029s ]
INFO: [ app_init ] --END-- [ RunTime:0.000567s ]
INFO: [ app_begin ] --START--
INFO: Run Behavior\ReadHtmlCacheBehavior [ RunTime:0.001124s ]
INFO: [ app_begin ] --END-- [ RunTime:0.001445s ]

[ 2017-02-09T13:06:56+08:00 ] ::1 /abc/Homyit/sendMessage/index.php/Home/Index/send.html
INFO: [ app_init ] --START--
INFO: Run Behavior\BuildLiteBehavior [ RunTime:0.000042s ]
INFO: [ app_init ] --END-- [ RunTime:0.000853s ]
INFO: [ app_begin ] --START--
INFO: Run Behavior\ReadHtmlCacheBehavior [ RunTime:0.000865s ]
INFO: [ app_begin ] --END-- [ RunTime:0.001074s ]

[ 2017-02-09T13:06:58+08:00 ] ::1 /abc/Homyit/sendMessage/index.php/Home/Index/send.html
INFO: [ app_init ] --START--
INFO: Run Behavior\BuildLiteBehavior [ RunTime:0.000036s ]
INFO: [ app_init ] --END-- [ RunTime:0.000675s ]
INFO: [ app_begin ] --START--
INFO: Run Behavior\ReadHtmlCacheBehavior [ RunTime:0.000694s ]
INFO: [ app_begin ] --END-- [ RunTime:0.000868s ]

[ 2017-02-09T13:07:00+08:00 ] ::1 /abc/Homyit/sendMessage/index.php/Home/Index/send.html
INFO: [ app_init ] --START--
INFO: Run Behavior\BuildLiteBehavior [ RunTime:0.000043s ]
INFO: [ app_init ] --END-- [ RunTime:0.000915s ]
INFO: [ app_begin ] --START--
INFO: Run Behavior\ReadHtmlCacheBehavior [ RunTime:0.001012s ]
INFO: [ app_begin ] --END-- [ RunTime:0.001242s ]

[ 2017-02-09T13:07:01+08:00 ] ::1 /abc/Homyit/sendMessage/index.php/Home/Index/send.html
INFO: [ app_init ] --START--
INFO: Run Behavior\BuildLiteBehavior [ RunTime:0.000045s ]
INFO: [ app_init ] --END-- [ RunTime:0.000868s ]
INFO: [ app_begin ] --START--
INFO: Run Behavior\ReadHtmlCacheBehavior [ RunTime:0.000932s ]
INFO: [ app_begin ] --END-- [ RunTime:0.001154s ]

[ 2017-02-09T13:07:02+08:00 ] ::1 /abc/Homyit/sendMessage/index.php/Home/Index/send.html
INFO: [ app_init ] --START--
INFO: Run Behavior\BuildLiteBehavior [ RunTime:0.000041s ]
INFO: [ app_init ] --END-- [ RunTime:0.000870s ]
INFO: [ app_begin ] --START--
INFO: Run Behavior\ReadHtmlCacheBehavior [ RunTime:0.000927s ]
INFO: [ app_begin ] --END-- [ RunTime:0.001145s ]

[ 2017-02-09T13:07:41+08:00 ] ::1 /abc/Homyit/sendMessage/index.php/Home/Index/send.html
INFO: [ app_init ] --START--
INFO: Run Behavior\BuildLiteBehavior [ RunTime:0.000025s ]
INFO: [ app_init ] --END-- [ RunTime:0.000491s ]
INFO: [ app_begin ] --START--
INFO: Run Behavior\ReadHtmlCacheBehavior [ RunTime:0.000493s ]
INFO: [ app_begin ] --END-- [ RunTime:0.000616s ]

[ 2017-02-09T13:08:26+08:00 ] ::1 /abc/Homyit/sendMessage/index.php/Home/Index/send.html
INFO: [ app_init ] --START--
INFO: Run Behavior\BuildLiteBehavior [ RunTime:0.000068s ]
INFO: [ app_init ] --END-- [ RunTime:0.000807s ]
INFO: [ app_begin ] --START--
INFO: Run Behavior\ReadHtmlCacheBehavior [ RunTime:0.000621s ]
INFO: [ app_begin ] --END-- [ RunTime:0.000762s ]

[ 2017-02-09T13:08:28+08:00 ] ::1 /abc/Homyit/sendMessage/index.php/Home/Index/send.html
INFO: [ app_init ] --START--
INFO: Run Behavior\BuildLiteBehavior [ RunTime:0.000030s ]
INFO: [ app_init ] --END-- [ RunTime:0.000589s ]
INFO: [ app_begin ] --START--
INFO: Run Behavior\ReadHtmlCacheBehavior [ RunTime:0.001193s ]
INFO: [ app_begin ] --END-- [ RunTime:0.001518s ]

[ 2017-02-09T13:08:28+08:00 ] ::1 /abc/Homyit/sendMessage/index.php/Home/Index/send.html
INFO: [ app_init ] --START--
INFO: Run Behavior\BuildLiteBehavior [ RunTime:0.000031s ]
INFO: [ app_init ] --END-- [ RunTime:0.000716s ]
INFO: [ app_begin ] --START--
INFO: Run Behavior\ReadHtmlCacheBehavior [ RunTime:0.000636s ]
INFO: [ app_begin ] --END-- [ RunTime:0.000778s ]

[ 2017-02-09T13:10:16+08:00 ] ::1 /abc/Homyit/sendMessage/index.php/Home/Index/send.html
INFO: [ app_init ] --START--
INFO: Run Behavior\BuildLiteBehavior [ RunTime:0.000031s ]
INFO: [ app_init ] --END-- [ RunTime:0.000660s ]
INFO: [ app_begin ] --START--
INFO: Run Behavior\ReadHtmlCacheBehavior [ RunTime:0.001385s ]
INFO: [ app_begin ] --END-- [ RunTime:0.001607s ]

[ 2017-02-09T13:12:06+08:00 ] ::1 /abc/Homyit/sendMessage/index.php/Home/Index/send.html
INFO: [ app_init ] --START--
INFO: Run Behavior\BuildLiteBehavior [ RunTime:0.000029s ]
INFO: [ app_init ] --END-- [ RunTime:0.000624s ]
INFO: [ app_begin ] --START--
INFO: Run Behavior\ReadHtmlCacheBehavior [ RunTime:0.000930s ]
INFO: [ app_begin ] --END-- [ RunTime:0.001165s ]
NOTIC: [8] Undefined variable: config D:\wamp\www\abc\Homyit\sendMessage\Application\Home\Controller\IndexController.class.php 第 19 行.
NOTIC: [2] array_key_exists() expects parameter 2 to be array, null given D:\wamp\www\abc\Homyit\sendMessage\ThinkPHP\Library\Org\Alidayu\App.class.php 第 36 行.
NOTIC: [2] array_key_exists() expects parameter 2 to be array, null given D:\wamp\www\abc\Homyit\sendMessage\ThinkPHP\Library\Org\Alidayu\App.class.php 第 39 行.
NOTIC: [2] array_key_exists() expects parameter 2 to be array, null given D:\wamp\www\abc\Homyit\sendMessage\ThinkPHP\Library\Org\Alidayu\App.class.php 第 42 行.
ERR: 阿里大于配置信息：app_key或app_secret错误

[ 2017-02-09T13:14:31+08:00 ] ::1 /abc/Homyit/sendMessage/index.php/Home/Index/send.html
INFO: [ app_init ] --START--
INFO: Run Behavior\BuildLiteBehavior [ RunTime:0.000055s ]
INFO: [ app_init ] --END-- [ RunTime:0.000863s ]
INFO: [ app_begin ] --START--
INFO: Run Behavior\ReadHtmlCacheBehavior [ RunTime:0.000899s ]
INFO: [ app_begin ] --END-- [ RunTime:0.001060s ]
NOTIC: [8] Undefined variable: config D:\wamp\www\abc\Homyit\sendMessage\Application\Home\Controller\IndexController.class.php 第 19 行.
NOTIC: [2] array_key_exists() expects parameter 2 to be array, null given D:\wamp\www\abc\Homyit\sendMessage\ThinkPHP\Library\Org\Alidayu\App.class.php 第 36 行.
NOTIC: [2] array_key_exists() expects parameter 2 to be array, null given D:\wamp\www\abc\Homyit\sendMessage\ThinkPHP\Library\Org\Alidayu\App.class.php 第 39 行.
NOTIC: [2] array_key_exists() expects parameter 2 to be array, null given D:\wamp\www\abc\Homyit\sendMessage\ThinkPHP\Library\Org\Alidayu\App.class.php 第 42 行.
ERR: 阿里大于配置信息：app_key或app_secret错误

[ 2017-02-09T13:14:35+08:00 ] ::1 /abc/Homyit/sendMessage/index.php/Home/Index/send.html
INFO: [ app_init ] --START--
INFO: Run Behavior\BuildLiteBehavior [ RunTime:0.000050s ]
INFO: [ app_init ] --END-- [ RunTime:0.001003s ]
INFO: [ app_begin ] --START--
INFO: Run Behavior\ReadHtmlCacheBehavior [ RunTime:0.000723s ]
INFO: [ app_begin ] --END-- [ RunTime:0.000882s ]
NOTIC: [8] Undefined variable: config D:\wamp\www\abc\Homyit\sendMessage\Application\Home\Controller\IndexController.class.php 第 19 行.
NOTIC: [2] array_key_exists() expects parameter 2 to be array, null given D:\wamp\www\abc\Homyit\sendMessage\ThinkPHP\Library\Org\Alidayu\App.class.php 第 36 行.
NOTIC: [2] array_key_exists() expects parameter 2 to be array, null given D:\wamp\www\abc\Homyit\sendMessage\ThinkPHP\Library\Org\Alidayu\App.class.php 第 39 行.
NOTIC: [2] array_key_exists() expects parameter 2 to be array, null given D:\wamp\www\abc\Homyit\sendMessage\ThinkPHP\Library\Org\Alidayu\App.class.php 第 42 行.
ERR: 阿里大于配置信息：app_key或app_secret错误

[ 2017-02-09T13:23:48+08:00 ] ::1 /abc/Homyit/sendMessage/index.php/Home/Index/send.html
INFO: [ app_init ] --START--
INFO: Run Behavior\BuildLiteBehavior [ RunTime:0.000031s ]
INFO: [ app_init ] --END-- [ RunTime:0.000655s ]
INFO: [ app_begin ] --START--
INFO: Run Behavior\ReadHtmlCacheBehavior [ RunTime:0.000779s ]
INFO: [ app_begin ] --END-- [ RunTime:0.000936s ]
NOTIC: [8] Undefined variable: config D:\wamp\www\abc\Homyit\sendMessage\Application\Home\Controller\IndexController.class.php 第 23 行.
NOTIC: [2] array_key_exists() expects parameter 2 to be array, null given D:\wamp\www\abc\Homyit\sendMessage\ThinkPHP\Library\Org\Alidayu\App.class.php 第 36 行.
NOTIC: [2] array_key_exists() expects parameter 2 to be array, null given D:\wamp\www\abc\Homyit\sendMessage\ThinkPHP\Library\Org\Alidayu\App.class.php 第 39 行.
NOTIC: [2] array_key_exists() expects parameter 2 to be array, null given D:\wamp\www\abc\Homyit\sendMessage\ThinkPHP\Library\Org\Alidayu\App.class.php 第 42 行.
ERR: 阿里大于配置信息：app_key或app_secret错误

[ 2017-02-09T13:23:51+08:00 ] ::1 /abc/Homyit/sendMessage/index.php/Home/Index/send.html
INFO: [ app_init ] --START--
INFO: Run Behavior\BuildLiteBehavior [ RunTime:0.000030s ]
INFO: [ app_init ] --END-- [ RunTime:0.000639s ]
INFO: [ app_begin ] --START--
INFO: Run Behavior\ReadHtmlCacheBehavior [ RunTime:0.000637s ]
INFO: [ app_begin ] --END-- [ RunTime:0.000776s ]
NOTIC: [8] Undefined variable: config D:\wamp\www\abc\Homyit\sendMessage\Application\Home\Controller\IndexController.class.php 第 23 行.
NOTIC: [2] array_key_exists() expects parameter 2 to be array, null given D:\wamp\www\abc\Homyit\sendMessage\ThinkPHP\Library\Org\Alidayu\App.class.php 第 36 行.
NOTIC: [2] array_key_exists() expects parameter 2 to be array, null given D:\wamp\www\abc\Homyit\sendMessage\ThinkPHP\Library\Org\Alidayu\App.class.php 第 39 行.
NOTIC: [2] array_key_exists() expects parameter 2 to be array, null given D:\wamp\www\abc\Homyit\sendMessage\ThinkPHP\Library\Org\Alidayu\App.class.php 第 42 行.
ERR: 阿里大于配置信息：app_key或app_secret错误

[ 2017-02-09T13:23:52+08:00 ] ::1 /abc/Homyit/sendMessage/index.php/Home/Index/send.html
INFO: [ app_init ] --START--
INFO: Run Behavior\BuildLiteBehavior [ RunTime:0.000030s ]
INFO: [ app_init ] --END-- [ RunTime:0.000613s ]
INFO: [ app_begin ] --START--
INFO: Run Behavior\ReadHtmlCacheBehavior [ RunTime:0.001068s ]
INFO: [ app_begin ] --END-- [ RunTime:0.001370s ]
NOTIC: [8] Undefined variable: config D:\wamp\www\abc\Homyit\sendMessage\Application\Home\Controller\IndexController.class.php 第 23 行.
NOTIC: [2] array_key_exists() expects parameter 2 to be array, null given D:\wamp\www\abc\Homyit\sendMessage\ThinkPHP\Library\Org\Alidayu\App.class.php 第 36 行.
NOTIC: [2] array_key_exists() expects parameter 2 to be array, null given D:\wamp\www\abc\Homyit\sendMessage\ThinkPHP\Library\Org\Alidayu\App.class.php 第 39 行.
NOTIC: [2] array_key_exists() expects parameter 2 to be array, null given D:\wamp\www\abc\Homyit\sendMessage\ThinkPHP\Library\Org\Alidayu\App.class.php 第 42 行.
ERR: 阿里大于配置信息：app_key或app_secret错误

[ 2017-02-09T13:27:05+08:00 ] ::1 /abc/Homyit/sendMessage/index.php/Home/Index/send.html
INFO: [ app_init ] --START--
INFO: Run Behavior\BuildLiteBehavior [ RunTime:0.000048s ]
INFO: [ app_init ] --END-- [ RunTime:0.001213s ]
INFO: [ app_begin ] --START--
INFO: Run Behavior\ReadHtmlCacheBehavior [ RunTime:0.000727s ]
INFO: [ app_begin ] --END-- [ RunTime:0.000867s ]
NOTIC: [8] Undefined variable: config D:\wamp\www\abc\Homyit\sendMessage\Application\Home\Controller\IndexController.class.php 第 23 行.
NOTIC: [2] array_key_exists() expects parameter 2 to be array, null given D:\wamp\www\abc\Homyit\sendMessage\ThinkPHP\Library\Org\Alidayu\App.class.php 第 37 行.
NOTIC: [2] array_key_exists() expects parameter 2 to be array, null given D:\wamp\www\abc\Homyit\sendMessage\ThinkPHP\Library\Org\Alidayu\App.class.php 第 40 行.
NOTIC: [2] array_key_exists() expects parameter 2 to be array, null given D:\wamp\www\abc\Homyit\sendMessage\ThinkPHP\Library\Org\Alidayu\App.class.php 第 43 行.
ERR: 阿里大于配置信息：app_key或app_secret错误

[ 2017-02-09T13:27:06+08:00 ] ::1 /abc/Homyit/sendMessage/index.php/Home/Index/send.html
INFO: [ app_init ] --START--
INFO: Run Behavior\BuildLiteBehavior [ RunTime:0.000036s ]
INFO: [ app_init ] --END-- [ RunTime:0.000651s ]
INFO: [ app_begin ] --START--
INFO: Run Behavior\ReadHtmlCacheBehavior [ RunTime:0.000657s ]
INFO: [ app_begin ] --END-- [ RunTime:0.000796s ]
NOTIC: [8] Undefined variable: config D:\wamp\www\abc\Homyit\sendMessage\Application\Home\Controller\IndexController.class.php 第 23 行.
NOTIC: [2] array_key_exists() expects parameter 2 to be array, null given D:\wamp\www\abc\Homyit\sendMessage\ThinkPHP\Library\Org\Alidayu\App.class.php 第 37 行.
NOTIC: [2] array_key_exists() expects parameter 2 to be array, null given D:\wamp\www\abc\Homyit\sendMessage\ThinkPHP\Library\Org\Alidayu\App.class.php 第 40 行.
NOTIC: [2] array_key_exists() expects parameter 2 to be array, null given D:\wamp\www\abc\Homyit\sendMessage\ThinkPHP\Library\Org\Alidayu\App.class.php 第 43 行.
ERR: 阿里大于配置信息：app_key或app_secret错误

[ 2017-02-09T13:27:06+08:00 ] ::1 /abc/Homyit/sendMessage/index.php/Home/Index/send.html
INFO: [ app_init ] --START--
INFO: Run Behavior\BuildLiteBehavior [ RunTime:0.000030s ]
INFO: [ app_init ] --END-- [ RunTime:0.000564s ]
INFO: [ app_begin ] --START--
INFO: Run Behavior\ReadHtmlCacheBehavior [ RunTime:0.001036s ]
INFO: [ app_begin ] --END-- [ RunTime:0.001285s ]
NOTIC: [8] Undefined variable: config D:\wamp\www\abc\Homyit\sendMessage\Application\Home\Controller\IndexController.class.php 第 23 行.
NOTIC: [2] array_key_exists() expects parameter 2 to be array, null given D:\wamp\www\abc\Homyit\sendMessage\ThinkPHP\Library\Org\Alidayu\App.class.php 第 37 行.
NOTIC: [2] array_key_exists() expects parameter 2 to be array, null given D:\wamp\www\abc\Homyit\sendMessage\ThinkPHP\Library\Org\Alidayu\App.class.php 第 40 行.
NOTIC: [2] array_key_exists() expects parameter 2 to be array, null given D:\wamp\www\abc\Homyit\sendMessage\ThinkPHP\Library\Org\Alidayu\App.class.php 第 43 行.
ERR: 阿里大于配置信息：app_key或app_secret错误

[ 2017-02-09T13:29:15+08:00 ] ::1 /abc/Homyit/sendMessage/index.php/Home/Index/send.html
INFO: [ app_init ] --START--
INFO: Run Behavior\BuildLiteBehavior [ RunTime:0.000053s ]
INFO: [ app_init ] --END-- [ RunTime:0.001358s ]
INFO: [ app_begin ] --START--
INFO: Run Behavior\ReadHtmlCacheBehavior [ RunTime:0.000797s ]
INFO: [ app_begin ] --END-- [ RunTime:0.000953s ]
NOTIC: [2] Invalid argument supplied for foreach() D:\wamp\www\abc\Homyit\sendMessage\Application\Home\Controller\IndexController.class.php 第 35 行.
INFO: [ app_end ] --START--
INFO: Run Behavior\ShowPageTraceBehavior [ RunTime:0.023043s ]
INFO: [ app_end ] --END-- [ RunTime:0.023249s ]

[ 2017-02-09T13:30:04+08:00 ] ::1 /abc/Homyit/sendMessage/index.php/Home/Index/send.html
INFO: [ app_init ] --START--
INFO: Run Behavior\BuildLiteBehavior [ RunTime:0.000029s ]
INFO: [ app_init ] --END-- [ RunTime:0.000659s ]
INFO: [ app_begin ] --START--
INFO: Run Behavior\ReadHtmlCacheBehavior [ RunTime:0.000599s ]
INFO: [ app_begin ] --END-- [ RunTime:0.000752s ]
NOTIC: [2] Invalid argument supplied for foreach() D:\wamp\www\abc\Homyit\sendMessage\Application\Home\Controller\IndexController.class.php 第 35 行.
INFO: [ app_end ] --START--
INFO: Run Behavior\ShowPageTraceBehavior [ RunTime:0.000899s ]
INFO: [ app_end ] --END-- [ RunTime:0.001028s ]

[ 2017-02-09T13:30:30+08:00 ] ::1 /abc/Homyit/sendMessage/index.php/Home/Index/send.html
INFO: [ app_init ] --START--
INFO: Run Behavior\BuildLiteBehavior [ RunTime:0.000032s ]
INFO: [ app_init ] --END-- [ RunTime:0.001205s ]
INFO: [ app_begin ] --START--
INFO: Run Behavior\ReadHtmlCacheBehavior [ RunTime:0.000564s ]
INFO: [ app_begin ] --END-- [ RunTime:0.000689s ]
NOTIC: [2] Invalid argument supplied for foreach() D:\wamp\www\abc\Homyit\sendMessage\Application\Home\Controller\IndexController.class.php 第 35 行.
INFO: [ app_end ] --START--
INFO: Run Behavior\ShowPageTraceBehavior [ RunTime:0.001335s ]
INFO: [ app_end ] --END-- [ RunTime:0.001560s ]

[ 2017-02-09T13:38:13+08:00 ] ::1 /abc/Homyit/sendMessage/index.php/Home/Index/send.html
INFO: [ app_init ] --START--
INFO: Run Behavior\BuildLiteBehavior [ RunTime:0.000044s ]
INFO: [ app_init ] --END-- [ RunTime:0.002116s ]
INFO: [ app_begin ] --START--
INFO: Run Behavior\ReadHtmlCacheBehavior [ RunTime:0.002323s ]
INFO: [ app_begin ] --END-- [ RunTime:0.002595s ]
NOTIC: [8] Use of undefined constant result - assumed 'result' D:\wamp\www\abc\Homyit\sendMessage\Application\Home\Controller\IndexController.class.php 第 31 行.
NOTIC: [4096] Object of class stdClass could not be converted to string D:\wamp\www\abc\Homyit\sendMessage\Application\Home\Controller\IndexController.class.php 第 31 行.
NOTIC: [8] Use of undefined constant success - assumed 'success' D:\wamp\www\abc\Homyit\sendMessage\Application\Home\Controller\IndexController.class.php 第 31 行.
NOTIC: [2] Invalid argument supplied for foreach() D:\wamp\www\abc\Homyit\sendMessage\Application\Home\Controller\IndexController.class.php 第 35 行.
INFO: [ app_end ] --START--
INFO: Run Behavior\ShowPageTraceBehavior [ RunTime:0.000882s ]
INFO: [ app_end ] --END-- [ RunTime:0.001004s ]

[ 2017-02-09T13:38:32+08:00 ] ::1 /abc/Homyit/sendMessage/index.php/Home/Index/send.html
INFO: [ app_init ] --START--
INFO: Run Behavior\BuildLiteBehavior [ RunTime:0.000037s ]
INFO: [ app_init ] --END-- [ RunTime:0.000838s ]
INFO: [ app_begin ] --START--
INFO: Run Behavior\ReadHtmlCacheBehavior [ RunTime:0.001355s ]
INFO: [ app_begin ] --END-- [ RunTime:0.001840s ]
NOTIC: [8] Use of undefined constant result - assumed 'result' D:\wamp\www\abc\Homyit\sendMessage\Application\Home\Controller\IndexController.class.php 第 32 行.
NOTIC: [4096] Object of class stdClass could not be converted to string D:\wamp\www\abc\Homyit\sendMessage\Application\Home\Controller\IndexController.class.php 第 32 行.
NOTIC: [8] Use of undefined constant success - assumed 'success' D:\wamp\www\abc\Homyit\sendMessage\Application\Home\Controller\IndexController.class.php 第 32 行.
NOTIC: [2] Invalid argument supplied for foreach() D:\wamp\www\abc\Homyit\sendMessage\Application\Home\Controller\IndexController.class.php 第 36 行.
INFO: [ app_end ] --START--
INFO: Run Behavior\ShowPageTraceBehavior [ RunTime:0.000874s ]
INFO: [ app_end ] --END-- [ RunTime:0.000991s ]

[ 2017-02-09T13:38:58+08:00 ] ::1 /abc/Homyit/sendMessage/index.php/Home/Index/send.html
INFO: [ app_init ] --START--
INFO: Run Behavior\BuildLiteBehavior [ RunTime:0.000029s ]
INFO: [ app_init ] --END-- [ RunTime:0.000720s ]
INFO: [ app_begin ] --START--
INFO: Run Behavior\ReadHtmlCacheBehavior [ RunTime:0.001139s ]
INFO: [ app_begin ] --END-- [ RunTime:0.001370s ]
NOTIC: [8] Use of undefined constant result - assumed 'result' D:\wamp\www\abc\Homyit\sendMessage\Application\Home\Controller\IndexController.class.php 第 32 行.
NOTIC: [4096] Object of class stdClass could not be converted to string D:\wamp\www\abc\Homyit\sendMessage\Application\Home\Controller\IndexController.class.php 第 32 行.
NOTIC: [8] Use of undefined constant success - assumed 'success' D:\wamp\www\abc\Homyit\sendMessage\Application\Home\Controller\IndexController.class.php 第 32 行.
NOTIC: [2] Invalid argument supplied for foreach() D:\wamp\www\abc\Homyit\sendMessage\Application\Home\Controller\IndexController.class.php 第 36 行.
INFO: [ app_end ] --START--
INFO: Run Behavior\ShowPageTraceBehavior [ RunTime:0.001234s ]
INFO: [ app_end ] --END-- [ RunTime:0.001420s ]

[ 2017-02-09T13:40:40+08:00 ] ::1 /abc/Homyit/sendMessage/index.php/Home/Index/send.html
INFO: [ app_init ] --START--
INFO: Run Behavior\BuildLiteBehavior [ RunTime:0.000047s ]
INFO: [ app_init ] --END-- [ RunTime:0.001049s ]
INFO: [ app_begin ] --START--
INFO: Run Behavior\ReadHtmlCacheBehavior [ RunTime:0.001427s ]
INFO: [ app_begin ] --END-- [ RunTime:0.002003s ]
NOTIC: [2] Invalid argument supplied for foreach() D:\wamp\www\abc\Homyit\sendMessage\Application\Home\Controller\IndexController.class.php 第 36 行.
INFO: [ app_end ] --START--
INFO: Run Behavior\ShowPageTraceBehavior [ RunTime:0.002249s ]
INFO: [ app_end ] --END-- [ RunTime:0.002644s ]

[ 2017-02-09T13:43:12+08:00 ] ::1 /abc/Homyit/sendMessage/index.php/Home/Index/send.html
INFO: [ app_init ] --START--
INFO: Run Behavior\BuildLiteBehavior [ RunTime:0.000048s ]
INFO: [ app_init ] --END-- [ RunTime:0.001017s ]
INFO: [ app_begin ] --START--
INFO: Run Behavior\ReadHtmlCacheBehavior [ RunTime:0.001988s ]
INFO: [ app_begin ] --END-- [ RunTime:0.002751s ]
NOTIC: [8] Undefined property: stdClass::$result D:\wamp\www\abc\Homyit\sendMessage\Application\Home\Controller\IndexController.class.php 第 32 行.
NOTIC: [8] Trying to get property of non-object D:\wamp\www\abc\Homyit\sendMessage\Application\Home\Controller\IndexController.class.php 第 32 行.
NOTIC: [2] Invalid argument supplied for foreach() D:\wamp\www\abc\Homyit\sendMessage\Application\Home\Controller\IndexController.class.php 第 36 行.
INFO: [ app_end ] --START--
INFO: Run Behavior\ShowPageTraceBehavior [ RunTime:0.000873s ]
INFO: [ app_end ] --END-- [ RunTime:0.000995s ]

[ 2017-02-09T13:45:21+08:00 ] ::1 /abc/Homyit/sendMessage/index.php/Home/Index/send.html
INFO: [ app_init ] --START--
INFO: Run Behavior\BuildLiteBehavior [ RunTime:0.000140s ]
INFO: [ app_init ] --END-- [ RunTime:0.001465s ]
INFO: [ app_begin ] --START--
INFO: Run Behavior\ReadHtmlCacheBehavior [ RunTime:0.001180s ]
INFO: [ app_begin ] --END-- [ RunTime:0.001386s ]
NOTIC: [8] Undefined property: stdClass::$result D:\wamp\www\abc\Homyit\sendMessage\Application\Home\Controller\IndexController.class.php 第 32 行.
NOTIC: [8] Trying to get property of non-object D:\wamp\www\abc\Homyit\sendMessage\Application\Home\Controller\IndexController.class.php 第 32 行.
NOTIC: [8] Undefined variable: userId D:\wamp\www\abc\Homyit\sendMessage\Application\Home\Controller\IndexController.class.php 第 35 行.
NOTIC: [2] Invalid argument supplied for foreach() D:\wamp\www\abc\Homyit\sendMessage\Application\Home\Controller\IndexController.class.php 第 35 行.
INFO: [ app_end ] --START--
INFO: Run Behavior\ShowPageTraceBehavior [ RunTime:0.002202s ]
INFO: [ app_end ] --END-- [ RunTime:0.002637s ]

[ 2017-02-09T13:48:27+08:00 ] ::1 /abc/Homyit/sendMessage/index.php/Home/Index/send.html
INFO: [ app_init ] --START--
INFO: Run Behavior\BuildLiteBehavior [ RunTime:0.000059s ]
INFO: [ app_init ] --END-- [ RunTime:0.000874s ]
INFO: [ app_begin ] --START--
INFO: Run Behavior\ReadHtmlCacheBehavior [ RunTime:0.000929s ]
INFO: [ app_begin ] --END-- [ RunTime:0.001090s ]
NOTIC: [8] Undefined property: stdClass::$result D:\wamp\www\abc\Homyit\sendMessage\Application\Home\Controller\IndexController.class.php 第 33 行.
NOTIC: [8] Trying to get property of non-object D:\wamp\www\abc\Homyit\sendMessage\Application\Home\Controller\IndexController.class.php 第 33 行.
NOTIC: [2] Invalid argument supplied for foreach() D:\wamp\www\abc\Homyit\sendMessage\Application\Home\Controller\IndexController.class.php 第 37 行.
INFO: [ app_end ] --START--
INFO: Run Behavior\ShowPageTraceBehavior [ RunTime:0.001487s ]
INFO: [ app_end ] --END-- [ RunTime:0.001724s ]

[ 2017-02-09T13:52:21+08:00 ] ::1 /abc/Homyit/sendMessage/index.php/Home/Index/send.html
INFO: [ app_init ] --START--
INFO: Run Behavior\BuildLiteBehavior [ RunTime:0.000054s ]
INFO: [ app_init ] --END-- [ RunTime:0.001115s ]
INFO: [ app_begin ] --START--
INFO: Run Behavior\ReadHtmlCacheBehavior [ RunTime:0.001257s ]
INFO: [ app_begin ] --END-- [ RunTime:0.001441s ]
NOTIC: [8] Undefined property: stdClass::$result D:\wamp\www\abc\Homyit\sendMessage\Application\Home\Controller\IndexController.class.php 第 33 行.
NOTIC: [8] Trying to get property of non-object D:\wamp\www\abc\Homyit\sendMessage\Application\Home\Controller\IndexController.class.php 第 33 行.
NOTIC: [2] Invalid argument supplied for foreach() D:\wamp\www\abc\Homyit\sendMessage\Application\Home\Controller\IndexController.class.php 第 37 行.
INFO: [ app_end ] --START--
INFO: Run Behavior\ShowPageTraceBehavior [ RunTime:0.002601s ]
INFO: [ app_end ] --END-- [ RunTime:0.003037s ]

[ 2017-02-09T13:52:22+08:00 ] ::1 /abc/Homyit/sendMessage/index.php/Home/Index/send.html
INFO: [ app_init ] --START--
INFO: Run Behavior\BuildLiteBehavior [ RunTime:0.000072s ]
INFO: [ app_init ] --END-- [ RunTime:0.001731s ]
INFO: [ app_begin ] --START--
INFO: Run Behavior\ReadHtmlCacheBehavior [ RunTime:0.000996s ]
INFO: [ app_begin ] --END-- [ RunTime:0.001260s ]
NOTIC: [8] Undefined property: stdClass::$result D:\wamp\www\abc\Homyit\sendMessage\Application\Home\Controller\IndexController.class.php 第 33 行.
NOTIC: [8] Trying to get property of non-object D:\wamp\www\abc\Homyit\sendMessage\Application\Home\Controller\IndexController.class.php 第 33 行.
NOTIC: [2] Invalid argument supplied for foreach() D:\wamp\www\abc\Homyit\sendMessage\Application\Home\Controller\IndexController.class.php 第 37 行.
INFO: [ app_end ] --START--
INFO: Run Behavior\ShowPageTraceBehavior [ RunTime:0.000870s ]
INFO: [ app_end ] --END-- [ RunTime:0.000984s ]

[ 2017-02-09T13:53:42+08:00 ] ::1 /abc/Homyit/sendMessage/index.php/Home/Index/send.html
INFO: [ app_init ] --START--
INFO: Run Behavior\BuildLiteBehavior [ RunTime:0.000052s ]
INFO: [ app_init ] --END-- [ RunTime:0.001535s ]
INFO: [ app_begin ] --START--
INFO: Run Behavior\ReadHtmlCacheBehavior [ RunTime:0.001068s ]
INFO: [ app_begin ] --END-- [ RunTime:0.001334s ]
NOTIC: [8] Undefined property: stdClass::$result D:\wamp\www\abc\Homyit\sendMessage\Application\Home\Controller\IndexController.class.php 第 33 行.
NOTIC: [8] Trying to get property of non-object D:\wamp\www\abc\Homyit\sendMessage\Application\Home\Controller\IndexController.class.php 第 33 行.
NOTIC: [2] Invalid argument supplied for foreach() D:\wamp\www\abc\Homyit\sendMessage\Application\Home\Controller\IndexController.class.php 第 37 行.
INFO: [ app_end ] --START--
INFO: Run Behavior\ShowPageTraceBehavior [ RunTime:0.000914s ]
INFO: [ app_end ] --END-- [ RunTime:0.001029s ]

[ 2017-02-09T14:04:59+08:00 ] ::1 /abc/Homyit/sendMessage/index.php/Home/Index/send.html
INFO: [ app_init ] --START--
INFO: Run Behavior\BuildLiteBehavior [ RunTime:0.000026s ]
INFO: [ app_init ] --END-- [ RunTime:0.001205s ]
INFO: [ app_begin ] --START--
INFO: Run Behavior\ReadHtmlCacheBehavior [ RunTime:0.000686s ]
INFO: [ app_begin ] --END-- [ RunTime:0.000830s ]
NOTIC: [8192] mysql_connect(): The mysql extension is deprecated and will be removed in the future: use mysqli or PDO instead D:\wamp\www\abc\Homyit\sendMessage\ThinkPHP\Library\Think\Db\Driver\Mysql.class.php 第 52 行.
SQL: SHOW COLUMNS FROM `studio_join` [ RunTime:0.015229s ]
SQL: SELECT `phone` FROM `studio_join` WHERE `id` = '130' LIMIT 1   [ RunTime:0.017286s ]
NOTIC: [8] Undefined property: stdClass::$result D:\wamp\www\abc\Homyit\sendMessage\Application\Home\Controller\IndexController.class.php 第 35 行.
NOTIC: [8] Trying to get property of non-object D:\wamp\www\abc\Homyit\sendMessage\Application\Home\Controller\IndexController.class.php 第 35 行.
SQL: SHOW COLUMNS FROM `studio_join` [ RunTime:0.017053s ]
NOTIC: [8] Array to string conversion D:\wamp\www\abc\Homyit\sendMessage\ThinkPHP\Library\Think\Db.class.php 第 472 行.
SQL: UPDATE `studio_join` SET `mail`='<span class=\"btn btn-primary\">号码格式错误</span>' WHERE `id` = Array [ RunTime:0.021465s ]
ERR: 1054:Unknown column 'Array' in 'where clause'
 [ SQL语句 ] : UPDATE `studio_join` SET `mail`='<span class=\"btn btn-primary\">号码格式错误</span>' WHERE `id` = Array
SQL: SELECT `phone` FROM `studio_join` WHERE `id` = '215' LIMIT 1   [ RunTime:0.000320s ]
NOTIC: [8] Undefined property: stdClass::$result D:\wamp\www\abc\Homyit\sendMessage\Application\Home\Controller\IndexController.class.php 第 35 行.
NOTIC: [8] Trying to get property of non-object D:\wamp\www\abc\Homyit\sendMessage\Application\Home\Controller\IndexController.class.php 第 35 行.
NOTIC: [8] Array to string conversion D:\wamp\www\abc\Homyit\sendMessage\ThinkPHP\Library\Think\Db.class.php 第 472 行.
SQL: UPDATE `studio_join` SET `mail`='<span class=\"btn btn-primary\">号码格式错误</span>' WHERE `id` = Array [ RunTime:0.000829s ]
ERR: 1054:Unknown column 'Array' in 'where clause'
 [ SQL语句 ] : UPDATE `studio_join` SET `mail`='<span class=\"btn btn-primary\">号码格式错误</span>' WHERE `id` = Array
INFO: [ app_end ] --START--
INFO: Run Behavior\ShowPageTraceBehavior [ RunTime:0.002736s ]
INFO: [ app_end ] --END-- [ RunTime:0.003127s ]

[ 2017-02-09T14:05:42+08:00 ] ::1 /abc/Homyit/sendMessage/index.php/Home/Index/send.html
INFO: [ app_init ] --START--
INFO: Run Behavior\BuildLiteBehavior [ RunTime:0.000028s ]
INFO: [ app_init ] --END-- [ RunTime:0.000612s ]
INFO: [ app_begin ] --START--
INFO: Run Behavior\ReadHtmlCacheBehavior [ RunTime:0.000613s ]
INFO: [ app_begin ] --END-- [ RunTime:0.000740s ]
NOTIC: [8192] mysql_connect(): The mysql extension is deprecated and will be removed in the future: use mysqli or PDO instead D:\wamp\www\abc\Homyit\sendMessage\ThinkPHP\Library\Think\Db\Driver\Mysql.class.php 第 52 行.
SQL: SHOW COLUMNS FROM `studio_join` [ RunTime:0.116797s ]
SQL: SELECT `phone` FROM `studio_join` WHERE `id` = '130' LIMIT 1   [ RunTime:0.000868s ]
NOTIC: [8] Undefined property: stdClass::$result D:\wamp\www\abc\Homyit\sendMessage\Application\Home\Controller\IndexController.class.php 第 35 行.
NOTIC: [8] Trying to get property of non-object D:\wamp\www\abc\Homyit\sendMessage\Application\Home\Controller\IndexController.class.php 第 35 行.
SQL: SHOW COLUMNS FROM `studio_join` [ RunTime:0.019466s ]
NOTIC: [8] Array to string conversion D:\wamp\www\abc\Homyit\sendMessage\ThinkPHP\Library\Think\Db.class.php 第 472 行.
SQL: UPDATE `studio_join` SET `mail`='<span class=\"btn btn-primary\">号码格式错误</span>' WHERE `id` = Array [ RunTime:0.000450s ]
ERR: 1054:Unknown column 'Array' in 'where clause'
 [ SQL语句 ] : UPDATE `studio_join` SET `mail`='<span class=\"btn btn-primary\">号码格式错误</span>' WHERE `id` = Array
INFO: [ app_end ] --START--
INFO: Run Behavior\ShowPageTraceBehavior [ RunTime:0.000999s ]
INFO: [ app_end ] --END-- [ RunTime:0.001157s ]

[ 2017-02-09T14:06:15+08:00 ] ::1 /abc/Homyit/sendMessage/index.php/Home/Index/send.html
INFO: [ app_init ] --START--
INFO: Run Behavior\BuildLiteBehavior [ RunTime:0.000025s ]
INFO: [ app_init ] --END-- [ RunTime:0.000986s ]
INFO: [ app_begin ] --START--
INFO: Run Behavior\ReadHtmlCacheBehavior [ RunTime:0.000532s ]
INFO: [ app_begin ] --END-- [ RunTime:0.000648s ]
NOTIC: [8192] mysql_connect(): The mysql extension is deprecated and will be removed in the future: use mysqli or PDO instead D:\wamp\www\abc\Homyit\sendMessage\ThinkPHP\Library\Think\Db\Driver\Mysql.class.php 第 52 行.
SQL: SHOW COLUMNS FROM `studio_join` [ RunTime:0.008383s ]
SQL: SELECT `phone` FROM `studio_join` WHERE `id` = '130' LIMIT 1   [ RunTime:0.000287s ]
SQL: SHOW COLUMNS FROM `studio_join` [ RunTime:0.014783s ]
NOTIC: [8] Array to string conversion D:\wamp\www\abc\Homyit\sendMessage\ThinkPHP\Library\Think\Db.class.php 第 472 行.
SQL: UPDATE `studio_join` SET `mail`='<span class=\"btn btn-primary\">发送成功</span>' WHERE `id` = Array [ RunTime:0.000635s ]
ERR: 1054:Unknown column 'Array' in 'where clause'
 [ SQL语句 ] : UPDATE `studio_join` SET `mail`='<span class=\"btn btn-primary\">发送成功</span>' WHERE `id` = Array
INFO: [ app_end ] --START--
INFO: Run Behavior\ShowPageTraceBehavior [ RunTime:0.002361s ]
INFO: [ app_end ] --END-- [ RunTime:0.002750s ]

[ 2017-02-09T14:06:27+08:00 ] ::1 /abc/Homyit/sendMessage/
INFO: [ app_init ] --START--
INFO: Run Behavior\BuildLiteBehavior [ RunTime:0.000033s ]
INFO: [ app_init ] --END-- [ RunTime:0.001139s ]
INFO: [ app_begin ] --START--
INFO: Run Behavior\ReadHtmlCacheBehavior [ RunTime:0.000840s ]
INFO: [ app_begin ] --END-- [ RunTime:0.001072s ]
NOTIC: [8192] mysql_connect(): The mysql extension is deprecated and will be removed in the future: use mysqli or PDO instead D:\wamp\www\abc\Homyit\sendMessage\ThinkPHP\Library\Think\Db\Driver\Mysql.class.php 第 52 行.
SQL: SHOW COLUMNS FROM `studio_join` [ RunTime:0.009932s ]
SQL: SELECT `id`,`sno`,`name`,`sex`,`class`,`phone`,`QQ`,`mail`,`status` FROM `studio_join` WHERE `status` = 1  [ RunTime:0.001037s ]
NOTIC: [2] Missing argument 1 for Think\Controller::show(), called in D:\wamp\www\abc\Homyit\sendMessage\Application\Home\Controller\IndexController.class.php on line 13 and defined D:\wamp\www\abc\Homyit\sendMessage\ThinkPHP\Library\Think\Controller.class.php 第 68 行.
NOTIC: [8] Undefined variable: content D:\wamp\www\abc\Homyit\sendMessage\ThinkPHP\Library\Think\Controller.class.php 第 69 行.
INFO: [ view_parse ] --START--
INFO: [ template_filter ] --START--
INFO: Run Behavior\ContentReplaceBehavior [ RunTime:0.000074s ]
INFO: [ template_filter ] --END-- [ RunTime:0.000203s ]
INFO: Run Behavior\ParseTemplateBehavior [ RunTime:0.185394s ]
INFO: [ view_parse ] --END-- [ RunTime:0.185518s ]
INFO: [ view_filter ] --START--
INFO: Run Behavior\WriteHtmlCacheBehavior [ RunTime:0.013484s ]
INFO: [ view_filter ] --END-- [ RunTime:0.013614s ]
INFO: [ app_end ] --START--
INFO: Run Behavior\ShowPageTraceBehavior [ RunTime:0.000851s ]
INFO: [ app_end ] --END-- [ RunTime:0.000992s ]

[ 2017-02-09T14:08:38+08:00 ] ::1 /abc/Homyit/sendMessage/index.php/Home/Index/send.html
INFO: [ app_init ] --START--
INFO: Run Behavior\BuildLiteBehavior [ RunTime:0.000025s ]
INFO: [ app_init ] --END-- [ RunTime:0.000652s ]
INFO: [ app_begin ] --START--
INFO: Run Behavior\ReadHtmlCacheBehavior [ RunTime:0.000615s ]
INFO: [ app_begin ] --END-- [ RunTime:0.000720s ]
NOTIC: [8192] mysql_connect(): The mysql extension is deprecated and will be removed in the future: use mysqli or PDO instead D:\wamp\www\abc\Homyit\sendMessage\ThinkPHP\Library\Think\Db\Driver\Mysql.class.php 第 52 行.
SQL: SHOW COLUMNS FROM `studio_join` [ RunTime:0.009354s ]
SQL: SELECT `phone` FROM `studio_join` WHERE `id` = '130' LIMIT 1   [ RunTime:0.000340s ]
NOTIC: [8] Undefined property: stdClass::$result D:\wamp\www\abc\Homyit\sendMessage\Application\Home\Controller\IndexController.class.php 第 35 行.
NOTIC: [8] Trying to get property of non-object D:\wamp\www\abc\Homyit\sendMessage\Application\Home\Controller\IndexController.class.php 第 35 行.
SQL: SHOW COLUMNS FROM `studio_join` [ RunTime:0.011331s ]
SQL: UPDATE `studio_join` SET `mail`='<span class=\"btn btn-primary\">号码格式错误</span>' WHERE `id` = '130' [ RunTime:0.128005s ]
INFO: [ app_end ] --START--
INFO: Run Behavior\ShowPageTraceBehavior [ RunTime:0.002500s ]
INFO: [ app_end ] --END-- [ RunTime:0.002897s ]

[ 2017-02-09T14:08:45+08:00 ] ::1 /abc/Homyit/sendMessage/
INFO: [ app_init ] --START--
INFO: Run Behavior\BuildLiteBehavior [ RunTime:0.000031s ]
INFO: [ app_init ] --END-- [ RunTime:0.000801s ]
INFO: [ app_begin ] --START--
INFO: Run Behavior\ReadHtmlCacheBehavior [ RunTime:0.000707s ]
INFO: [ app_begin ] --END-- [ RunTime:0.000865s ]
NOTIC: [8192] mysql_connect(): The mysql extension is deprecated and will be removed in the future: use mysqli or PDO instead D:\wamp\www\abc\Homyit\sendMessage\ThinkPHP\Library\Think\Db\Driver\Mysql.class.php 第 52 行.
SQL: SHOW COLUMNS FROM `studio_join` [ RunTime:0.008701s ]
SQL: SELECT `id`,`sno`,`name`,`sex`,`class`,`phone`,`QQ`,`mail`,`status` FROM `studio_join` WHERE `status` = 1  [ RunTime:0.001025s ]
NOTIC: [2] Missing argument 1 for Think\Controller::show(), called in D:\wamp\www\abc\Homyit\sendMessage\Application\Home\Controller\IndexController.class.php on line 13 and defined D:\wamp\www\abc\Homyit\sendMessage\ThinkPHP\Library\Think\Controller.class.php 第 68 行.
NOTIC: [8] Undefined variable: content D:\wamp\www\abc\Homyit\sendMessage\ThinkPHP\Library\Think\Controller.class.php 第 69 行.
INFO: [ view_parse ] --START--
INFO: [ template_filter ] --START--
INFO: Run Behavior\ContentReplaceBehavior [ RunTime:0.000060s ]
INFO: [ template_filter ] --END-- [ RunTime:0.000164s ]
INFO: Run Behavior\ParseTemplateBehavior [ RunTime:0.009339s ]
INFO: [ view_parse ] --END-- [ RunTime:0.009465s ]
INFO: [ view_filter ] --START--
INFO: Run Behavior\WriteHtmlCacheBehavior [ RunTime:0.000684s ]
INFO: [ view_filter ] --END-- [ RunTime:0.000796s ]
INFO: [ app_end ] --START--
INFO: Run Behavior\ShowPageTraceBehavior [ RunTime:0.000808s ]
INFO: [ app_end ] --END-- [ RunTime:0.000927s ]

[ 2017-02-09T14:10:34+08:00 ] ::1 /abc/Homyit/sendMessage/index.php/Home/Index/send.html
INFO: [ app_init ] --START--
INFO: Run Behavior\BuildLiteBehavior [ RunTime:0.000028s ]
INFO: [ app_init ] --END-- [ RunTime:0.000623s ]
INFO: [ app_begin ] --START--
INFO: Run Behavior\ReadHtmlCacheBehavior [ RunTime:0.001296s ]
INFO: [ app_begin ] --END-- [ RunTime:0.001444s ]
NOTIC: [8192] mysql_connect(): The mysql extension is deprecated and will be removed in the future: use mysqli or PDO instead D:\wamp\www\abc\Homyit\sendMessage\ThinkPHP\Library\Think\Db\Driver\Mysql.class.php 第 52 行.
SQL: SHOW COLUMNS FROM `studio_join` [ RunTime:0.069134s ]
SQL: SELECT `phone` FROM `studio_join` WHERE `id` = '130' LIMIT 1   [ RunTime:0.000450s ]
NOTIC: [8] Undefined property: stdClass::$result D:\wamp\www\abc\Homyit\sendMessage\Application\Home\Controller\IndexController.class.php 第 35 行.
NOTIC: [8] Trying to get property of non-object D:\wamp\www\abc\Homyit\sendMessage\Application\Home\Controller\IndexController.class.php 第 35 行.
SQL: SHOW COLUMNS FROM `studio_join` [ RunTime:0.015886s ]
SQL: UPDATE `studio_join` SET `mail`='<span class=\"text-warning\">号码格式错误</span>' WHERE `id` = '130' [ RunTime:0.087333s ]
INFO: [ app_end ] --START--
INFO: Run Behavior\ShowPageTraceBehavior [ RunTime:0.003235s ]
INFO: [ app_end ] --END-- [ RunTime:0.003782s ]

[ 2017-02-09T14:10:38+08:00 ] ::1 /abc/Homyit/sendMessage/
INFO: [ app_init ] --START--
INFO: Run Behavior\BuildLiteBehavior [ RunTime:0.000030s ]
INFO: [ app_init ] --END-- [ RunTime:0.000765s ]
INFO: [ app_begin ] --START--
INFO: Run Behavior\ReadHtmlCacheBehavior [ RunTime:0.000584s ]
INFO: [ app_begin ] --END-- [ RunTime:0.000712s ]
NOTIC: [8192] mysql_connect(): The mysql extension is deprecated and will be removed in the future: use mysqli or PDO instead D:\wamp\www\abc\Homyit\sendMessage\ThinkPHP\Library\Think\Db\Driver\Mysql.class.php 第 52 行.
SQL: SHOW COLUMNS FROM `studio_join` [ RunTime:0.010392s ]
SQL: SELECT `id`,`sno`,`name`,`sex`,`class`,`phone`,`QQ`,`mail`,`status` FROM `studio_join` WHERE `status` = 1  [ RunTime:0.001341s ]
NOTIC: [2] Missing argument 1 for Think\Controller::show(), called in D:\wamp\www\abc\Homyit\sendMessage\Application\Home\Controller\IndexController.class.php on line 13 and defined D:\wamp\www\abc\Homyit\sendMessage\ThinkPHP\Library\Think\Controller.class.php 第 68 行.
NOTIC: [8] Undefined variable: content D:\wamp\www\abc\Homyit\sendMessage\ThinkPHP\Library\Think\Controller.class.php 第 69 行.
INFO: [ view_parse ] --START--
INFO: [ template_filter ] --START--
INFO: Run Behavior\ContentReplaceBehavior [ RunTime:0.000068s ]
INFO: [ template_filter ] --END-- [ RunTime:0.000188s ]
INFO: Run Behavior\ParseTemplateBehavior [ RunTime:0.010715s ]
INFO: [ view_parse ] --END-- [ RunTime:0.010865s ]
INFO: [ view_filter ] --START--
INFO: Run Behavior\WriteHtmlCacheBehavior [ RunTime:0.000461s ]
INFO: [ view_filter ] --END-- [ RunTime:0.000563s ]
INFO: [ app_end ] --START--
INFO: Run Behavior\ShowPageTraceBehavior [ RunTime:0.000944s ]
INFO: [ app_end ] --END-- [ RunTime:0.001116s ]

[ 2017-02-09T14:14:06+08:00 ] ::1 /abc/Homyit/sendMessage/index.php/Home/Index/send.html
INFO: [ app_init ] --START--
INFO: Run Behavior\BuildLiteBehavior [ RunTime:0.000025s ]
INFO: [ app_init ] --END-- [ RunTime:0.000573s ]
INFO: [ app_begin ] --START--
INFO: Run Behavior\ReadHtmlCacheBehavior [ RunTime:0.000627s ]
INFO: [ app_begin ] --END-- [ RunTime:0.000744s ]

[ 2017-02-09T14:14:26+08:00 ] ::1 /abc/Homyit/sendMessage/index.php/Home/Index/send.html
INFO: [ app_init ] --START--
INFO: Run Behavior\BuildLiteBehavior [ RunTime:0.000030s ]
INFO: [ app_init ] --END-- [ RunTime:0.000542s ]
INFO: [ app_begin ] --START--
INFO: Run Behavior\ReadHtmlCacheBehavior [ RunTime:0.000833s ]
INFO: [ app_begin ] --END-- [ RunTime:0.001015s ]
NOTIC: [2] Invalid argument supplied for foreach() D:\wamp\www\abc\Homyit\sendMessage\Application\Home\Controller\IndexController.class.php 第 24 行.
INFO: [ app_end ] --START--
INFO: Run Behavior\ShowPageTraceBehavior [ RunTime:0.001009s ]
INFO: [ app_end ] --END-- [ RunTime:0.001210s ]

[ 2017-02-09T14:16:01+08:00 ] ::1 /abc/Homyit/sendMessage/
INFO: [ app_init ] --START--
INFO: Run Behavior\BuildLiteBehavior [ RunTime:0.000030s ]
INFO: [ app_init ] --END-- [ RunTime:0.000635s ]
INFO: [ app_begin ] --START--
INFO: Run Behavior\ReadHtmlCacheBehavior [ RunTime:0.000566s ]
INFO: [ app_begin ] --END-- [ RunTime:0.000686s ]
NOTIC: [8192] mysql_connect(): The mysql extension is deprecated and will be removed in the future: use mysqli or PDO instead D:\wamp\www\abc\Homyit\sendMessage\ThinkPHP\Library\Think\Db\Driver\Mysql.class.php 第 52 行.
SQL: SHOW COLUMNS FROM `studio_join` [ RunTime:0.005052s ]
SQL: SELECT `id`,`sno`,`name`,`sex`,`class`,`phone`,`QQ`,`mail`,`status` FROM `studio_join` WHERE `status` = 1  [ RunTime:0.001300s ]
NOTIC: [2] Missing argument 1 for Think\Controller::show(), called in D:\wamp\www\abc\Homyit\sendMessage\Application\Home\Controller\IndexController.class.php on line 13 and defined D:\wamp\www\abc\Homyit\sendMessage\ThinkPHP\Library\Think\Controller.class.php 第 68 行.
NOTIC: [8] Undefined variable: content D:\wamp\www\abc\Homyit\sendMessage\ThinkPHP\Library\Think\Controller.class.php 第 69 行.
INFO: [ view_parse ] --START--
INFO: [ template_filter ] --START--
INFO: Run Behavior\ContentReplaceBehavior [ RunTime:0.000116s ]
INFO: [ template_filter ] --END-- [ RunTime:0.000327s ]
INFO: Run Behavior\ParseTemplateBehavior [ RunTime:0.014829s ]
INFO: [ view_parse ] --END-- [ RunTime:0.014988s ]
INFO: [ view_filter ] --START--
INFO: Run Behavior\WriteHtmlCacheBehavior [ RunTime:0.000657s ]
INFO: [ view_filter ] --END-- [ RunTime:0.000772s ]
INFO: [ app_end ] --START--
INFO: Run Behavior\ShowPageTraceBehavior [ RunTime:0.000767s ]
INFO: [ app_end ] --END-- [ RunTime:0.000896s ]

[ 2017-02-09T14:16:03+08:00 ] ::1 /abc/Homyit/sendMessage/index.php/Home/Index/send.html
INFO: [ app_init ] --START--
INFO: Run Behavior\BuildLiteBehavior [ RunTime:0.000027s ]
INFO: [ app_init ] --END-- [ RunTime:0.000474s ]
INFO: [ app_begin ] --START--
INFO: Run Behavior\ReadHtmlCacheBehavior [ RunTime:0.000541s ]
INFO: [ app_begin ] --END-- [ RunTime:0.000676s ]
NOTIC: [2] Invalid argument supplied for foreach() D:\wamp\www\abc\Homyit\sendMessage\Application\Home\Controller\IndexController.class.php 第 27 行.
INFO: [ app_end ] --START--
INFO: Run Behavior\ShowPageTraceBehavior [ RunTime:0.000593s ]
INFO: [ app_end ] --END-- [ RunTime:0.000700s ]

[ 2017-02-09T14:20:46+08:00 ] ::1 /abc/Homyit/sendMessage/index.php/Home/Index/send.html
INFO: [ app_init ] --START--
INFO: Run Behavior\BuildLiteBehavior [ RunTime:0.000023s ]
INFO: [ app_init ] --END-- [ RunTime:0.000564s ]
INFO: [ app_begin ] --START--
INFO: Run Behavior\ReadHtmlCacheBehavior [ RunTime:0.000620s ]
INFO: [ app_begin ] --END-- [ RunTime:0.000723s ]
NOTIC: [8192] mysql_connect(): The mysql extension is deprecated and will be removed in the future: use mysqli or PDO instead D:\wamp\www\abc\Homyit\sendMessage\ThinkPHP\Library\Think\Db\Driver\Mysql.class.php 第 52 行.
SQL: SHOW COLUMNS FROM `studio_join` [ RunTime:0.061521s ]
SQL: SELECT `phone` FROM `studio_join` WHERE `id` = '130' LIMIT 1   [ RunTime:0.000355s ]
SQL: SHOW COLUMNS FROM `studio_join` [ RunTime:0.005982s ]
SQL: UPDATE `studio_join` SET `mail`='<span class=\"text-success\">发送成功</span>' WHERE `id` = '130' [ RunTime:0.096173s ]
INFO: [ app_end ] --START--
INFO: Run Behavior\ShowPageTraceBehavior [ RunTime:0.000904s ]
INFO: [ app_end ] --END-- [ RunTime:0.001041s ]

[ 2017-02-09T14:22:54+08:00 ] ::1 /abc/Homyit/sendMessage/
INFO: [ app_init ] --START--
INFO: Run Behavior\BuildLiteBehavior [ RunTime:0.000043s ]
INFO: [ app_init ] --END-- [ RunTime:0.001267s ]
INFO: [ app_begin ] --START--
INFO: Run Behavior\ReadHtmlCacheBehavior [ RunTime:0.000718s ]
INFO: [ app_begin ] --END-- [ RunTime:0.000869s ]
NOTIC: [8192] mysql_connect(): The mysql extension is deprecated and will be removed in the future: use mysqli or PDO instead D:\wamp\www\abc\Homyit\sendMessage\ThinkPHP\Library\Think\Db\Driver\Mysql.class.php 第 52 行.
SQL: SHOW COLUMNS FROM `studio_join` [ RunTime:0.005103s ]
SQL: SELECT `id`,`sno`,`name`,`sex`,`class`,`phone`,`QQ`,`mail`,`status` FROM `studio_join` WHERE `status` = 1  [ RunTime:0.001081s ]
NOTIC: [2] Missing argument 1 for Think\Controller::show(), called in D:\wamp\www\abc\Homyit\sendMessage\Application\Home\Controller\IndexController.class.php on line 13 and defined D:\wamp\www\abc\Homyit\sendMessage\ThinkPHP\Library\Think\Controller.class.php 第 68 行.
NOTIC: [8] Undefined variable: content D:\wamp\www\abc\Homyit\sendMessage\ThinkPHP\Library\Think\Controller.class.php 第 69 行.
INFO: [ view_parse ] --START--
INFO: [ template_filter ] --START--
INFO: Run Behavior\ContentReplaceBehavior [ RunTime:0.000076s ]
INFO: [ template_filter ] --END-- [ RunTime:0.000198s ]
INFO: Run Behavior\ParseTemplateBehavior [ RunTime:0.010171s ]
INFO: [ view_parse ] --END-- [ RunTime:0.010277s ]
INFO: [ view_filter ] --START--
INFO: Run Behavior\WriteHtmlCacheBehavior [ RunTime:0.000492s ]
INFO: [ view_filter ] --END-- [ RunTime:0.000595s ]
INFO: [ app_end ] --START--
INFO: Run Behavior\ShowPageTraceBehavior [ RunTime:0.000891s ]
INFO: [ app_end ] --END-- [ RunTime:0.001048s ]

[ 2017-02-09T14:39:03+08:00 ] ::1 /abc/Homyit/sendMessage/index.php/Home/Index/send.html
INFO: [ app_init ] --START--
INFO: Run Behavior\BuildLiteBehavior [ RunTime:0.000027s ]
INFO: [ app_init ] --END-- [ RunTime:0.000665s ]
INFO: [ app_begin ] --START--
INFO: Run Behavior\ReadHtmlCacheBehavior [ RunTime:0.000604s ]
INFO: [ app_begin ] --END-- [ RunTime:0.000734s ]
NOTIC: [8192] mysql_connect(): The mysql extension is deprecated and will be removed in the future: use mysqli or PDO instead D:\wamp\www\abc\Homyit\sendMessage\ThinkPHP\Library\Think\Db\Driver\Mysql.class.php 第 52 行.
SQL: SHOW COLUMNS FROM `studio_join` [ RunTime:0.008999s ]
SQL: SELECT `phone` FROM `studio_join` WHERE `id` = '130' LIMIT 1   [ RunTime:0.000484s ]
SQL: SHOW COLUMNS FROM `studio_join` [ RunTime:0.012541s ]
SQL: UPDATE `studio_join` SET `mail`='<span class=\"text-success\">发送成功</span>' WHERE `id` = '130' [ RunTime:0.134530s ]
INFO: [ view_parse ] --START--
INFO: [ template_filter ] --START--
INFO: Run Behavior\ContentReplaceBehavior [ RunTime:0.000061s ]
INFO: [ template_filter ] --END-- [ RunTime:0.000175s ]
INFO: Run Behavior\ParseTemplateBehavior [ RunTime:0.011864s ]
INFO: [ view_parse ] --END-- [ RunTime:0.012067s ]
INFO: [ view_filter ] --START--
INFO: Run Behavior\WriteHtmlCacheBehavior [ RunTime:0.000486s ]
INFO: [ view_filter ] --END-- [ RunTime:0.000591s ]
INFO: [ app_end ] --START--
INFO: Run Behavior\ShowPageTraceBehavior [ RunTime:0.000811s ]
INFO: [ app_end ] --END-- [ RunTime:0.000947s ]

[ 2017-02-09T14:39:05+08:00 ] ::1 /abc/Homyit/sendMessage/index.php/Home/Index/Index/index
INFO: [ app_init ] --START--
INFO: Run Behavior\BuildLiteBehavior [ RunTime:0.000039s ]
INFO: [ app_init ] --END-- [ RunTime:0.001621s ]
INFO: [ app_begin ] --START--
INFO: Run Behavior\ReadHtmlCacheBehavior [ RunTime:0.000791s ]
INFO: [ app_begin ] --END-- [ RunTime:0.000979s ]
NOTIC: [8192] mysql_connect(): The mysql extension is deprecated and will be removed in the future: use mysqli or PDO instead D:\wamp\www\abc\Homyit\sendMessage\ThinkPHP\Library\Think\Db\Driver\Mysql.class.php 第 52 行.
SQL: SHOW COLUMNS FROM `studio_join` [ RunTime:0.118408s ]
SQL: SELECT `id`,`sno`,`name`,`sex`,`class`,`phone`,`QQ`,`mail`,`status` FROM `studio_join` WHERE `status` = 1  [ RunTime:0.001739s ]
NOTIC: [2] Missing argument 1 for Think\Controller::show(), called in D:\wamp\www\abc\Homyit\sendMessage\Application\Home\Controller\IndexController.class.php on line 13 and defined D:\wamp\www\abc\Homyit\sendMessage\ThinkPHP\Library\Think\Controller.class.php 第 68 行.
NOTIC: [8] Undefined variable: content D:\wamp\www\abc\Homyit\sendMessage\ThinkPHP\Library\Think\Controller.class.php 第 69 行.
INFO: [ view_parse ] --START--
INFO: [ template_filter ] --START--
INFO: Run Behavior\ContentReplaceBehavior [ RunTime:0.000063s ]
INFO: [ template_filter ] --END-- [ RunTime:0.000174s ]
INFO: Run Behavior\ParseTemplateBehavior [ RunTime:0.009518s ]
INFO: [ view_parse ] --END-- [ RunTime:0.009638s ]
INFO: [ view_filter ] --START--
INFO: Run Behavior\WriteHtmlCacheBehavior [ RunTime:0.000559s ]
INFO: [ view_filter ] --END-- [ RunTime:0.000690s ]
INFO: [ app_end ] --START--
INFO: Run Behavior\ShowPageTraceBehavior [ RunTime:0.001079s ]
INFO: [ app_end ] --END-- [ RunTime:0.001418s ]

[ 2017-02-09T14:40:58+08:00 ] ::1 /abc/Homyit/sendMessage/index.php/Home/Index/Index/index
INFO: [ app_init ] --START--
INFO: Run Behavior\BuildLiteBehavior [ RunTime:0.000025s ]
INFO: [ app_init ] --END-- [ RunTime:0.000544s ]
INFO: [ app_begin ] --START--
INFO: Run Behavior\ReadHtmlCacheBehavior [ RunTime:0.000557s ]
INFO: [ app_begin ] --END-- [ RunTime:0.000673s ]
NOTIC: [8192] mysql_connect(): The mysql extension is deprecated and will be removed in the future: use mysqli or PDO instead D:\wamp\www\abc\Homyit\sendMessage\ThinkPHP\Library\Think\Db\Driver\Mysql.class.php 第 52 行.
SQL: SHOW COLUMNS FROM `studio_join` [ RunTime:0.006197s ]
SQL: SELECT `id`,`sno`,`name`,`sex`,`class`,`phone`,`QQ`,`mail`,`status` FROM `studio_join` WHERE `status` = 1  [ RunTime:0.000987s ]
NOTIC: [2] Missing argument 1 for Think\Controller::show(), called in D:\wamp\www\abc\Homyit\sendMessage\Application\Home\Controller\IndexController.class.php on line 13 and defined D:\wamp\www\abc\Homyit\sendMessage\ThinkPHP\Library\Think\Controller.class.php 第 68 行.
NOTIC: [8] Undefined variable: content D:\wamp\www\abc\Homyit\sendMessage\ThinkPHP\Library\Think\Controller.class.php 第 69 行.
INFO: [ view_parse ] --START--
INFO: [ template_filter ] --START--
INFO: Run Behavior\ContentReplaceBehavior [ RunTime:0.000253s ]
INFO: [ template_filter ] --END-- [ RunTime:0.000608s ]
INFO: Run Behavior\ParseTemplateBehavior [ RunTime:0.009824s ]
INFO: [ view_parse ] --END-- [ RunTime:0.009939s ]
INFO: [ view_filter ] --START--
INFO: Run Behavior\WriteHtmlCacheBehavior [ RunTime:0.000529s ]
INFO: [ view_filter ] --END-- [ RunTime:0.000628s ]
INFO: [ app_end ] --START--
INFO: Run Behavior\ShowPageTraceBehavior [ RunTime:0.000738s ]
INFO: [ app_end ] --END-- [ RunTime:0.000880s ]

[ 2017-02-09T14:41:17+08:00 ] ::1 /abc/Homyit/sendMessage/index.php/Home/Index/send.html
INFO: [ app_init ] --START--
INFO: Run Behavior\BuildLiteBehavior [ RunTime:0.000029s ]
INFO: [ app_init ] --END-- [ RunTime:0.000665s ]
INFO: [ app_begin ] --START--
INFO: Run Behavior\ReadHtmlCacheBehavior [ RunTime:0.000724s ]
INFO: [ app_begin ] --END-- [ RunTime:0.000856s ]
NOTIC: [8192] mysql_connect(): The mysql extension is deprecated and will be removed in the future: use mysqli or PDO instead D:\wamp\www\abc\Homyit\sendMessage\ThinkPHP\Library\Think\Db\Driver\Mysql.class.php 第 52 行.
SQL: SHOW COLUMNS FROM `studio_join` [ RunTime:0.008418s ]
SQL: SELECT `phone` FROM `studio_join` WHERE `id` = '130' LIMIT 1   [ RunTime:0.000336s ]
SQL: SHOW COLUMNS FROM `studio_join` [ RunTime:0.005848s ]
SQL: UPDATE `studio_join` SET `mail`='<span class=\"text-success\">发送成功</span>' WHERE `id` = '130' [ RunTime:0.076664s ]
SQL: SELECT `phone` FROM `studio_join` WHERE `id` = '265' LIMIT 1   [ RunTime:0.000304s ]
NOTIC: [8] Undefined property: stdClass::$result D:\wamp\www\abc\Homyit\sendMessage\Application\Home\Controller\IndexController.class.php 第 39 行.
NOTIC: [8] Trying to get property of non-object D:\wamp\www\abc\Homyit\sendMessage\Application\Home\Controller\IndexController.class.php 第 39 行.
NOTIC: [8] Undefined property: stdClass::$result D:\wamp\www\abc\Homyit\sendMessage\Application\Home\Controller\IndexController.class.php 第 43 行.
NOTIC: [8] Trying to get property of non-object D:\wamp\www\abc\Homyit\sendMessage\Application\Home\Controller\IndexController.class.php 第 43 行.
SQL: UPDATE `studio_join` SET `mail`='<span class=\"text-warning\">号码格式错误</span>' WHERE `id` = '265' [ RunTime:0.062034s ]
INFO: [ view_parse ] --START--
INFO: [ template_filter ] --START--
INFO: Run Behavior\ContentReplaceBehavior [ RunTime:0.000135s ]
INFO: [ template_filter ] --END-- [ RunTime:0.000379s ]
INFO: Run Behavior\ParseTemplateBehavior [ RunTime:0.014210s ]
INFO: [ view_parse ] --END-- [ RunTime:0.014543s ]
INFO: [ view_filter ] --START--
INFO: Run Behavior\WriteHtmlCacheBehavior [ RunTime:0.001749s ]
INFO: [ view_filter ] --END-- [ RunTime:0.001997s ]
INFO: [ app_end ] --START--
INFO: Run Behavior\ShowPageTraceBehavior [ RunTime:0.001638s ]
INFO: [ app_end ] --END-- [ RunTime:0.001981s ]

[ 2017-02-09T14:41:18+08:00 ] ::1 /abc/Homyit/sendMessage/index.php/Home/Index/Index/index
INFO: [ app_init ] --START--
INFO: Run Behavior\BuildLiteBehavior [ RunTime:0.000062s ]
INFO: [ app_init ] --END-- [ RunTime:0.001067s ]
INFO: [ app_begin ] --START--
INFO: Run Behavior\ReadHtmlCacheBehavior [ RunTime:0.001002s ]
INFO: [ app_begin ] --END-- [ RunTime:0.001279s ]
NOTIC: [8192] mysql_connect(): The mysql extension is deprecated and will be removed in the future: use mysqli or PDO instead D:\wamp\www\abc\Homyit\sendMessage\ThinkPHP\Library\Think\Db\Driver\Mysql.class.php 第 52 行.
SQL: SHOW COLUMNS FROM `studio_join` [ RunTime:0.006716s ]
SQL: SELECT `id`,`sno`,`name`,`sex`,`class`,`phone`,`QQ`,`mail`,`status` FROM `studio_join` WHERE `status` = 1  [ RunTime:0.001114s ]
NOTIC: [2] Missing argument 1 for Think\Controller::show(), called in D:\wamp\www\abc\Homyit\sendMessage\Application\Home\Controller\IndexController.class.php on line 13 and defined D:\wamp\www\abc\Homyit\sendMessage\ThinkPHP\Library\Think\Controller.class.php 第 68 行.
NOTIC: [8] Undefined variable: content D:\wamp\www\abc\Homyit\sendMessage\ThinkPHP\Library\Think\Controller.class.php 第 69 行.
INFO: [ view_parse ] --START--
INFO: [ template_filter ] --START--
INFO: Run Behavior\ContentReplaceBehavior [ RunTime:0.000062s ]
INFO: [ template_filter ] --END-- [ RunTime:0.000173s ]
INFO: Run Behavior\ParseTemplateBehavior [ RunTime:0.008272s ]
INFO: [ view_parse ] --END-- [ RunTime:0.008383s ]
INFO: [ view_filter ] --START--
INFO: Run Behavior\WriteHtmlCacheBehavior [ RunTime:0.000417s ]
INFO: [ view_filter ] --END-- [ RunTime:0.000514s ]
INFO: [ app_end ] --START--
INFO: Run Behavior\ShowPageTraceBehavior [ RunTime:0.000659s ]
INFO: [ app_end ] --END-- [ RunTime:0.000808s ]

[ 2017-02-09T14:44:32+08:00 ] ::1 /abc/Homyit/sendMessage/index.php/Home/Index/Index/index
INFO: [ app_init ] --START--
INFO: Run Behavior\BuildLiteBehavior [ RunTime:0.000022s ]
INFO: [ app_init ] --END-- [ RunTime:0.000536s ]
INFO: [ app_begin ] --START--
INFO: Run Behavior\ReadHtmlCacheBehavior [ RunTime:0.000651s ]
INFO: [ app_begin ] --END-- [ RunTime:0.000765s ]
NOTIC: [8192] mysql_connect(): The mysql extension is deprecated and will be removed in the future: use mysqli or PDO instead D:\wamp\www\abc\Homyit\sendMessage\ThinkPHP\Library\Think\Db\Driver\Mysql.class.php 第 52 行.
SQL: SHOW COLUMNS FROM `studio_join` [ RunTime:0.022672s ]
SQL: SELECT `id`,`sno`,`name`,`sex`,`class`,`phone`,`QQ`,`mail`,`status` FROM `studio_join` WHERE `status` = 1  [ RunTime:0.001174s ]
NOTIC: [2] Missing argument 1 for Think\Controller::show(), called in D:\wamp\www\abc\Homyit\sendMessage\Application\Home\Controller\IndexController.class.php on line 13 and defined D:\wamp\www\abc\Homyit\sendMessage\ThinkPHP\Library\Think\Controller.class.php 第 68 行.
NOTIC: [8] Undefined variable: content D:\wamp\www\abc\Homyit\sendMessage\ThinkPHP\Library\Think\Controller.class.php 第 69 行.
INFO: [ view_parse ] --START--
INFO: [ template_filter ] --START--
INFO: Run Behavior\ContentReplaceBehavior [ RunTime:0.000068s ]
INFO: [ template_filter ] --END-- [ RunTime:0.000206s ]
INFO: Run Behavior\ParseTemplateBehavior [ RunTime:0.009277s ]
INFO: [ view_parse ] --END-- [ RunTime:0.009436s ]
INFO: [ view_filter ] --START--
INFO: Run Behavior\WriteHtmlCacheBehavior [ RunTime:0.000822s ]
INFO: [ view_filter ] --END-- [ RunTime:0.000972s ]
INFO: [ app_end ] --START--
INFO: Run Behavior\ShowPageTraceBehavior [ RunTime:0.000890s ]
INFO: [ app_end ] --END-- [ RunTime:0.001029s ]

[ 2017-02-09T14:51:06+08:00 ] ::1 /abc/Homyit/sendMessage/index.php/Home/Index/Index/index
INFO: [ app_init ] --START--
INFO: Run Behavior\BuildLiteBehavior [ RunTime:0.000029s ]
INFO: [ app_init ] --END-- [ RunTime:0.000627s ]
INFO: [ app_begin ] --START--
INFO: Run Behavior\ReadHtmlCacheBehavior [ RunTime:0.000767s ]
INFO: [ app_begin ] --END-- [ RunTime:0.000923s ]
NOTIC: [8192] mysql_connect(): The mysql extension is deprecated and will be removed in the future: use mysqli or PDO instead D:\wamp\www\abc\Homyit\sendMessage\ThinkPHP\Library\Think\Db\Driver\Mysql.class.php 第 52 行.
SQL: SHOW COLUMNS FROM `studio_join` [ RunTime:0.010021s ]
SQL: SELECT `id`,`sno`,`name`,`sex`,`class`,`phone`,`QQ`,`mail`,`status` FROM `studio_join` WHERE `status` = 1  [ RunTime:0.001184s ]
NOTIC: [2] Missing argument 1 for Think\Controller::show(), called in D:\wamp\www\abc\Homyit\sendMessage\Application\Home\Controller\IndexController.class.php on line 13 and defined D:\wamp\www\abc\Homyit\sendMessage\ThinkPHP\Library\Think\Controller.class.php 第 68 行.
NOTIC: [8] Undefined variable: content D:\wamp\www\abc\Homyit\sendMessage\ThinkPHP\Library\Think\Controller.class.php 第 69 行.
INFO: [ view_parse ] --START--
INFO: [ template_filter ] --START--
INFO: Run Behavior\ContentReplaceBehavior [ RunTime:0.000061s ]
INFO: [ template_filter ] --END-- [ RunTime:0.000164s ]
INFO: Run Behavior\ParseTemplateBehavior [ RunTime:0.008732s ]
INFO: [ view_parse ] --END-- [ RunTime:0.008945s ]
INFO: [ view_filter ] --START--
INFO: Run Behavior\WriteHtmlCacheBehavior [ RunTime:0.001156s ]
INFO: [ view_filter ] --END-- [ RunTime:0.001325s ]
INFO: [ app_end ] --START--
INFO: Run Behavior\ShowPageTraceBehavior [ RunTime:0.001256s ]
INFO: [ app_end ] --END-- [ RunTime:0.001396s ]

[ 2017-02-09T14:54:41+08:00 ] ::1 /abc/Homyit/sendMessage/index.php/Home/Index/Index/index
INFO: [ app_init ] --START--
INFO: Run Behavior\BuildLiteBehavior [ RunTime:0.000030s ]
INFO: [ app_init ] --END-- [ RunTime:0.000625s ]
INFO: [ app_begin ] --START--
INFO: Run Behavior\ReadHtmlCacheBehavior [ RunTime:0.000870s ]
INFO: [ app_begin ] --END-- [ RunTime:0.001031s ]
NOTIC: [8192] mysql_connect(): The mysql extension is deprecated and will be removed in the future: use mysqli or PDO instead D:\wamp\www\abc\Homyit\sendMessage\ThinkPHP\Library\Think\Db\Driver\Mysql.class.php 第 52 行.
SQL: SHOW COLUMNS FROM `studio_join` [ RunTime:0.070544s ]
SQL: SELECT `id`,`sno`,`name`,`sex`,`class`,`phone`,`QQ`,`mail`,`status` FROM `studio_join` WHERE `status` = 1  [ RunTime:0.001205s ]
NOTIC: [2] Missing argument 1 for Think\Controller::show(), called in D:\wamp\www\abc\Homyit\sendMessage\Application\Home\Controller\IndexController.class.php on line 13 and defined D:\wamp\www\abc\Homyit\sendMessage\ThinkPHP\Library\Think\Controller.class.php 第 68 行.
NOTIC: [8] Undefined variable: content D:\wamp\www\abc\Homyit\sendMessage\ThinkPHP\Library\Think\Controller.class.php 第 69 行.
INFO: [ view_parse ] --START--
INFO: [ template_filter ] --START--
INFO: Run Behavior\ContentReplaceBehavior [ RunTime:0.000083s ]
INFO: [ template_filter ] --END-- [ RunTime:0.000238s ]
INFO: Run Behavior\ParseTemplateBehavior [ RunTime:0.011757s ]
INFO: [ view_parse ] --END-- [ RunTime:0.011897s ]
INFO: [ view_filter ] --START--
INFO: Run Behavior\WriteHtmlCacheBehavior [ RunTime:0.000746s ]
INFO: [ view_filter ] --END-- [ RunTime:0.000873s ]
INFO: [ app_end ] --START--
INFO: Run Behavior\ShowPageTraceBehavior [ RunTime:0.001163s ]
INFO: [ app_end ] --END-- [ RunTime:0.001301s ]

[ 2017-02-09T15:05:38+08:00 ] ::1 /abc/Homyit/sendMessage/index.php/Home/Index/Index/index
INFO: [ app_init ] --START--
INFO: Run Behavior\BuildLiteBehavior [ RunTime:0.000024s ]
INFO: [ app_init ] --END-- [ RunTime:0.000571s ]
INFO: [ app_begin ] --START--
INFO: Run Behavior\ReadHtmlCacheBehavior [ RunTime:0.000626s ]
INFO: [ app_begin ] --END-- [ RunTime:0.000741s ]
NOTIC: [8192] mysql_connect(): The mysql extension is deprecated and will be removed in the future: use mysqli or PDO instead D:\wamp\www\abc\Homyit\sendMessage\ThinkPHP\Library\Think\Db\Driver\Mysql.class.php 第 52 行.
SQL: SHOW COLUMNS FROM `studio_join` [ RunTime:0.011330s ]
SQL: SELECT `id`,`sno`,`name`,`sex`,`class`,`phone`,`QQ`,`mail`,`status` FROM `studio_join` WHERE `status` = 1  [ RunTime:0.001451s ]
NOTIC: [2] Missing argument 1 for Think\Controller::show(), called in D:\wamp\www\abc\Homyit\sendMessage\Application\Home\Controller\IndexController.class.php on line 13 and defined D:\wamp\www\abc\Homyit\sendMessage\ThinkPHP\Library\Think\Controller.class.php 第 68 行.
NOTIC: [8] Undefined variable: content D:\wamp\www\abc\Homyit\sendMessage\ThinkPHP\Library\Think\Controller.class.php 第 69 行.
INFO: [ view_parse ] --START--
INFO: [ template_filter ] --START--
INFO: Run Behavior\ContentReplaceBehavior [ RunTime:0.000064s ]
INFO: [ template_filter ] --END-- [ RunTime:0.000172s ]
INFO: Run Behavior\ParseTemplateBehavior [ RunTime:0.009010s ]
INFO: [ view_parse ] --END-- [ RunTime:0.009379s ]
INFO: [ view_filter ] --START--
INFO: Run Behavior\WriteHtmlCacheBehavior [ RunTime:0.000871s ]
INFO: [ view_filter ] --END-- [ RunTime:0.001055s ]
INFO: [ app_end ] --START--
INFO: Run Behavior\ShowPageTraceBehavior [ RunTime:0.001219s ]
INFO: [ app_end ] --END-- [ RunTime:0.001443s ]

[ 2017-02-09T15:05:49+08:00 ] ::1 /abc/Homyit/sendMessage/index.php/Home/Index/Index/index
INFO: [ app_init ] --START--
INFO: Run Behavior\BuildLiteBehavior [ RunTime:0.000030s ]
INFO: [ app_init ] --END-- [ RunTime:0.000720s ]
INFO: [ app_begin ] --START--
INFO: Run Behavior\ReadHtmlCacheBehavior [ RunTime:0.000617s ]
INFO: [ app_begin ] --END-- [ RunTime:0.000756s ]
NOTIC: [8192] mysql_connect(): The mysql extension is deprecated and will be removed in the future: use mysqli or PDO instead D:\wamp\www\abc\Homyit\sendMessage\ThinkPHP\Library\Think\Db\Driver\Mysql.class.php 第 52 行.
SQL: SHOW COLUMNS FROM `studio_join` [ RunTime:0.006718s ]
SQL: SELECT `id`,`sno`,`name`,`sex`,`class`,`phone`,`QQ`,`mail`,`status` FROM `studio_join` WHERE `status` = 1  [ RunTime:0.001217s ]
NOTIC: [2] Missing argument 1 for Think\Controller::show(), called in D:\wamp\www\abc\Homyit\sendMessage\Application\Home\Controller\IndexController.class.php on line 13 and defined D:\wamp\www\abc\Homyit\sendMessage\ThinkPHP\Library\Think\Controller.class.php 第 68 行.
NOTIC: [8] Undefined variable: content D:\wamp\www\abc\Homyit\sendMessage\ThinkPHP\Library\Think\Controller.class.php 第 69 行.
INFO: [ view_parse ] --START--
INFO: [ template_filter ] --START--
INFO: Run Behavior\ContentReplaceBehavior [ RunTime:0.000129s ]
INFO: [ template_filter ] --END-- [ RunTime:0.000348s ]
INFO: Run Behavior\ParseTemplateBehavior [ RunTime:0.011414s ]
INFO: [ view_parse ] --END-- [ RunTime:0.011580s ]
INFO: [ view_filter ] --START--
INFO: Run Behavior\WriteHtmlCacheBehavior [ RunTime:0.000551s ]
INFO: [ view_filter ] --END-- [ RunTime:0.000698s ]
INFO: [ app_end ] --START--
INFO: Run Behavior\ShowPageTraceBehavior [ RunTime:0.000929s ]
INFO: [ app_end ] --END-- [ RunTime:0.001084s ]

[ 2017-02-09T15:06:20+08:00 ] ::1 /abc/Homyit/sendMessage/index.php/Home/Index/Index/index
INFO: [ app_init ] --START--
INFO: Run Behavior\BuildLiteBehavior [ RunTime:0.000025s ]
INFO: [ app_init ] --END-- [ RunTime:0.000460s ]
INFO: [ app_begin ] --START--
INFO: Run Behavior\ReadHtmlCacheBehavior [ RunTime:0.000487s ]
INFO: [ app_begin ] --END-- [ RunTime:0.000608s ]
NOTIC: [8192] mysql_connect(): The mysql extension is deprecated and will be removed in the future: use mysqli or PDO instead D:\wamp\www\abc\Homyit\sendMessage\ThinkPHP\Library\Think\Db\Driver\Mysql.class.php 第 52 行.
SQL: SHOW COLUMNS FROM `studio_join` [ RunTime:0.100977s ]
SQL: SELECT `id`,`sno`,`name`,`sex`,`class`,`phone`,`QQ`,`mail`,`status` FROM `studio_join` WHERE `status` = 1  [ RunTime:0.001034s ]
NOTIC: [2] Missing argument 1 for Think\Controller::show(), called in D:\wamp\www\abc\Homyit\sendMessage\Application\Home\Controller\IndexController.class.php on line 13 and defined D:\wamp\www\abc\Homyit\sendMessage\ThinkPHP\Library\Think\Controller.class.php 第 68 行.
NOTIC: [8] Undefined variable: content D:\wamp\www\abc\Homyit\sendMessage\ThinkPHP\Library\Think\Controller.class.php 第 69 行.
INFO: [ view_parse ] --START--
INFO: [ template_filter ] --START--
INFO: Run Behavior\ContentReplaceBehavior [ RunTime:0.000061s ]
INFO: [ template_filter ] --END-- [ RunTime:0.000192s ]
INFO: Run Behavior\ParseTemplateBehavior [ RunTime:0.010701s ]
INFO: [ view_parse ] --END-- [ RunTime:0.010814s ]
INFO: [ view_filter ] --START--
INFO: Run Behavior\WriteHtmlCacheBehavior [ RunTime:0.000532s ]
INFO: [ view_filter ] --END-- [ RunTime:0.000626s ]
INFO: [ app_end ] --START--
INFO: Run Behavior\ShowPageTraceBehavior [ RunTime:0.000669s ]
INFO: [ app_end ] --END-- [ RunTime:0.000821s ]

[ 2017-02-09T15:06:38+08:00 ] ::1 /abc/Homyit/sendMessage/index.php/Home/Index/Index/index
INFO: [ app_init ] --START--
INFO: Run Behavior\BuildLiteBehavior [ RunTime:0.000027s ]
INFO: [ app_init ] --END-- [ RunTime:0.000599s ]
INFO: [ app_begin ] --START--
INFO: Run Behavior\ReadHtmlCacheBehavior [ RunTime:0.000549s ]
INFO: [ app_begin ] --END-- [ RunTime:0.000683s ]
NOTIC: [8192] mysql_connect(): The mysql extension is deprecated and will be removed in the future: use mysqli or PDO instead D:\wamp\www\abc\Homyit\sendMessage\ThinkPHP\Library\Think\Db\Driver\Mysql.class.php 第 52 行.
SQL: SHOW COLUMNS FROM `studio_join` [ RunTime:0.005480s ]
SQL: SELECT `id`,`sno`,`name`,`sex`,`class`,`phone`,`QQ`,`mail`,`status` FROM `studio_join` WHERE `status` = 1  [ RunTime:0.001110s ]
NOTIC: [2] Missing argument 1 for Think\Controller::show(), called in D:\wamp\www\abc\Homyit\sendMessage\Application\Home\Controller\IndexController.class.php on line 13 and defined D:\wamp\www\abc\Homyit\sendMessage\ThinkPHP\Library\Think\Controller.class.php 第 68 行.
NOTIC: [8] Undefined variable: content D:\wamp\www\abc\Homyit\sendMessage\ThinkPHP\Library\Think\Controller.class.php 第 69 行.
INFO: [ view_parse ] --START--
INFO: [ template_filter ] --START--
INFO: Run Behavior\ContentReplaceBehavior [ RunTime:0.000100s ]
INFO: [ template_filter ] --END-- [ RunTime:0.000291s ]
INFO: Run Behavior\ParseTemplateBehavior [ RunTime:0.009571s ]
INFO: [ view_parse ] --END-- [ RunTime:0.009697s ]
INFO: [ view_filter ] --START--
INFO: Run Behavior\WriteHtmlCacheBehavior [ RunTime:0.000555s ]
INFO: [ view_filter ] --END-- [ RunTime:0.000657s ]
INFO: [ app_end ] --START--
INFO: Run Behavior\ShowPageTraceBehavior [ RunTime:0.000700s ]
INFO: [ app_end ] --END-- [ RunTime:0.000845s ]

[ 2017-02-09T15:07:42+08:00 ] ::1 /abc/Homyit/sendMessage/index.php/Home/Index/Index/index
INFO: [ app_init ] --START--
INFO: Run Behavior\BuildLiteBehavior [ RunTime:0.000026s ]
INFO: [ app_init ] --END-- [ RunTime:0.000665s ]
INFO: [ app_begin ] --START--
INFO: Run Behavior\ReadHtmlCacheBehavior [ RunTime:0.000594s ]
INFO: [ app_begin ] --END-- [ RunTime:0.000717s ]
NOTIC: [8192] mysql_connect(): The mysql extension is deprecated and will be removed in the future: use mysqli or PDO instead D:\wamp\www\abc\Homyit\sendMessage\ThinkPHP\Library\Think\Db\Driver\Mysql.class.php 第 52 行.
SQL: SHOW COLUMNS FROM `studio_join` [ RunTime:0.008452s ]
SQL: SELECT `id`,`sno`,`name`,`sex`,`class`,`phone`,`QQ`,`mail`,`status` FROM `studio_join` WHERE `status` = 1  [ RunTime:0.001607s ]
NOTIC: [2] Missing argument 1 for Think\Controller::show(), called in D:\wamp\www\abc\Homyit\sendMessage\Application\Home\Controller\IndexController.class.php on line 13 and defined D:\wamp\www\abc\Homyit\sendMessage\ThinkPHP\Library\Think\Controller.class.php 第 68 行.
NOTIC: [8] Undefined variable: content D:\wamp\www\abc\Homyit\sendMessage\ThinkPHP\Library\Think\Controller.class.php 第 69 行.
INFO: [ view_parse ] --START--
INFO: [ template_filter ] --START--
INFO: Run Behavior\ContentReplaceBehavior [ RunTime:0.000067s ]
INFO: [ template_filter ] --END-- [ RunTime:0.000179s ]
INFO: Run Behavior\ParseTemplateBehavior [ RunTime:0.009247s ]
INFO: [ view_parse ] --END-- [ RunTime:0.009361s ]
INFO: [ view_filter ] --START--
INFO: Run Behavior\WriteHtmlCacheBehavior [ RunTime:0.000466s ]
INFO: [ view_filter ] --END-- [ RunTime:0.000570s ]
INFO: [ app_end ] --START--
INFO: Run Behavior\ShowPageTraceBehavior [ RunTime:0.000711s ]
INFO: [ app_end ] --END-- [ RunTime:0.000853s ]

[ 2017-02-09T15:09:36+08:00 ] ::1 /abc/Homyit/sendMessage/index.php/Home/Index/Index/index
INFO: [ app_init ] --START--
INFO: Run Behavior\BuildLiteBehavior [ RunTime:0.000025s ]
INFO: [ app_init ] --END-- [ RunTime:0.000454s ]
INFO: [ app_begin ] --START--
INFO: Run Behavior\ReadHtmlCacheBehavior [ RunTime:0.000459s ]
INFO: [ app_begin ] --END-- [ RunTime:0.000581s ]
NOTIC: [8192] mysql_connect(): The mysql extension is deprecated and will be removed in the future: use mysqli or PDO instead D:\wamp\www\abc\Homyit\sendMessage\ThinkPHP\Library\Think\Db\Driver\Mysql.class.php 第 52 行.
SQL: SHOW COLUMNS FROM `studio_join` [ RunTime:0.007163s ]
SQL: SELECT `id`,`sno`,`name`,`sex`,`class`,`phone`,`QQ`,`mail`,`status` FROM `studio_join` WHERE `status` = 1  [ RunTime:0.000994s ]
NOTIC: [2] Missing argument 1 for Think\Controller::show(), called in D:\wamp\www\abc\Homyit\sendMessage\Application\Home\Controller\IndexController.class.php on line 13 and defined D:\wamp\www\abc\Homyit\sendMessage\ThinkPHP\Library\Think\Controller.class.php 第 68 行.
NOTIC: [8] Undefined variable: content D:\wamp\www\abc\Homyit\sendMessage\ThinkPHP\Library\Think\Controller.class.php 第 69 行.
INFO: [ view_parse ] --START--
INFO: [ template_filter ] --START--
INFO: Run Behavior\ContentReplaceBehavior [ RunTime:0.000064s ]
INFO: [ template_filter ] --END-- [ RunTime:0.000171s ]
INFO: Run Behavior\ParseTemplateBehavior [ RunTime:0.008534s ]
INFO: [ view_parse ] --END-- [ RunTime:0.008690s ]
INFO: [ view_filter ] --START--
INFO: Run Behavior\WriteHtmlCacheBehavior [ RunTime:0.001257s ]
INFO: [ view_filter ] --END-- [ RunTime:0.001456s ]
INFO: [ app_end ] --START--
INFO: Run Behavior\ShowPageTraceBehavior [ RunTime:0.001138s ]
INFO: [ app_end ] --END-- [ RunTime:0.001424s ]

[ 2017-02-09T15:10:10+08:00 ] ::1 /abc/Homyit/sendMessage/index.php/Home/Index/Index/index
INFO: [ app_init ] --START--
INFO: Run Behavior\BuildLiteBehavior [ RunTime:0.000047s ]
INFO: [ app_init ] --END-- [ RunTime:0.000893s ]
INFO: [ app_begin ] --START--
INFO: Run Behavior\ReadHtmlCacheBehavior [ RunTime:0.000925s ]
INFO: [ app_begin ] --END-- [ RunTime:0.001139s ]
NOTIC: [8192] mysql_connect(): The mysql extension is deprecated and will be removed in the future: use mysqli or PDO instead D:\wamp\www\abc\Homyit\sendMessage\ThinkPHP\Library\Think\Db\Driver\Mysql.class.php 第 52 行.
SQL: SHOW COLUMNS FROM `studio_join` [ RunTime:0.008457s ]
SQL: SELECT `id`,`sno`,`name`,`sex`,`class`,`phone`,`QQ`,`mail`,`status` FROM `studio_join` WHERE `status` = 1  [ RunTime:0.001279s ]
NOTIC: [2] Missing argument 1 for Think\Controller::show(), called in D:\wamp\www\abc\Homyit\sendMessage\Application\Home\Controller\IndexController.class.php on line 13 and defined D:\wamp\www\abc\Homyit\sendMessage\ThinkPHP\Library\Think\Controller.class.php 第 68 行.
NOTIC: [8] Undefined variable: content D:\wamp\www\abc\Homyit\sendMessage\ThinkPHP\Library\Think\Controller.class.php 第 69 行.
INFO: [ view_parse ] --START--
INFO: [ template_filter ] --START--
INFO: Run Behavior\ContentReplaceBehavior [ RunTime:0.000065s ]
INFO: [ template_filter ] --END-- [ RunTime:0.000185s ]
INFO: Run Behavior\ParseTemplateBehavior [ RunTime:0.011265s ]
INFO: [ view_parse ] --END-- [ RunTime:0.011420s ]
INFO: [ view_filter ] --START--
INFO: Run Behavior\WriteHtmlCacheBehavior [ RunTime:0.000444s ]
INFO: [ view_filter ] --END-- [ RunTime:0.000540s ]
INFO: [ app_end ] --START--
INFO: Run Behavior\ShowPageTraceBehavior [ RunTime:0.000875s ]
INFO: [ app_end ] --END-- [ RunTime:0.001022s ]

[ 2017-02-09T15:10:38+08:00 ] ::1 /abc/Homyit/sendMessage/index.php/Home/Index/Index/index
INFO: [ app_init ] --START--
INFO: Run Behavior\BuildLiteBehavior [ RunTime:0.000026s ]
INFO: [ app_init ] --END-- [ RunTime:0.000517s ]
INFO: [ app_begin ] --START--
INFO: Run Behavior\ReadHtmlCacheBehavior [ RunTime:0.000798s ]
INFO: [ app_begin ] --END-- [ RunTime:0.001020s ]
NOTIC: [8192] mysql_connect(): The mysql extension is deprecated and will be removed in the future: use mysqli or PDO instead D:\wamp\www\abc\Homyit\sendMessage\ThinkPHP\Library\Think\Db\Driver\Mysql.class.php 第 52 行.
SQL: SHOW COLUMNS FROM `studio_join` [ RunTime:0.009778s ]
SQL: SELECT `id`,`sno`,`name`,`sex`,`class`,`phone`,`QQ`,`mail`,`status` FROM `studio_join` WHERE `status` = 1  [ RunTime:0.000973s ]
NOTIC: [2] Missing argument 1 for Think\Controller::show(), called in D:\wamp\www\abc\Homyit\sendMessage\Application\Home\Controller\IndexController.class.php on line 13 and defined D:\wamp\www\abc\Homyit\sendMessage\ThinkPHP\Library\Think\Controller.class.php 第 68 行.
NOTIC: [8] Undefined variable: content D:\wamp\www\abc\Homyit\sendMessage\ThinkPHP\Library\Think\Controller.class.php 第 69 行.
INFO: [ view_parse ] --START--
INFO: [ template_filter ] --START--
INFO: Run Behavior\ContentReplaceBehavior [ RunTime:0.000111s ]
INFO: [ template_filter ] --END-- [ RunTime:0.000304s ]
INFO: Run Behavior\ParseTemplateBehavior [ RunTime:0.010371s ]
INFO: [ view_parse ] --END-- [ RunTime:0.010490s ]
INFO: [ view_filter ] --START--
INFO: Run Behavior\WriteHtmlCacheBehavior [ RunTime:0.000438s ]
INFO: [ view_filter ] --END-- [ RunTime:0.000540s ]
INFO: [ app_end ] --START--
INFO: Run Behavior\ShowPageTraceBehavior [ RunTime:0.000675s ]
INFO: [ app_end ] --END-- [ RunTime:0.000796s ]

[ 2017-02-09T15:11:01+08:00 ] ::1 /abc/Homyit/sendMessage/index.php/Home/Index/Index/index
INFO: [ app_init ] --START--
INFO: Run Behavior\BuildLiteBehavior [ RunTime:0.000032s ]
INFO: [ app_init ] --END-- [ RunTime:0.000633s ]
INFO: [ app_begin ] --START--
INFO: Run Behavior\ReadHtmlCacheBehavior [ RunTime:0.000645s ]
INFO: [ app_begin ] --END-- [ RunTime:0.000793s ]
NOTIC: [8192] mysql_connect(): The mysql extension is deprecated and will be removed in the future: use mysqli or PDO instead D:\wamp\www\abc\Homyit\sendMessage\ThinkPHP\Library\Think\Db\Driver\Mysql.class.php 第 52 行.
SQL: SHOW COLUMNS FROM `studio_join` [ RunTime:0.008864s ]
SQL: SELECT `id`,`sno`,`name`,`sex`,`class`,`phone`,`QQ`,`mail`,`status` FROM `studio_join` WHERE `status` = 1  [ RunTime:0.001037s ]
NOTIC: [2] Missing argument 1 for Think\Controller::show(), called in D:\wamp\www\abc\Homyit\sendMessage\Application\Home\Controller\IndexController.class.php on line 13 and defined D:\wamp\www\abc\Homyit\sendMessage\ThinkPHP\Library\Think\Controller.class.php 第 68 行.
NOTIC: [8] Undefined variable: content D:\wamp\www\abc\Homyit\sendMessage\ThinkPHP\Library\Think\Controller.class.php 第 69 行.
INFO: [ view_parse ] --START--
INFO: [ template_filter ] --START--
INFO: Run Behavior\ContentReplaceBehavior [ RunTime:0.000062s ]
INFO: [ template_filter ] --END-- [ RunTime:0.000164s ]
INFO: Run Behavior\ParseTemplateBehavior [ RunTime:0.009116s ]
INFO: [ view_parse ] --END-- [ RunTime:0.009233s ]
INFO: [ view_filter ] --START--
INFO: Run Behavior\WriteHtmlCacheBehavior [ RunTime:0.000633s ]
INFO: [ view_filter ] --END-- [ RunTime:0.000808s ]
INFO: [ app_end ] --START--
INFO: Run Behavior\ShowPageTraceBehavior [ RunTime:0.000811s ]
INFO: [ app_end ] --END-- [ RunTime:0.000939s ]

[ 2017-02-09T15:12:52+08:00 ] ::1 /abc/Homyit/sendMessage/index.php/Home/Index/Index/index
INFO: [ app_init ] --START--
INFO: Run Behavior\BuildLiteBehavior [ RunTime:0.000029s ]
INFO: [ app_init ] --END-- [ RunTime:0.000580s ]
INFO: [ app_begin ] --START--
INFO: Run Behavior\ReadHtmlCacheBehavior [ RunTime:0.001003s ]
INFO: [ app_begin ] --END-- [ RunTime:0.001167s ]
NOTIC: [8192] mysql_connect(): The mysql extension is deprecated and will be removed in the future: use mysqli or PDO instead D:\wamp\www\abc\Homyit\sendMessage\ThinkPHP\Library\Think\Db\Driver\Mysql.class.php 第 52 行.
SQL: SHOW COLUMNS FROM `studio_join` [ RunTime:0.009726s ]
SQL: SELECT `id`,`sno`,`name`,`sex`,`class`,`phone`,`QQ`,`mail`,`status` FROM `studio_join` WHERE `status` = 1  [ RunTime:0.001258s ]
NOTIC: [2] Missing argument 1 for Think\Controller::show(), called in D:\wamp\www\abc\Homyit\sendMessage\Application\Home\Controller\IndexController.class.php on line 13 and defined D:\wamp\www\abc\Homyit\sendMessage\ThinkPHP\Library\Think\Controller.class.php 第 68 行.
NOTIC: [8] Undefined variable: content D:\wamp\www\abc\Homyit\sendMessage\ThinkPHP\Library\Think\Controller.class.php 第 69 行.
INFO: [ view_parse ] --START--
INFO: [ template_filter ] --START--
INFO: Run Behavior\ContentReplaceBehavior [ RunTime:0.000065s ]
INFO: [ template_filter ] --END-- [ RunTime:0.000177s ]
INFO: Run Behavior\ParseTemplateBehavior [ RunTime:0.009833s ]
INFO: [ view_parse ] --END-- [ RunTime:0.009999s ]
INFO: [ view_filter ] --START--
INFO: Run Behavior\WriteHtmlCacheBehavior [ RunTime:0.000780s ]
INFO: [ view_filter ] --END-- [ RunTime:0.000963s ]
INFO: [ app_end ] --START--
INFO: Run Behavior\ShowPageTraceBehavior [ RunTime:0.000784s ]
INFO: [ app_end ] --END-- [ RunTime:0.000976s ]

[ 2017-02-09T15:20:20+08:00 ] ::1 /abc/Homyit/sendMessage/index.php/Home/Index/Index/index
INFO: [ app_init ] --START--
INFO: Run Behavior\BuildLiteBehavior [ RunTime:0.000036s ]
INFO: [ app_init ] --END-- [ RunTime:0.000971s ]
INFO: [ app_begin ] --START--
INFO: Run Behavior\ReadHtmlCacheBehavior [ RunTime:0.000784s ]
INFO: [ app_begin ] --END-- [ RunTime:0.000940s ]
NOTIC: [8192] mysql_connect(): The mysql extension is deprecated and will be removed in the future: use mysqli or PDO instead D:\wamp\www\abc\Homyit\sendMessage\ThinkPHP\Library\Think\Db\Driver\Mysql.class.php 第 52 行.
SQL: SHOW COLUMNS FROM `studio_join` [ RunTime:0.009438s ]
SQL: SELECT `id`,`sno`,`name`,`sex`,`class`,`phone`,`QQ`,`mail`,`status` FROM `studio_join` WHERE `status` = 1  [ RunTime:0.001139s ]
NOTIC: [2] Missing argument 1 for Think\Controller::show(), called in D:\wamp\www\abc\Homyit\sendMessage\Application\Home\Controller\IndexController.class.php on line 13 and defined D:\wamp\www\abc\Homyit\sendMessage\ThinkPHP\Library\Think\Controller.class.php 第 68 行.
NOTIC: [8] Undefined variable: content D:\wamp\www\abc\Homyit\sendMessage\ThinkPHP\Library\Think\Controller.class.php 第 69 行.
INFO: [ view_parse ] --START--
INFO: [ template_filter ] --START--
INFO: Run Behavior\ContentReplaceBehavior [ RunTime:0.000134s ]
INFO: [ template_filter ] --END-- [ RunTime:0.000351s ]
INFO: Run Behavior\ParseTemplateBehavior [ RunTime:0.009873s ]
INFO: [ view_parse ] --END-- [ RunTime:0.009990s ]
INFO: [ view_filter ] --START--
INFO: Run Behavior\WriteHtmlCacheBehavior [ RunTime:0.000591s ]
INFO: [ view_filter ] --END-- [ RunTime:0.000686s ]
INFO: [ app_end ] --START--
INFO: Run Behavior\ShowPageTraceBehavior [ RunTime:0.000695s ]
INFO: [ app_end ] --END-- [ RunTime:0.000852s ]

[ 2017-02-09T15:23:20+08:00 ] ::1 /abc/Homyit/sendMessage/index.php/Home/Index/Index/index
INFO: [ app_init ] --START--
INFO: Run Behavior\BuildLiteBehavior [ RunTime:0.000025s ]
INFO: [ app_init ] --END-- [ RunTime:0.000588s ]
INFO: [ app_begin ] --START--
INFO: Run Behavior\ReadHtmlCacheBehavior [ RunTime:0.000569s ]
INFO: [ app_begin ] --END-- [ RunTime:0.000696s ]
NOTIC: [8192] mysql_connect(): The mysql extension is deprecated and will be removed in the future: use mysqli or PDO instead D:\wamp\www\abc\Homyit\sendMessage\ThinkPHP\Library\Think\Db\Driver\Mysql.class.php 第 52 行.
SQL: SHOW COLUMNS FROM `studio_join` [ RunTime:0.005727s ]
SQL: SELECT `id`,`sno`,`name`,`sex`,`class`,`phone`,`QQ`,`mail`,`status` FROM `studio_join` WHERE `status` = 1  [ RunTime:0.000968s ]
NOTIC: [2] Missing argument 1 for Think\Controller::show(), called in D:\wamp\www\abc\Homyit\sendMessage\Application\Home\Controller\IndexController.class.php on line 13 and defined D:\wamp\www\abc\Homyit\sendMessage\ThinkPHP\Library\Think\Controller.class.php 第 68 行.
NOTIC: [8] Undefined variable: content D:\wamp\www\abc\Homyit\sendMessage\ThinkPHP\Library\Think\Controller.class.php 第 69 行.
INFO: [ view_parse ] --START--
INFO: [ template_filter ] --START--
INFO: Run Behavior\ContentReplaceBehavior [ RunTime:0.000109s ]
INFO: [ template_filter ] --END-- [ RunTime:0.000267s ]
INFO: Run Behavior\ParseTemplateBehavior [ RunTime:0.009555s ]
INFO: [ view_parse ] --END-- [ RunTime:0.009700s ]
INFO: [ view_filter ] --START--
INFO: Run Behavior\WriteHtmlCacheBehavior [ RunTime:0.000490s ]
INFO: [ view_filter ] --END-- [ RunTime:0.000592s ]
INFO: [ app_end ] --START--
INFO: Run Behavior\ShowPageTraceBehavior [ RunTime:0.000687s ]
INFO: [ app_end ] --END-- [ RunTime:0.000838s ]

[ 2017-02-09T15:24:00+08:00 ] ::1 /abc/Homyit/sendMessage/index.php/Home/Index/Index/index
INFO: [ app_init ] --START--
INFO: Run Behavior\BuildLiteBehavior [ RunTime:0.000042s ]
INFO: [ app_init ] --END-- [ RunTime:0.001303s ]
INFO: [ app_begin ] --START--
INFO: Run Behavior\ReadHtmlCacheBehavior [ RunTime:0.000931s ]
INFO: [ app_begin ] --END-- [ RunTime:0.001137s ]
NOTIC: [8192] mysql_connect(): The mysql extension is deprecated and will be removed in the future: use mysqli or PDO instead D:\wamp\www\abc\Homyit\sendMessage\ThinkPHP\Library\Think\Db\Driver\Mysql.class.php 第 52 行.
SQL: SHOW COLUMNS FROM `studio_join` [ RunTime:0.008912s ]
SQL: SELECT `id`,`sno`,`name`,`sex`,`class`,`phone`,`QQ`,`mail`,`status` FROM `studio_join` WHERE `status` = 1  [ RunTime:0.000967s ]
NOTIC: [2] Missing argument 1 for Think\Controller::show(), called in D:\wamp\www\abc\Homyit\sendMessage\Application\Home\Controller\IndexController.class.php on line 13 and defined D:\wamp\www\abc\Homyit\sendMessage\ThinkPHP\Library\Think\Controller.class.php 第 68 行.
NOTIC: [8] Undefined variable: content D:\wamp\www\abc\Homyit\sendMessage\ThinkPHP\Library\Think\Controller.class.php 第 69 行.
INFO: [ view_parse ] --START--
INFO: [ template_filter ] --START--
INFO: Run Behavior\ContentReplaceBehavior [ RunTime:0.000062s ]
INFO: [ template_filter ] --END-- [ RunTime:0.000165s ]
INFO: Run Behavior\ParseTemplateBehavior [ RunTime:0.008752s ]
INFO: [ view_parse ] --END-- [ RunTime:0.008899s ]
INFO: [ view_filter ] --START--
INFO: Run Behavior\WriteHtmlCacheBehavior [ RunTime:0.000424s ]
INFO: [ view_filter ] --END-- [ RunTime:0.000516s ]
INFO: [ app_end ] --START--
INFO: Run Behavior\ShowPageTraceBehavior [ RunTime:0.000628s ]
INFO: [ app_end ] --END-- [ RunTime:0.000775s ]

[ 2017-02-09T15:25:00+08:00 ] ::1 /abc/Homyit/sendMessage/index.php/Home/Index/Index/index
INFO: [ app_init ] --START--
INFO: Run Behavior\BuildLiteBehavior [ RunTime:0.000034s ]
INFO: [ app_init ] --END-- [ RunTime:0.000669s ]
INFO: [ app_begin ] --START--
INFO: Run Behavior\ReadHtmlCacheBehavior [ RunTime:0.001468s ]
INFO: [ app_begin ] --END-- [ RunTime:0.001711s ]
NOTIC: [8192] mysql_connect(): The mysql extension is deprecated and will be removed in the future: use mysqli or PDO instead D:\wamp\www\abc\Homyit\sendMessage\ThinkPHP\Library\Think\Db\Driver\Mysql.class.php 第 52 行.
SQL: SHOW COLUMNS FROM `studio_join` [ RunTime:0.062832s ]
SQL: SELECT `id`,`sno`,`name`,`sex`,`class`,`phone`,`QQ`,`mail`,`status` FROM `studio_join` WHERE `status` = 1  [ RunTime:0.003255s ]
NOTIC: [2] Missing argument 1 for Think\Controller::show(), called in D:\wamp\www\abc\Homyit\sendMessage\Application\Home\Controller\IndexController.class.php on line 13 and defined D:\wamp\www\abc\Homyit\sendMessage\ThinkPHP\Library\Think\Controller.class.php 第 68 行.
NOTIC: [8] Undefined variable: content D:\wamp\www\abc\Homyit\sendMessage\ThinkPHP\Library\Think\Controller.class.php 第 69 行.
INFO: [ view_parse ] --START--
INFO: [ template_filter ] --START--
INFO: Run Behavior\ContentReplaceBehavior [ RunTime:0.000202s ]
INFO: [ template_filter ] --END-- [ RunTime:0.000552s ]
INFO: Run Behavior\ParseTemplateBehavior [ RunTime:0.028536s ]
INFO: [ view_parse ] --END-- [ RunTime:0.029107s ]
INFO: [ view_filter ] --START--
INFO: Run Behavior\WriteHtmlCacheBehavior [ RunTime:0.001512s ]
INFO: [ view_filter ] --END-- [ RunTime:0.001842s ]
INFO: [ app_end ] --START--
INFO: Run Behavior\ShowPageTraceBehavior [ RunTime:0.003393s ]
INFO: [ app_end ] --END-- [ RunTime:0.003841s ]

[ 2017-02-09T15:26:00+08:00 ] ::1 /abc/Homyit/sendMessage/index.php/Home/Index/Index/index
INFO: [ app_init ] --START--
INFO: Run Behavior\BuildLiteBehavior [ RunTime:0.000027s ]
INFO: [ app_init ] --END-- [ RunTime:0.000608s ]
INFO: [ app_begin ] --START--
INFO: Run Behavior\ReadHtmlCacheBehavior [ RunTime:0.000629s ]
INFO: [ app_begin ] --END-- [ RunTime:0.000748s ]
NOTIC: [8192] mysql_connect(): The mysql extension is deprecated and will be removed in the future: use mysqli or PDO instead D:\wamp\www\abc\Homyit\sendMessage\ThinkPHP\Library\Think\Db\Driver\Mysql.class.php 第 52 行.
SQL: SHOW COLUMNS FROM `studio_join` [ RunTime:0.102550s ]
SQL: SELECT `id`,`sno`,`name`,`sex`,`class`,`phone`,`QQ`,`mail`,`status` FROM `studio_join` WHERE `status` = 1  [ RunTime:0.001031s ]
NOTIC: [2] Missing argument 1 for Think\Controller::show(), called in D:\wamp\www\abc\Homyit\sendMessage\Application\Home\Controller\IndexController.class.php on line 13 and defined D:\wamp\www\abc\Homyit\sendMessage\ThinkPHP\Library\Think\Controller.class.php 第 68 行.
NOTIC: [8] Undefined variable: content D:\wamp\www\abc\Homyit\sendMessage\ThinkPHP\Library\Think\Controller.class.php 第 69 行.
INFO: [ view_parse ] --START--
INFO: [ template_filter ] --START--
INFO: Run Behavior\ContentReplaceBehavior [ RunTime:0.000061s ]
INFO: [ template_filter ] --END-- [ RunTime:0.000165s ]
INFO: Run Behavior\ParseTemplateBehavior [ RunTime:0.008479s ]
INFO: [ view_parse ] --END-- [ RunTime:0.008586s ]
INFO: [ view_filter ] --START--
INFO: Run Behavior\WriteHtmlCacheBehavior [ RunTime:0.000480s ]
INFO: [ view_filter ] --END-- [ RunTime:0.000612s ]
INFO: [ app_end ] --START--
INFO: Run Behavior\ShowPageTraceBehavior [ RunTime:0.000816s ]
INFO: [ app_end ] --END-- [ RunTime:0.000969s ]

[ 2017-02-09T15:26:29+08:00 ] ::1 /abc/Homyit/sendMessage/index.php/Home/Index/Index/index
INFO: [ app_init ] --START--
INFO: Run Behavior\BuildLiteBehavior [ RunTime:0.000032s ]
INFO: [ app_init ] --END-- [ RunTime:0.000674s ]
INFO: [ app_begin ] --START--
INFO: Run Behavior\ReadHtmlCacheBehavior [ RunTime:0.000685s ]
INFO: [ app_begin ] --END-- [ RunTime:0.000841s ]
NOTIC: [8192] mysql_connect(): The mysql extension is deprecated and will be removed in the future: use mysqli or PDO instead D:\wamp\www\abc\Homyit\sendMessage\ThinkPHP\Library\Think\Db\Driver\Mysql.class.php 第 52 行.
SQL: SHOW COLUMNS FROM `studio_join` [ RunTime:0.023010s ]
SQL: SELECT `id`,`sno`,`name`,`sex`,`class`,`phone`,`QQ`,`mail`,`status` FROM `studio_join` WHERE `status` = 1  [ RunTime:0.001211s ]
NOTIC: [2] Missing argument 1 for Think\Controller::show(), called in D:\wamp\www\abc\Homyit\sendMessage\Application\Home\Controller\IndexController.class.php on line 13 and defined D:\wamp\www\abc\Homyit\sendMessage\ThinkPHP\Library\Think\Controller.class.php 第 68 行.
NOTIC: [8] Undefined variable: content D:\wamp\www\abc\Homyit\sendMessage\ThinkPHP\Library\Think\Controller.class.php 第 69 行.
INFO: [ view_parse ] --START--
INFO: [ template_filter ] --START--
INFO: Run Behavior\ContentReplaceBehavior [ RunTime:0.000084s ]
INFO: [ template_filter ] --END-- [ RunTime:0.000222s ]
INFO: Run Behavior\ParseTemplateBehavior [ RunTime:0.011155s ]
INFO: [ view_parse ] --END-- [ RunTime:0.011304s ]
INFO: [ view_filter ] --START--
INFO: Run Behavior\WriteHtmlCacheBehavior [ RunTime:0.000600s ]
INFO: [ view_filter ] --END-- [ RunTime:0.000727s ]
INFO: [ app_end ] --START--
INFO: Run Behavior\ShowPageTraceBehavior [ RunTime:0.000842s ]
INFO: [ app_end ] --END-- [ RunTime:0.001013s ]

