[ 2016-06-27T15:35:20+08:00 ] ::1 /abc/hongyi/Fun/
INFO: [ app_init ] --START--
INFO: Run Behavior\BuildLiteBehavior [ RunTime:0.000025s ]
INFO: [ app_init ] --END-- [ RunTime:0.008112s ]
INFO: [ app_begin ] --START--
INFO: Run Behavior\ReadHtmlCacheBehavior [ RunTime:0.005552s ]
INFO: [ app_begin ] --END-- [ RunTime:0.005704s ]
NOTIC: [8192] mysql_connect(): The mysql extension is deprecated and will be removed in the future: use mysqli or PDO instead D:\wamp\www\abc\hongyi\Fun\ThinkPHP\Library\Think\Db\Driver\Mysql.class.php 第 52 行.
SQL: SHOW COLUMNS FROM `game_category` [ RunTime:0.053496s ]
SQL: SELECT * FROM `game_category` WHERE `status` = 1  [ RunTime:0.000271s ]
SQL: SHOW COLUMNS FROM `game_talk` [ RunTime:0.035254s ]
SQL: SELECT `name`,`content`,`upload_time` FROM `game_talk` INNER JOIN game_user ON game_talk.pid = game_user.user_id  WHERE `data_status` = 1 ORDER BY upload_time DESC LIMIT 4   [ RunTime:0.048530s ]
NOTIC: [8] Undefined index: id D:\wamp\www\abc\hongyi\Fun\Application\Home\Controller\BaseController.class.php 第 11 行.
INFO: [ view_parse ] --START--
INFO: [ template_filter ] --START--
INFO: Run Behavior\ContentReplaceBehavior [ RunTime:0.000070s ]
INFO: [ template_filter ] --END-- [ RunTime:0.000190s ]
INFO: Run Behavior\ParseTemplateBehavior [ RunTime:0.080761s ]
INFO: [ view_parse ] --END-- [ RunTime:0.080927s ]
INFO: [ view_filter ] --START--
INFO: Run Behavior\WriteHtmlCacheBehavior [ RunTime:0.001586s ]
INFO: [ view_filter ] --END-- [ RunTime:0.001716s ]
INFO: [ app_end ] --START--
INFO: Run Behavior\ShowPageTraceBehavior [ RunTime:0.001351s ]
INFO: [ app_end ] --END-- [ RunTime:0.001446s ]

[ 2016-06-27T15:35:24+08:00 ] ::1 /abc/hongyi/Fun/index.php/Home/Index/userLogin.html
INFO: [ app_init ] --START--
INFO: Run Behavior\BuildLiteBehavior [ RunTime:0.000022s ]
INFO: [ app_init ] --END-- [ RunTime:0.000779s ]
INFO: [ app_begin ] --START--
INFO: Run Behavior\ReadHtmlCacheBehavior [ RunTime:0.001297s ]
INFO: [ app_begin ] --END-- [ RunTime:0.001407s ]
NOTIC: [8192] mysql_connect(): The mysql extension is deprecated and will be removed in the future: use mysqli or PDO instead D:\wamp\www\abc\hongyi\Fun\ThinkPHP\Library\Think\Db\Driver\Mysql.class.php 第 52 行.
SQL: SHOW COLUMNS FROM `game_category` [ RunTime:0.010418s ]
SQL: SELECT * FROM `game_category` WHERE `status` = 1  [ RunTime:0.000274s ]
SQL: SHOW COLUMNS FROM `game_talk` [ RunTime:0.006658s ]
SQL: SELECT `name`,`content`,`upload_time` FROM `game_talk` INNER JOIN game_user ON game_talk.pid = game_user.user_id  WHERE `data_status` = 1 ORDER BY upload_time DESC LIMIT 4   [ RunTime:0.005217s ]
NOTIC: [8] Undefined index: id D:\wamp\www\abc\hongyi\Fun\Application\Home\Controller\BaseController.class.php 第 11 行.
SQL: SHOW COLUMNS FROM `game_user` [ RunTime:0.006475s ]
NOTIC: [8] Undefined index: id D:\wamp\www\abc\hongyi\Fun\Application\Home\Model\UserModel.class.php 第 6 行.
SQL: SELECT `name` FROM `game_user` WHERE `id` = null LIMIT 1   [ RunTime:0.011335s ]
NOTIC: [8] Undefined index: id D:\wamp\www\abc\hongyi\Fun\Application\Home\Controller\IndexController.class.php 第 10 行.
INFO: [ view_parse ] --START--
INFO: [ template_filter ] --START--
INFO: Run Behavior\ContentReplaceBehavior [ RunTime:0.000071s ]
INFO: [ template_filter ] --END-- [ RunTime:0.000178s ]
INFO: Run Behavior\ParseTemplateBehavior [ RunTime:0.039746s ]
INFO: [ view_parse ] --END-- [ RunTime:0.039869s ]
INFO: [ view_filter ] --START--
INFO: Run Behavior\WriteHtmlCacheBehavior [ RunTime:0.001149s ]
INFO: [ view_filter ] --END-- [ RunTime:0.001241s ]
INFO: [ app_end ] --START--
INFO: Run Behavior\ShowPageTraceBehavior [ RunTime:0.001197s ]
INFO: [ app_end ] --END-- [ RunTime:0.001291s ]

[ 2016-06-27T15:35:38+08:00 ] ::1 /abc/hongyi/Fun/index.php/Home/Index/login.html
INFO: [ app_init ] --START--
INFO: Run Behavior\BuildLiteBehavior [ RunTime:0.000024s ]
INFO: [ app_init ] --END-- [ RunTime:0.000742s ]
INFO: [ app_begin ] --START--
INFO: Run Behavior\ReadHtmlCacheBehavior [ RunTime:0.001218s ]
INFO: [ app_begin ] --END-- [ RunTime:0.001328s ]
NOTIC: [8192] mysql_connect(): The mysql extension is deprecated and will be removed in the future: use mysqli or PDO instead D:\wamp\www\abc\hongyi\Fun\ThinkPHP\Library\Think\Db\Driver\Mysql.class.php 第 52 行.
SQL: SHOW COLUMNS FROM `game_category` [ RunTime:0.006518s ]
SQL: SELECT * FROM `game_category` WHERE `status` = 1  [ RunTime:0.000350s ]
SQL: SHOW COLUMNS FROM `game_talk` [ RunTime:0.005824s ]
SQL: SELECT `name`,`content`,`upload_time` FROM `game_talk` INNER JOIN game_user ON game_talk.pid = game_user.user_id  WHERE `data_status` = 1 ORDER BY upload_time DESC LIMIT 4   [ RunTime:0.005891s ]
NOTIC: [8] Undefined index: id D:\wamp\www\abc\hongyi\Fun\Application\Home\Controller\BaseController.class.php 第 11 行.
SQL: SHOW COLUMNS FROM `game_user` [ RunTime:0.005707s ]
SQL: SELECT `id`,`status`,`user_id` FROM `game_user` WHERE `user_id` = 12345 AND `psw` = '12345' AND `status` <> 0 LIMIT 1   [ RunTime:0.000317s ]
INFO: [ view_parse ] --START--
INFO: [ template_filter ] --START--
INFO: Run Behavior\ContentReplaceBehavior [ RunTime:0.000060s ]
INFO: [ template_filter ] --END-- [ RunTime:0.000184s ]
INFO: Run Behavior\ParseTemplateBehavior [ RunTime:0.038312s ]
INFO: [ view_parse ] --END-- [ RunTime:0.038454s ]
INFO: [ view_filter ] --START--
INFO: Run Behavior\WriteHtmlCacheBehavior [ RunTime:0.001098s ]
INFO: [ view_filter ] --END-- [ RunTime:0.001197s ]
INFO: [ app_end ] --START--
INFO: Run Behavior\ShowPageTraceBehavior [ RunTime:0.001340s ]
INFO: [ app_end ] --END-- [ RunTime:0.001468s ]

[ 2016-06-27T15:35:39+08:00 ] ::1 /abc/hongyi/Fun/index.php/Home/Index/Index/index
INFO: [ app_init ] --START--
INFO: Run Behavior\BuildLiteBehavior [ RunTime:0.000026s ]
INFO: [ app_init ] --END-- [ RunTime:0.001375s ]
INFO: [ app_begin ] --START--
INFO: Run Behavior\ReadHtmlCacheBehavior [ RunTime:0.001228s ]
INFO: [ app_begin ] --END-- [ RunTime:0.001338s ]
NOTIC: [8192] mysql_connect(): The mysql extension is deprecated and will be removed in the future: use mysqli or PDO instead D:\wamp\www\abc\hongyi\Fun\ThinkPHP\Library\Think\Db\Driver\Mysql.class.php 第 52 行.
SQL: SHOW COLUMNS FROM `game_category` [ RunTime:0.006233s ]
SQL: SELECT * FROM `game_category` WHERE `status` = 1  [ RunTime:0.000248s ]
SQL: SHOW COLUMNS FROM `game_talk` [ RunTime:0.007017s ]
SQL: SELECT `name`,`content`,`upload_time` FROM `game_talk` INNER JOIN game_user ON game_talk.pid = game_user.user_id  WHERE `data_status` = 1 ORDER BY upload_time DESC LIMIT 4   [ RunTime:0.006281s ]
INFO: [ view_parse ] --START--
INFO: [ template_filter ] --START--
INFO: Run Behavior\ContentReplaceBehavior [ RunTime:0.000066s ]
INFO: [ template_filter ] --END-- [ RunTime:0.000186s ]
INFO: Run Behavior\ParseTemplateBehavior [ RunTime:0.072292s ]
INFO: [ view_parse ] --END-- [ RunTime:0.072406s ]
INFO: [ view_filter ] --START--
INFO: Run Behavior\WriteHtmlCacheBehavior [ RunTime:0.001063s ]
INFO: [ view_filter ] --END-- [ RunTime:0.001157s ]
INFO: [ app_end ] --START--
INFO: Run Behavior\ShowPageTraceBehavior [ RunTime:0.001209s ]
INFO: [ app_end ] --END-- [ RunTime:0.001305s ]

[ 2016-06-27T15:35:49+08:00 ] ::1 /abc/hongyi/Fun/index.php/Home/Index/game.html
INFO: [ app_init ] --START--
INFO: Run Behavior\BuildLiteBehavior [ RunTime:0.000024s ]
INFO: [ app_init ] --END-- [ RunTime:0.000782s ]
INFO: [ app_begin ] --START--
INFO: Run Behavior\ReadHtmlCacheBehavior [ RunTime:0.001197s ]
INFO: [ app_begin ] --END-- [ RunTime:0.001312s ]
NOTIC: [8192] mysql_connect(): The mysql extension is deprecated and will be removed in the future: use mysqli or PDO instead D:\wamp\www\abc\hongyi\Fun\ThinkPHP\Library\Think\Db\Driver\Mysql.class.php 第 52 行.
SQL: SHOW COLUMNS FROM `game_category` [ RunTime:0.007154s ]
SQL: SELECT * FROM `game_category` WHERE `status` = 1  [ RunTime:0.000289s ]
SQL: SHOW COLUMNS FROM `game_talk` [ RunTime:0.005723s ]
SQL: SELECT `name`,`content`,`upload_time` FROM `game_talk` INNER JOIN game_user ON game_talk.pid = game_user.user_id  WHERE `data_status` = 1 ORDER BY upload_time DESC LIMIT 4   [ RunTime:0.006793s ]
NOTIC: [8] Use of undefined constant sub - assumed 'sub' D:\wamp\www\abc\hongyi\Fun\Application\Home\Controller\IndexController.class.php 第 122 行.
NOTIC: [8] Undefined index: input D:\wamp\www\abc\hongyi\Fun\Application\Home\Controller\IndexController.class.php 第 156 行.
INFO: [ view_parse ] --START--
INFO: [ template_filter ] --START--
INFO: Run Behavior\ContentReplaceBehavior [ RunTime:0.000066s ]
INFO: [ template_filter ] --END-- [ RunTime:0.000193s ]
INFO: Run Behavior\ParseTemplateBehavior [ RunTime:0.033971s ]
INFO: [ view_parse ] --END-- [ RunTime:0.034088s ]
INFO: [ view_filter ] --START--
INFO: Run Behavior\WriteHtmlCacheBehavior [ RunTime:0.001163s ]
INFO: [ view_filter ] --END-- [ RunTime:0.001257s ]
INFO: [ app_end ] --START--
INFO: Run Behavior\ShowPageTraceBehavior [ RunTime:0.001210s ]
INFO: [ app_end ] --END-- [ RunTime:0.001309s ]

[ 2016-06-27T15:35:58+08:00 ] ::1 /abc/hongyi/Fun/index.php/Home/Index/game.html
INFO: [ app_init ] --START--
INFO: Run Behavior\BuildLiteBehavior [ RunTime:0.000025s ]
INFO: [ app_init ] --END-- [ RunTime:0.000825s ]
INFO: [ app_begin ] --START--
INFO: Run Behavior\ReadHtmlCacheBehavior [ RunTime:0.001427s ]
INFO: [ app_begin ] --END-- [ RunTime:0.001568s ]
NOTIC: [8192] mysql_connect(): The mysql extension is deprecated and will be removed in the future: use mysqli or PDO instead D:\wamp\www\abc\hongyi\Fun\ThinkPHP\Library\Think\Db\Driver\Mysql.class.php 第 52 行.
SQL: SHOW COLUMNS FROM `game_category` [ RunTime:0.045342s ]
SQL: SELECT * FROM `game_category` WHERE `status` = 1  [ RunTime:0.000253s ]
SQL: SHOW COLUMNS FROM `game_talk` [ RunTime:0.006167s ]
SQL: SELECT `name`,`content`,`upload_time` FROM `game_talk` INNER JOIN game_user ON game_talk.pid = game_user.user_id  WHERE `data_status` = 1 ORDER BY upload_time DESC LIMIT 4   [ RunTime:0.005218s ]
NOTIC: [8] Use of undefined constant sub - assumed 'sub' D:\wamp\www\abc\hongyi\Fun\Application\Home\Controller\IndexController.class.php 第 122 行.
INFO: [ view_parse ] --START--
INFO: [ template_filter ] --START--
INFO: Run Behavior\ContentReplaceBehavior [ RunTime:0.000067s ]
INFO: [ template_filter ] --END-- [ RunTime:0.000225s ]
INFO: Run Behavior\ParseTemplateBehavior [ RunTime:0.018214s ]
INFO: [ view_parse ] --END-- [ RunTime:0.018328s ]
INFO: [ view_filter ] --START--
INFO: Run Behavior\WriteHtmlCacheBehavior [ RunTime:0.001065s ]
INFO: [ view_filter ] --END-- [ RunTime:0.001161s ]
INFO: [ app_end ] --START--
INFO: Run Behavior\ShowPageTraceBehavior [ RunTime:0.001320s ]
INFO: [ app_end ] --END-- [ RunTime:0.001425s ]

[ 2016-06-27T15:36:01+08:00 ] ::1 /abc/hongyi/Fun/index.php/Home/Index/game.html
INFO: [ app_init ] --START--
INFO: Run Behavior\BuildLiteBehavior [ RunTime:0.000025s ]
INFO: [ app_init ] --END-- [ RunTime:0.000867s ]
INFO: [ app_begin ] --START--
INFO: Run Behavior\ReadHtmlCacheBehavior [ RunTime:0.001191s ]
INFO: [ app_begin ] --END-- [ RunTime:0.001306s ]
NOTIC: [8192] mysql_connect(): The mysql extension is deprecated and will be removed in the future: use mysqli or PDO instead D:\wamp\www\abc\hongyi\Fun\ThinkPHP\Library\Think\Db\Driver\Mysql.class.php 第 52 行.
SQL: SHOW COLUMNS FROM `game_category` [ RunTime:0.005851s ]
SQL: SELECT * FROM `game_category` WHERE `status` = 1  [ RunTime:0.000268s ]
SQL: SHOW COLUMNS FROM `game_talk` [ RunTime:0.006192s ]
SQL: SELECT `name`,`content`,`upload_time` FROM `game_talk` INNER JOIN game_user ON game_talk.pid = game_user.user_id  WHERE `data_status` = 1 ORDER BY upload_time DESC LIMIT 4   [ RunTime:0.005380s ]
NOTIC: [8] Use of undefined constant sub - assumed 'sub' D:\wamp\www\abc\hongyi\Fun\Application\Home\Controller\IndexController.class.php 第 122 行.
INFO: [ view_parse ] --START--
INFO: [ template_filter ] --START--
INFO: Run Behavior\ContentReplaceBehavior [ RunTime:0.000067s ]
INFO: [ template_filter ] --END-- [ RunTime:0.000202s ]
INFO: Run Behavior\ParseTemplateBehavior [ RunTime:0.017128s ]
INFO: [ view_parse ] --END-- [ RunTime:0.017259s ]
INFO: [ view_filter ] --START--
INFO: Run Behavior\WriteHtmlCacheBehavior [ RunTime:0.001074s ]
INFO: [ view_filter ] --END-- [ RunTime:0.001167s ]
INFO: [ app_end ] --START--
INFO: Run Behavior\ShowPageTraceBehavior [ RunTime:0.001211s ]
INFO: [ app_end ] --END-- [ RunTime:0.001305s ]

[ 2016-06-27T15:36:02+08:00 ] ::1 /abc/hongyi/Fun/index.php/Home/Index/game.html
INFO: [ app_init ] --START--
INFO: Run Behavior\BuildLiteBehavior [ RunTime:0.000038s ]
INFO: [ app_init ] --END-- [ RunTime:0.000819s ]
INFO: [ app_begin ] --START--
INFO: Run Behavior\ReadHtmlCacheBehavior [ RunTime:0.001863s ]
INFO: [ app_begin ] --END-- [ RunTime:0.002027s ]
NOTIC: [8192] mysql_connect(): The mysql extension is deprecated and will be removed in the future: use mysqli or PDO instead D:\wamp\www\abc\hongyi\Fun\ThinkPHP\Library\Think\Db\Driver\Mysql.class.php 第 52 行.
SQL: SHOW COLUMNS FROM `game_category` [ RunTime:0.005993s ]
SQL: SELECT * FROM `game_category` WHERE `status` = 1  [ RunTime:0.000253s ]
SQL: SHOW COLUMNS FROM `game_talk` [ RunTime:0.006727s ]
SQL: SELECT `name`,`content`,`upload_time` FROM `game_talk` INNER JOIN game_user ON game_talk.pid = game_user.user_id  WHERE `data_status` = 1 ORDER BY upload_time DESC LIMIT 4   [ RunTime:0.005500s ]
NOTIC: [8] Use of undefined constant sub - assumed 'sub' D:\wamp\www\abc\hongyi\Fun\Application\Home\Controller\IndexController.class.php 第 122 行.
INFO: [ view_parse ] --START--
INFO: [ template_filter ] --START--
INFO: Run Behavior\ContentReplaceBehavior [ RunTime:0.000066s ]
INFO: [ template_filter ] --END-- [ RunTime:0.000185s ]
INFO: Run Behavior\ParseTemplateBehavior [ RunTime:0.016232s ]
INFO: [ view_parse ] --END-- [ RunTime:0.016393s ]
INFO: [ view_filter ] --START--
INFO: Run Behavior\WriteHtmlCacheBehavior [ RunTime:0.001147s ]
INFO: [ view_filter ] --END-- [ RunTime:0.001278s ]
INFO: [ app_end ] --START--
INFO: Run Behavior\ShowPageTraceBehavior [ RunTime:0.001239s ]
INFO: [ app_end ] --END-- [ RunTime:0.001338s ]

[ 2016-06-27T15:36:19+08:00 ] ::1 /abc/hongyi/Fun/index.php/Home/Index/game.html
INFO: [ app_init ] --START--
INFO: Run Behavior\BuildLiteBehavior [ RunTime:0.000025s ]
INFO: [ app_init ] --END-- [ RunTime:0.000851s ]
INFO: [ app_begin ] --START--
INFO: Run Behavior\ReadHtmlCacheBehavior [ RunTime:0.001709s ]
INFO: [ app_begin ] --END-- [ RunTime:0.001888s ]
NOTIC: [8192] mysql_connect(): The mysql extension is deprecated and will be removed in the future: use mysqli or PDO instead D:\wamp\www\abc\hongyi\Fun\ThinkPHP\Library\Think\Db\Driver\Mysql.class.php 第 52 行.
SQL: SHOW COLUMNS FROM `game_category` [ RunTime:0.006527s ]
SQL: SELECT * FROM `game_category` WHERE `status` = 1  [ RunTime:0.000255s ]
SQL: SHOW COLUMNS FROM `game_talk` [ RunTime:0.007910s ]
SQL: SELECT `name`,`content`,`upload_time` FROM `game_talk` INNER JOIN game_user ON game_talk.pid = game_user.user_id  WHERE `data_status` = 1 ORDER BY upload_time DESC LIMIT 4   [ RunTime:0.005623s ]
NOTIC: [8] Use of undefined constant sub - assumed 'sub' D:\wamp\www\abc\hongyi\Fun\Application\Home\Controller\IndexController.class.php 第 122 行.
INFO: [ view_parse ] --START--
INFO: [ template_filter ] --START--
INFO: Run Behavior\ContentReplaceBehavior [ RunTime:0.000069s ]
INFO: [ template_filter ] --END-- [ RunTime:0.000213s ]
INFO: Run Behavior\ParseTemplateBehavior [ RunTime:0.017793s ]
INFO: [ view_parse ] --END-- [ RunTime:0.017906s ]
INFO: [ view_filter ] --START--
INFO: Run Behavior\WriteHtmlCacheBehavior [ RunTime:0.001095s ]
INFO: [ view_filter ] --END-- [ RunTime:0.001191s ]
INFO: [ app_end ] --START--
INFO: Run Behavior\ShowPageTraceBehavior [ RunTime:0.001231s ]
INFO: [ app_end ] --END-- [ RunTime:0.001332s ]

[ 2016-06-27T15:36:22+08:00 ] ::1 /abc/hongyi/Fun/index.php/Home/Index/logout.html
INFO: [ app_init ] --START--
INFO: Run Behavior\BuildLiteBehavior [ RunTime:0.000024s ]
INFO: [ app_init ] --END-- [ RunTime:0.000926s ]
INFO: [ app_begin ] --START--
INFO: Run Behavior\ReadHtmlCacheBehavior [ RunTime:0.001809s ]
INFO: [ app_begin ] --END-- [ RunTime:0.001914s ]
NOTIC: [8192] mysql_connect(): The mysql extension is deprecated and will be removed in the future: use mysqli or PDO instead D:\wamp\www\abc\hongyi\Fun\ThinkPHP\Library\Think\Db\Driver\Mysql.class.php 第 52 行.
SQL: SHOW COLUMNS FROM `game_category` [ RunTime:0.006425s ]
SQL: SELECT * FROM `game_category` WHERE `status` = 1  [ RunTime:0.000255s ]
SQL: SHOW COLUMNS FROM `game_talk` [ RunTime:0.006090s ]
SQL: SELECT `name`,`content`,`upload_time` FROM `game_talk` INNER JOIN game_user ON game_talk.pid = game_user.user_id  WHERE `data_status` = 1 ORDER BY upload_time DESC LIMIT 4   [ RunTime:0.005619s ]
INFO: [ view_parse ] --START--
INFO: [ template_filter ] --START--
INFO: Run Behavior\ContentReplaceBehavior [ RunTime:0.000060s ]
INFO: [ template_filter ] --END-- [ RunTime:0.000170s ]
INFO: Run Behavior\ParseTemplateBehavior [ RunTime:0.010060s ]
INFO: [ view_parse ] --END-- [ RunTime:0.010190s ]
INFO: [ view_filter ] --START--
INFO: Run Behavior\WriteHtmlCacheBehavior [ RunTime:0.001138s ]
INFO: [ view_filter ] --END-- [ RunTime:0.001233s ]
INFO: [ app_end ] --START--
INFO: Run Behavior\ShowPageTraceBehavior [ RunTime:0.001275s ]
INFO: [ app_end ] --END-- [ RunTime:0.001371s ]

[ 2016-06-27T15:36:23+08:00 ] ::1 /abc/hongyi/Fun/index.php/Home/Index/Index/index
INFO: [ app_init ] --START--
INFO: Run Behavior\BuildLiteBehavior [ RunTime:0.000028s ]
INFO: [ app_init ] --END-- [ RunTime:0.000803s ]
INFO: [ app_begin ] --START--
INFO: Run Behavior\ReadHtmlCacheBehavior [ RunTime:0.001285s ]
INFO: [ app_begin ] --END-- [ RunTime:0.001436s ]
NOTIC: [8192] mysql_connect(): The mysql extension is deprecated and will be removed in the future: use mysqli or PDO instead D:\wamp\www\abc\hongyi\Fun\ThinkPHP\Library\Think\Db\Driver\Mysql.class.php 第 52 行.
SQL: SHOW COLUMNS FROM `game_category` [ RunTime:0.006689s ]
SQL: SELECT * FROM `game_category` WHERE `status` = 1  [ RunTime:0.000249s ]
SQL: SHOW COLUMNS FROM `game_talk` [ RunTime:0.006949s ]
SQL: SELECT `name`,`content`,`upload_time` FROM `game_talk` INNER JOIN game_user ON game_talk.pid = game_user.user_id  WHERE `data_status` = 1 ORDER BY upload_time DESC LIMIT 4   [ RunTime:0.004978s ]
NOTIC: [8] Undefined index: id D:\wamp\www\abc\hongyi\Fun\Application\Home\Controller\BaseController.class.php 第 11 行.
INFO: [ view_parse ] --START--
INFO: [ template_filter ] --START--
INFO: Run Behavior\ContentReplaceBehavior [ RunTime:0.000072s ]
INFO: [ template_filter ] --END-- [ RunTime:0.000188s ]
INFO: Run Behavior\ParseTemplateBehavior [ RunTime:0.017752s ]
INFO: [ view_parse ] --END-- [ RunTime:0.017871s ]
INFO: [ view_filter ] --START--
INFO: Run Behavior\WriteHtmlCacheBehavior [ RunTime:0.001120s ]
INFO: [ view_filter ] --END-- [ RunTime:0.001216s ]
INFO: [ app_end ] --START--
INFO: Run Behavior\ShowPageTraceBehavior [ RunTime:0.001239s ]
INFO: [ app_end ] --END-- [ RunTime:0.001353s ]

